{"timestamp":"2025-01-24T13:57:23,767","container":"67310776391b","level":"INFO","thread":"main","class":"Besu","message":"Starting Besu","throwable":""}
{"timestamp":"2025-01-24T13:57:29,460","container":"67310776391b","level":"WARN","thread":"main","class":"Besu","message":"--min-gas-price has been ignored because --miner-enabled was not defined on the command line.","throwable":""}
{"timestamp":"2025-01-24T13:57:34,865","container":"67310776391b","level":"INFO","thread":"main","class":"Besu","message":"
####################################################################################################
#                                                                                                  #
# Besu version 23.4.1                                                                              #
#                                                                                                  #
# Configuration:                                                                                   #
# Network: Custom genesis file specified                                                           #
# Network Id: 1337                                                                                 #
# Data storage: Forest                                                                             #
# Sync mode: Full                                                                                  #
# RPC HTTP APIs: EEA,WEB3,ETH,NET,TRACE,DEBUG,ADMIN,TXPOOL,PRIV,PERM,QBFT                          #
# RPC HTTP port: 8545                                                                              #
#                                                                                                  #
# Host:                                                                                            #
# Java: openjdk-java-17                                                                            #
# Maximum heap size: 1.85 GB                                                                       #
# OS: linux-x86_64                                                                                 #
# glibc: 2.35                                                                                      #
# jemalloc: 5.2.1-0-gea6b3e973b477b8061e0076bb257dbd7f3faa756                                      #
# Total memory: 7.40 GB                                                                            #
# CPU cores: 8                                                                                     #
#                                                                                                  #
####################################################################################################","throwable":""}
{"timestamp":"2025-01-24T13:57:34,867","container":"67310776391b","level":"INFO","thread":"main","class":"Besu","message":"Connecting to 8 static nodes.","throwable":""}
{"timestamp":"2025-01-24T13:57:34,869","container":"67310776391b","level":"INFO","thread":"main","class":"Besu","message":"Security Module: localfile","throwable":""}
{"timestamp":"2025-01-24T13:57:35,359","container":"67310776391b","level":"INFO","thread":"main","class":"Besu","message":"Using the native implementation of alt bn128","throwable":""}
{"timestamp":"2025-01-24T13:57:35,770","container":"67310776391b","level":"INFO","thread":"main","class":"Besu","message":"Using the native implementation of modexp","throwable":""}
{"timestamp":"2025-01-24T13:57:35,791","container":"67310776391b","level":"INFO","thread":"main","class":"Besu","message":"Using the native implementation of the signature algorithm","throwable":""}
{"timestamp":"2025-01-24T13:57:35,893","container":"67310776391b","level":"INFO","thread":"main","class":"Besu","message":"Using the native implementation of the blake2bf algorithm","throwable":""}
{"timestamp":"2025-01-24T13:57:35,983","container":"67310776391b","level":"INFO","thread":"main","class":"RocksDBKeyValueStorageFactory","message":"No existing database detected at /opt/besu/data. Using version 1","throwable":""}
{"timestamp":"2025-01-24T13:57:46,096","container":"67310776391b","level":"INFO","thread":"main","class":"KeyPairUtil","message":"Loaded public key 0xad2c79c6561bc8212c2e8382611c62e406e767d1f3106c68ca206900f575cb8ba9a8be111c645cd9803701d684454c782c40d2361b000a32ed03d26228b30ec1 from /opt/besu/keys/nodekey","throwable":""}
{"timestamp":"2025-01-24T13:57:46,355","container":"67310776391b","level":"INFO","thread":"main","class":"RocksDBKeyValuePrivacyStorageFactory","message":"No existing private database detected at /opt/besu/data. Using version 1","throwable":""}
{"timestamp":"2025-01-24T13:57:51,681","container":"67310776391b","level":"INFO","thread":"main","class":"ProtocolScheduleBuilder","message":"Protocol schedule created with milestones: [GrayGlacier: 0]","throwable":""}
{"timestamp":"2025-01-24T13:57:55,440","container":"67310776391b","level":"INFO","thread":"main","class":"TransactionPoolFactory","message":"Enabling transaction pool","throwable":""}
{"timestamp":"2025-01-24T13:57:55,596","container":"67310776391b","level":"INFO","thread":"main","class":"BesuControllerBuilder","message":"TTD difficulty is not present, creating initial sync phase for PoW","throwable":""}
{"timestamp":"2025-01-24T13:57:56,854","container":"67310776391b","level":"INFO","thread":"main","class":"RunnerBuilder","message":"Detecting NAT service.","throwable":""}
{"timestamp":"2025-01-24T13:58:05,399","container":"67310776391b","level":"INFO","thread":"main","class":"Runner","message":"Starting external services ... ","throwable":""}
{"timestamp":"2025-01-24T13:58:05,411","container":"67310776391b","level":"INFO","thread":"main","class":"MetricsHttpService","message":"Starting metrics http service on 0.0.0.0:9545","throwable":""}
{"timestamp":"2025-01-24T13:58:06,735","container":"67310776391b","level":"INFO","thread":"main","class":"JsonRpcHttpService","message":"Starting JSON-RPC service on 0.0.0.0:8545","throwable":""}
{"timestamp":"2025-01-24T13:58:06,733","container":"67310776391b","level":"INFO","thread":"vert.x-eventloop-thread-2","class":"MetricsHttpService","message":"Metrics service started and listening on 0.0.0.0:9545","throwable":""}
{"timestamp":"2025-01-24T13:58:06,939","container":"67310776391b","level":"INFO","thread":"vert.x-eventloop-thread-2","class":"JsonRpcHttpService","message":"JSON-RPC service started and listening on 0.0.0.0:8545","throwable":""}
{"timestamp":"2025-01-24T13:58:06,942","container":"67310776391b","level":"INFO","thread":"main","class":"GraphQLHttpService","message":"Starting GraphQL HTTP service on 0.0.0.0:8547","throwable":""}
{"timestamp":"2025-01-24T13:58:06,984","container":"67310776391b","level":"INFO","thread":"vert.x-eventloop-thread-2","class":"GraphQLHttpService","message":"GraphQL HTTP service started and listening on 0.0.0.0:8547","throwable":""}
{"timestamp":"2025-01-24T13:58:06,985","container":"67310776391b","level":"INFO","thread":"main","class":"WebSocketService","message":"Starting Websocket service on 0.0.0.0:8546","throwable":""}
{"timestamp":"2025-01-24T13:58:07,007","container":"67310776391b","level":"INFO","thread":"vert.x-eventloop-thread-2","class":"WebSocketService","message":"Websocket service started and listening on 0.0.0.0:8546","throwable":""}
{"timestamp":"2025-01-24T13:58:07,019","container":"67310776391b","level":"INFO","thread":"main","class":"AutoTransactionLogBloomCachingService","message":"Starting auto transaction log bloom caching service.","throwable":""}
{"timestamp":"2025-01-24T13:58:07,037","container":"67310776391b","level":"INFO","thread":"main","class":"LogBloomCacheMetadata","message":"Lookup cache metadata file in data directory: /opt/besu/data/caches","throwable":""}
{"timestamp":"2025-01-24T13:58:07,271","container":"67310776391b","level":"INFO","thread":"main","class":"Runner","message":"Starting Ethereum main loop ... ","throwable":""}
{"timestamp":"2025-01-24T13:58:07,273","container":"67310776391b","level":"INFO","thread":"main","class":"DockerNatManager","message":"Starting docker NAT manager.","throwable":""}
{"timestamp":"2025-01-24T13:58:11,143","container":"67310776391b","level":"INFO","thread":"main","class":"NetworkRunner","message":"Starting Network.","throwable":""}
{"timestamp":"2025-01-24T13:58:11,501","container":"67310776391b","level":"INFO","thread":"nioEventLoopGroup-2-1","class":"RlpxAgent","message":"P2P RLPx agent started and listening on /[0:0:0:0:0:0:0:0]:30303.","throwable":""}
{"timestamp":"2025-01-24T13:58:11,526","container":"67310776391b","level":"INFO","thread":"main","class":"PeerDiscoveryAgent","message":"Starting peer discovery agent on host=0.0.0.0, port=30303","throwable":""}
{"timestamp":"2025-01-24T13:58:11,826","container":"67310776391b","level":"INFO","thread":"vert.x-eventloop-thread-2","class":"VertxPeerDiscoveryAgent","message":"Started peer discovery agent successfully, on effective host=0:0:0:0:0:0:0:0%0 and port=30303","throwable":""}
{"timestamp":"2025-01-24T13:58:11,976","container":"67310776391b","level":"INFO","thread":"vert.x-eventloop-thread-2","class":"PeerDiscoveryAgent","message":"P2P peer discovery agent started and listening on /[0:0:0:0:0:0:0:0%0]:30303","throwable":""}
{"timestamp":"2025-01-24T13:58:12,654","container":"67310776391b","level":"INFO","thread":"vert.x-eventloop-thread-2","class":"PeerDiscoveryAgent","message":"Writing node record to disk. NodeRecord{seq=1, publicKey=0x03ad2c79c6561bc8212c2e8382611c62e406e767d1f3106c68ca206900f575cb8b, udpAddress=Optional[/172.16.239.17:30303], tcpAddress=Optional[/172.16.239.17:30303], asBase64=-Je4QAxfNXFRtnLEsMRA4bY0Ht9yH1B1CiN_5AITXC5sET-5c4WY3cS028v3jDZEG6lHq1TZUKPYyPx8XqgptaZmG44Bg2V0aMfGhMw13_-AgmlkgnY0gmlwhKwQ7xGJc2VjcDI1NmsxoQOtLHnGVhvIISwug4JhHGLkBudn0fMQbGjKIGkA9XXLi4N0Y3CCdl-DdWRwgnZf, nodeId=0x77e699b8a5282fa3837e39b3e090a28b8a9d0a69ec259cb745036d5d1030e3ea, customFields={tcp=30303, udp=30303, ip=0xac10ef11, eth=[[0xcc35dfff, 0x]], id=V4, secp256k1=0x03ad2c79c6561bc8212c2e8382611c62e406e767d1f3106c68ca206900f575cb8b}}","throwable":""}
{"timestamp":"2025-01-24T13:58:13,172","container":"67310776391b","level":"INFO","thread":"main","class":"DefaultP2PNetwork","message":"Enode URL enode://ad2c79c6561bc8212c2e8382611c62e406e767d1f3106c68ca206900f575cb8ba9a8be111c645cd9803701d684454c782c40d2361b000a32ed03d26228b30ec1@172.16.239.17:30303","throwable":""}
{"timestamp":"2025-01-24T13:58:13,181","container":"67310776391b","level":"INFO","thread":"main","class":"DefaultP2PNetwork","message":"Node address 0xe090a28b8a9d0a69ec259cb745036d5d1030e3ea","throwable":""}
{"timestamp":"2025-01-24T13:58:13,525","container":"67310776391b","level":"INFO","thread":"main","class":"NetworkRunner","message":"Supported capabilities: [eth/62, eth/63, eth/64, eth/65, eth/66, eth/67, eth/68], [istanbul/100], [snap/1]","throwable":""}
{"timestamp":"2025-01-24T13:58:13,555","container":"67310776391b","level":"INFO","thread":"main","class":"DefaultSynchronizer","message":"Starting synchronizer.","throwable":""}
{"timestamp":"2025-01-24T13:58:13,614","container":"67310776391b","level":"INFO","thread":"main","class":"TransactionPoolFactory","message":"Enabling transaction handling following initial sync","throwable":""}
{"timestamp":"2025-01-24T13:58:13,692","container":"67310776391b","level":"INFO","thread":"main","class":"FullSyncDownloader","message":"Starting full sync.","throwable":""}
{"timestamp":"2025-01-24T13:58:13,706","container":"67310776391b","level":"INFO","thread":"main","class":"FullSyncTargetManager","message":"Unable to find sync target. Currently checking 0 peers for usefulness","throwable":""}
{"timestamp":"2025-01-24T13:58:14,572","container":"67310776391b","level":"INFO","thread":"main","class":"Runner","message":"Ethereum main loop is up.","throwable":""}
{"timestamp":"2025-01-24T13:58:17,556","container":"67310776391b","level":"INFO","thread":"nioEventLoopGroup-3-7","class":"FullSyncTargetManager","message":"Unable to find sync target. Currently checking 2 peers for usefulness","throwable":""}
{"timestamp":"2025-01-24T13:58:18,901","container":"67310776391b","level":"INFO","thread":"nioEventLoopGroup-3-6","class":"FullSyncTargetManager","message":"Unable to find sync target. Currently checking 4 peers for usefulness","throwable":""}
{"timestamp":"2025-01-24T13:58:21,693","container":"67310776391b","level":"INFO","thread":"nioEventLoopGroup-3-3","class":"FullSyncTargetManager","message":"Unable to find sync target. Currently checking 5 peers for usefulness","throwable":""}
{"timestamp":"2025-01-24T13:58:22,307","container":"67310776391b","level":"INFO","thread":"nioEventLoopGroup-3-3","class":"FullSyncTargetManager","message":"Unable to find sync target. Currently checking 6 peers for usefulness","throwable":""}
{"timestamp":"2025-01-24T13:58:26,123","container":"67310776391b","level":"INFO","thread":"nioEventLoopGroup-3-4","class":"FullSyncTargetManager","message":"Unable to find sync target. Currently checking 7 peers for usefulness","throwable":""}
{"timestamp":"2025-01-24T13:58:31,226","container":"67310776391b","level":"INFO","thread":"EthScheduler-Timer-0","class":"FullSyncTargetManager","message":"Unable to find sync target. Currently checking 7 peers for usefulness","throwable":""}
{"timestamp":"2025-01-24T13:58:35,580","container":"67310776391b","level":"INFO","thread":"EthScheduler-Workers-0","class":"PersistBlockTask","message":"Imported #1 / 0 tx / 0 om / 0 (0.0%) gas / (0x630f6d650721e62bd82d2a7eceb12a858a2d6aedf8d5c84d5173289d724005ca) in 0.554s. Peers: 7","throwable":""}
{"timestamp":"2025-01-24T13:58:36,244","container":"67310776391b","level":"INFO","thread":"EthScheduler-Timer-0","class":"FullSyncTargetManager","message":"Unable to find sync target. Currently checking 7 peers for usefulness","throwable":""}
{"timestamp":"2025-01-24T13:58:38,725","container":"67310776391b","level":"INFO","thread":"EthScheduler-Workers-0","class":"PersistBlockTask","message":"Imported #2 / 0 tx / 0 om / 0 (0.0%) gas / (0x5ac3748a9d87f3829017514f55ffdddb3e7c61f9ef07f4ac2f85d42bfcae1e1b) in 0.061s. Peers: 7","throwable":""}
{"timestamp":"2025-01-24T13:58:43,768","container":"67310776391b","level":"INFO","thread":"EthScheduler-Workers-0","class":"PersistBlockTask","message":"Imported #3 / 0 tx / 0 om / 0 (0.0%) gas / (0x42555205f804747c3b369dbdfc3ff1f8a32ac760dd238a3f6e5a0f9cc4647cd7) in 0.029s. Peers: 7","throwable":""}
{"timestamp":"2025-01-24T13:58:48,386","container":"67310776391b","level":"INFO","thread":"EthScheduler-Workers-0","class":"PersistBlockTask","message":"Imported #4 / 0 tx / 0 om / 0 (0.0%) gas / (0x7abc0ee5cad44aa4682959050c95428e911b800ff9a1afdee475138e8317bc00) in 0.051s. Peers: 7","throwable":""}
{"timestamp":"2025-01-24T13:58:53,361","container":"67310776391b","level":"INFO","thread":"EthScheduler-Workers-0","class":"PersistBlockTask","message":"Imported #5 / 0 tx / 0 om / 0 (0.0%) gas / (0x7e86a4a250cb17c41062821bfd408da595fb5338be5c55be2656b454ac006837) in 0.090s. Peers: 7","throwable":""}
{"timestamp":"2025-01-24T13:58:58,370","container":"67310776391b","level":"INFO","thread":"EthScheduler-Workers-0","class":"PersistBlockTask","message":"Imported #6 / 0 tx / 0 om / 0 (0.0%) gas / (0x2d89c12c3610039dab8da7c8c3eadf9bc808bf0541d9e9193d916298271f721e) in 0.032s. Peers: 7","throwable":""}
{"timestamp":"2025-01-24T13:59:03,338","container":"67310776391b","level":"INFO","thread":"EthScheduler-Workers-0","class":"PersistBlockTask","message":"Imported #7 / 0 tx / 0 om / 0 (0.0%) gas / (0x1ccc3532b63491aff9631cc10f923792001c9f9ecfdd3c175d7322114438183f) in 0.068s. Peers: 7","throwable":""}
{"timestamp":"2025-01-24T13:59:08,155","container":"67310776391b","level":"INFO","thread":"EthScheduler-Workers-0","class":"PersistBlockTask","message":"Imported #8 / 0 tx / 0 om / 0 (0.0%) gas / (0x57409db9f0d095c91906b9260d7306edf878c29d48eed075d3572bf243028fd9) in 0.015s. Peers: 7","throwable":""}
{"timestamp":"2025-01-24T13:59:13,648","container":"67310776391b","level":"INFO","thread":"EthScheduler-Workers-0","class":"PersistBlockTask","message":"Imported #9 / 0 tx / 0 om / 0 (0.0%) gas / (0x325e1328d8b1d87ae2bbf37bc036456ca75601c88375af3ba2780e6c8cf84762) in 0.200s. Peers: 7","throwable":""}
{"timestamp":"2025-01-24T13:59:18,282","container":"67310776391b","level":"INFO","thread":"EthScheduler-Workers-0","class":"PersistBlockTask","message":"Imported #10 / 0 tx / 0 om / 0 (0.0%) gas / (0x4f041efacebb9f8f0e8532169d61e246b9d35c16ea14235d0203650f2ff93a60) in 0.015s. Peers: 7","throwable":""}
{"timestamp":"2025-01-24T13:59:23,267","container":"67310776391b","level":"INFO","thread":"EthScheduler-Workers-0","class":"PersistBlockTask","message":"Imported #11 / 0 tx / 0 om / 0 (0.0%) gas / (0x5f56943686da839c261d0415775a1c78f85b60fddee052aa1cd057d83e5ec451) in 0.056s. Peers: 7","throwable":""}
{"timestamp":"2025-01-24T13:59:28,311","container":"67310776391b","level":"INFO","thread":"EthScheduler-Workers-0","class":"PersistBlockTask","message":"Imported #12 / 0 tx / 0 om / 0 (0.0%) gas / (0xc4f156a36ee39f48c85697361a733e73ddb6915f417b5e3c1cf0eeb3847b8fdb) in 0.040s. Peers: 7","throwable":""}
{"timestamp":"2025-01-24T13:59:33,504","container":"67310776391b","level":"INFO","thread":"EthScheduler-Workers-0","class":"PersistBlockTask","message":"Imported #13 / 0 tx / 0 om / 0 (0.0%) gas / (0xd8bdf002aa569342f8a1eb6790de00b4e8417b7d1b1123ba0764acd330ea1045) in 0.073s. Peers: 7","throwable":""}
{"timestamp":"2025-01-24T13:59:38,428","container":"67310776391b","level":"INFO","thread":"EthScheduler-Workers-0","class":"PersistBlockTask","message":"Imported #14 / 0 tx / 0 om / 0 (0.0%) gas / (0xbc7e43de730df5c4dd23b6c64e499ebb3516bf61887b45dbe51b3a1eb0d4b685) in 0.116s. Peers: 7","throwable":""}
{"timestamp":"2025-01-24T13:59:43,282","container":"67310776391b","level":"INFO","thread":"EthScheduler-Workers-0","class":"PersistBlockTask","message":"Imported #15 / 0 tx / 0 om / 0 (0.0%) gas / (0x736f7523ec223924eaf38d570c3290c08868bb6c4120fba7e47f1cc87c3e9921) in 0.048s. Peers: 7","throwable":""}
{"timestamp":"2025-01-24T13:59:48,530","container":"67310776391b","level":"INFO","thread":"EthScheduler-Workers-0","class":"PersistBlockTask","message":"Imported #16 / 0 tx / 0 om / 0 (0.0%) gas / (0x2df3f1d18c2944697a646c0fc13250bac8db94c3acbc00d93e9e3d30f1af2ecf) in 0.055s. Peers: 7","throwable":""}
{"timestamp":"2025-01-24T13:59:53,379","container":"67310776391b","level":"INFO","thread":"EthScheduler-Workers-0","class":"PersistBlockTask","message":"Imported #17 / 0 tx / 0 om / 0 (0.0%) gas / (0xba072cf92b4e621f609b88120db6a65cdd53b743ad047fb6cb895aa2522dda10) in 0.081s. Peers: 7","throwable":""}
{"timestamp":"2025-01-24T13:59:58,107","container":"67310776391b","level":"INFO","thread":"EthScheduler-Workers-0","class":"PersistBlockTask","message":"Imported #18 / 0 tx / 0 om / 0 (0.0%) gas / (0x69cefe3e20eb8d78c8f121d0c68ed46327557d1d152ba18a50e5c43f34427a29) in 0.024s. Peers: 7","throwable":""}
{"timestamp":"2025-01-24T14:00:03,202","container":"67310776391b","level":"INFO","thread":"EthScheduler-Workers-0","class":"PersistBlockTask","message":"Imported #19 / 0 tx / 0 om / 0 (0.0%) gas / (0xdf352453077942be5973c4892c524b17b9728245518a316f5b9b5222e34b9b3f) in 0.036s. Peers: 7","throwable":""}
{"timestamp":"2025-01-24T14:00:08,994","container":"67310776391b","level":"INFO","thread":"EthScheduler-Workers-0","class":"PersistBlockTask","message":"Imported #20 / 0 tx / 0 om / 0 (0.0%) gas / (0x5314b7bf7315d065c56b217776db418afbe494337e7afbe8fccb42625ae55804) in 0.126s. Peers: 7","throwable":""}
{"timestamp":"2025-01-24T14:00:13,371","container":"67310776391b","level":"INFO","thread":"EthScheduler-Workers-0","class":"PersistBlockTask","message":"Imported #21 / 0 tx / 0 om / 0 (0.0%) gas / (0x5386e171d77da5a09dbeb4726230dab688a2d2637dd91c2bb5d4b85effa61ec3) in 0.101s. Peers: 7","throwable":""}
{"timestamp":"2025-01-24T14:00:18,126","container":"67310776391b","level":"INFO","thread":"EthScheduler-Workers-0","class":"PersistBlockTask","message":"Imported #22 / 0 tx / 0 om / 0 (0.0%) gas / (0x0a49022256362ec9742e052ad511f0c28cab2e7ca9c76990d55f9d459e9dc3ce) in 0.039s. Peers: 7","throwable":""}
{"timestamp":"2025-01-24T14:00:23,260","container":"67310776391b","level":"INFO","thread":"EthScheduler-Workers-0","class":"PersistBlockTask","message":"Imported #23 / 0 tx / 0 om / 0 (0.0%) gas / (0x756f3178bc0c2c96db5cb46c9bde3204656b043efee9d2820cc4d3269156aa1a) in 0.028s. Peers: 7","throwable":""}
{"timestamp":"2025-01-24T14:00:28,102","container":"67310776391b","level":"INFO","thread":"EthScheduler-Workers-0","class":"PersistBlockTask","message":"Imported #24 / 0 tx / 0 om / 0 (0.0%) gas / (0x63a00b16ae49ec67d0af28b4cb02bf37cac89339aebc9ae8fe4ff85fa3e8da77) in 0.023s. Peers: 7","throwable":""}
{"timestamp":"2025-01-24T14:00:33,131","container":"67310776391b","level":"INFO","thread":"EthScheduler-Workers-0","class":"PersistBlockTask","message":"Imported #25 / 0 tx / 0 om / 0 (0.0%) gas / (0x07e732142b098e26f27ebf65a51aeae5e1b8d2822816fb2904971c43c480c55a) in 0.045s. Peers: 7","throwable":""}
{"timestamp":"2025-01-24T14:00:38,168","container":"67310776391b","level":"INFO","thread":"EthScheduler-Workers-0","class":"PersistBlockTask","message":"Imported #26 / 0 tx / 0 om / 0 (0.0%) gas / (0x677424ee0085ca79194ec118c8f4ec767255497b6e7792e7e3f42e624cd98b44) in 0.029s. Peers: 7","throwable":""}
{"timestamp":"2025-01-24T14:00:43,156","container":"67310776391b","level":"INFO","thread":"EthScheduler-Workers-0","class":"PersistBlockTask","message":"Imported #27 / 0 tx / 0 om / 0 (0.0%) gas / (0xf743e80be49ada4aabc201f0f275a56bdbd7f1130844af60b9b528b605845d7d) in 0.023s. Peers: 7","throwable":""}
{"timestamp":"2025-01-24T14:00:48,137","container":"67310776391b","level":"INFO","thread":"EthScheduler-Workers-0","class":"PersistBlockTask","message":"Imported #28 / 0 tx / 0 om / 0 (0.0%) gas / (0x52f60cd0968ce2f5d02cb9820f78fce7a183cb04e658dd273a615a0cfb344b09) in 0.051s. Peers: 7","throwable":""}
{"timestamp":"2025-01-24T14:00:53,161","container":"67310776391b","level":"INFO","thread":"EthScheduler-Workers-0","class":"PersistBlockTask","message":"Imported #29 / 0 tx / 0 om / 0 (0.0%) gas / (0x4eb10a2352c65a73673804c11966dc209ea4151c54d4d421ebf8e5978e4abfa4) in 0.038s. Peers: 7","throwable":""}
{"timestamp":"2025-01-24T14:00:58,674","container":"67310776391b","level":"INFO","thread":"EthScheduler-Workers-0","class":"PersistBlockTask","message":"Imported #30 / 0 tx / 0 om / 0 (0.0%) gas / (0x4c3b363ce12993a4498947fd13877eb91bcc2e6562fe7a4e61e3ecd9cdeec4b5) in 0.129s. Peers: 7","throwable":""}
{"timestamp":"2025-01-24T14:01:04,350","container":"67310776391b","level":"INFO","thread":"EthScheduler-Workers-0","class":"PersistBlockTask","message":"Imported #31 / 0 tx / 0 om / 0 (0.0%) gas / (0x08106eed18d354c3f4348792f24e9088d7116a9729a6a2b2dce81c9927fad1da) in 0.267s. Peers: 7","throwable":""}
{"timestamp":"2025-01-24T14:01:30,384","container":"67310776391b","level":"INFO","thread":"EthScheduler-Workers-0","class":"PersistBlockTask","message":"Imported #32 / 0 tx / 0 om / 0 (0.0%) gas / (0xf4d3a6932bc45a10e315480a844841091cb4d419e451eb8b4e1ae265cdb98b17) in 12.980s. Peers: 7","throwable":""}
{"timestamp":"2025-01-24T14:01:47,729","container":"67310776391b","level":"INFO","thread":"EthScheduler-Workers-0","class":"PersistBlockTask","message":"Imported #33 / 0 tx / 0 om / 0 (0.0%) gas / (0x6c15473060a31fef884b6e7b81202e48a1f834722adeffe3c07b4c9aa41a97a9) in 2.183s. Peers: 7","throwable":""}
{"timestamp":"2025-01-24T14:01:48,130","container":"67310776391b","level":"INFO","thread":"EthScheduler-Workers-0","class":"PersistBlockTask","message":"Imported #34 / 0 tx / 0 om / 0 (0.0%) gas / (0x5fe1ae3214d41d94a6849117872d64a96772e64850a531db561396510d8c18f2) in 0.264s. Peers: 7","throwable":""}
{"timestamp":"2025-01-24T14:01:52,317","container":"67310776391b","level":"INFO","thread":"EthScheduler-Workers-0","class":"PersistBlockTask","message":"Imported #35 / 0 tx / 0 om / 0 (0.0%) gas / (0x9703af7eb3c6dd77570ee4683c848f4be170bccb75709facd54953d105434c5f) in 0.382s. Peers: 7","throwable":""}
{"timestamp":"2025-01-24T14:02:01,086","container":"67310776391b","level":"INFO","thread":"EthScheduler-Workers-0","class":"PersistBlockTask","message":"Imported #36 / 0 tx / 0 om / 0 (0.0%) gas / (0x56897229968986074ee66435e7a5fb36bbece0dfa971c7b5cd8337b9a3d93749) in 1.232s. Peers: 7","throwable":""}
{"timestamp":"2025-01-24T14:02:05,150","container":"67310776391b","level":"INFO","thread":"EthScheduler-Workers-0","class":"PersistBlockTask","message":"Imported #37 / 0 tx / 0 om / 0 (0.0%) gas / (0x00902b258d702283d82a20be42911fa91f1cbabaf19fd32c5ec2ef540fedff8b) in 1.404s. Peers: 7","throwable":""}
{"timestamp":"2025-01-24T14:02:08,082","container":"67310776391b","level":"INFO","thread":"EthScheduler-Workers-0","class":"PersistBlockTask","message":"Imported #38 / 0 tx / 0 om / 0 (0.0%) gas / (0x35408cc22c145b166e5b20cb9640a7ba6a6b7d772e113dd90da6ccb8087e83af) in 0.191s. Peers: 7","throwable":""}
{"timestamp":"2025-01-24T14:02:12,260","container":"67310776391b","level":"INFO","thread":"EthScheduler-Workers-0","class":"PersistBlockTask","message":"Imported #39 / 0 tx / 0 om / 0 (0.0%) gas / (0x1eb4d2406287960bbacfbc9da078da75c6ee841c57ed8d1e8800cde9d2dcd257) in 0.038s. Peers: 7","throwable":""}
{"timestamp":"2025-01-24T14:02:17,526","container":"67310776391b","level":"INFO","thread":"EthScheduler-Workers-0","class":"PersistBlockTask","message":"Imported #40 / 0 tx / 0 om / 0 (0.0%) gas / (0x9087c039691b62657e3613ad5dc7771a40bf0dd289e4955230c10b9edf85ccfd) in 0.177s. Peers: 7","throwable":""}
{"timestamp":"2025-01-24T14:02:22,812","container":"67310776391b","level":"INFO","thread":"EthScheduler-Workers-0","class":"PersistBlockTask","message":"Imported #41 / 0 tx / 0 om / 0 (0.0%) gas / (0xb3786f1b47e9a1677cab4483eb0504d89cba1751a886697451ed2e3424a8ef5b) in 0.156s. Peers: 7","throwable":""}
{"timestamp":"2025-01-24T14:02:27,820","container":"67310776391b","level":"INFO","thread":"EthScheduler-Workers-0","class":"PersistBlockTask","message":"Imported #42 / 0 tx / 0 om / 0 (0.0%) gas / (0xb4a1c9a8fc1b57914bad208ef239100747af8130f98344c6832ed7a0e5405911) in 0.150s. Peers: 7","throwable":""}
{"timestamp":"2025-01-24T14:02:32,836","container":"67310776391b","level":"INFO","thread":"EthScheduler-Workers-0","class":"PersistBlockTask","message":"Imported #43 / 0 tx / 0 om / 0 (0.0%) gas / (0x83bb414b22bc5091195dd6959cac59cf60e0d2d9d31f81d7139673fed72fd617) in 0.213s. Peers: 7","throwable":""}
{"timestamp":"2025-01-24T14:02:38,843","container":"67310776391b","level":"INFO","thread":"EthScheduler-Workers-0","class":"PersistBlockTask","message":"Imported #44 / 0 tx / 0 om / 0 (0.0%) gas / (0x64f211a504310be82e5b6488b88fd2038697e24558fad1b19b3ee8ec37ef0baf) in 0.241s. Peers: 7","throwable":""}
{"timestamp":"2025-01-24T14:02:45,470","container":"67310776391b","level":"INFO","thread":"EthScheduler-Workers-0","class":"PersistBlockTask","message":"Imported #45 / 0 tx / 0 om / 0 (0.0%) gas / (0x05949b80c8e680f283a860f10c9c7c0504c8a085899b80b300db5d8e6bc60a1d) in 0.829s. Peers: 7","throwable":""}
{"timestamp":"2025-01-24T14:02:50,497","container":"67310776391b","level":"INFO","thread":"EthScheduler-Workers-0","class":"PersistBlockTask","message":"Imported #46 / 0 tx / 0 om / 0 (0.0%) gas / (0xd9260024fc16d3ea00ab72b8f2829a99860bc908bf1c8d0d5e93e799ab23b103) in 1.549s. Peers: 7","throwable":""}
{"timestamp":"2025-01-24T14:02:52,832","container":"67310776391b","level":"INFO","thread":"EthScheduler-Workers-0","class":"PersistBlockTask","message":"Imported #47 / 0 tx / 0 om / 0 (0.0%) gas / (0x70d286860759ebdc36cd8ba967e1a9463e9f81cd7ee037ed8ff9ef75f5460f8c) in 0.143s. Peers: 7","throwable":""}
{"timestamp":"2025-01-24T14:02:57,273","container":"67310776391b","level":"INFO","thread":"EthScheduler-Workers-0","class":"PersistBlockTask","message":"Imported #48 / 0 tx / 0 om / 0 (0.0%) gas / (0x2612cbba9ca139f492a3e80c33a784dc4b4a9ccdc6cbf60fcd5209602ed3016e) in 0.057s. Peers: 7","throwable":""}
{"timestamp":"2025-01-24T14:03:02,127","container":"67310776391b","level":"INFO","thread":"EthScheduler-Workers-0","class":"PersistBlockTask","message":"Imported #49 / 0 tx / 0 om / 0 (0.0%) gas / (0x9f70f406aa8dc0738574f0125a3e4af49f4d9c9b1f75f0869d679d484b7b0556) in 0.040s. Peers: 7","throwable":""}
{"timestamp":"2025-01-24T14:03:07,139","container":"67310776391b","level":"INFO","thread":"EthScheduler-Workers-0","class":"PersistBlockTask","message":"Imported #50 / 0 tx / 0 om / 0 (0.0%) gas / (0xee6115c78e97afbed7bcd40a32b8207b25bc1fa963c95525b39b0ff4b23ba658) in 0.045s. Peers: 7","throwable":""}
{"timestamp":"2025-01-24T14:03:12,091","container":"67310776391b","level":"INFO","thread":"EthScheduler-Workers-0","class":"PersistBlockTask","message":"Imported #51 / 0 tx / 0 om / 0 (0.0%) gas / (0xb4654c2f621999da635cfe1d654093b891c4977b25e0c3096384aef72d63b672) in 0.016s. Peers: 7","throwable":""}
{"timestamp":"2025-01-24T14:03:17,119","container":"67310776391b","level":"INFO","thread":"EthScheduler-Workers-0","class":"PersistBlockTask","message":"Imported #52 / 0 tx / 0 om / 0 (0.0%) gas / (0xd4696f31a7fb8466ba331c23c14871d16e141a8f1f0d0590354fce5dbe9c548c) in 0.030s. Peers: 7","throwable":""}
{"timestamp":"2025-01-24T14:03:22,092","container":"67310776391b","level":"INFO","thread":"EthScheduler-Workers-0","class":"PersistBlockTask","message":"Imported #53 / 0 tx / 0 om / 0 (0.0%) gas / (0x93a485c8d52c355c3a9d1abc727e70d462a576d527622d5ed5053e0aba04c940) in 0.026s. Peers: 7","throwable":""}
{"timestamp":"2025-01-24T14:03:27,114","container":"67310776391b","level":"INFO","thread":"EthScheduler-Workers-0","class":"PersistBlockTask","message":"Imported #54 / 0 tx / 0 om / 0 (0.0%) gas / (0x811a2a2e8e3f4b5d07834b537de238407d61aaa1e4a08909f3b992aad2870b0d) in 0.033s. Peers: 7","throwable":""}
{"timestamp":"2025-01-24T14:03:32,140","container":"67310776391b","level":"INFO","thread":"EthScheduler-Workers-0","class":"PersistBlockTask","message":"Imported #55 / 0 tx / 0 om / 0 (0.0%) gas / (0x9029df9db5db08fbb38b8e355ed19faaec7c82aeb8663d71ebeefb1709f15917) in 0.028s. Peers: 7","throwable":""}
{"timestamp":"2025-01-24T14:03:37,080","container":"67310776391b","level":"INFO","thread":"EthScheduler-Workers-0","class":"PersistBlockTask","message":"Imported #56 / 0 tx / 0 om / 0 (0.0%) gas / (0x3df396c4df9c10f4c0ee0845b9675ea1df64a43029950ed602d14f12f9c56595) in 0.013s. Peers: 7","throwable":""}
{"timestamp":"2025-01-24T14:03:42,060","container":"67310776391b","level":"INFO","thread":"EthScheduler-Workers-0","class":"PersistBlockTask","message":"Imported #57 / 0 tx / 0 om / 0 (0.0%) gas / (0xb875f6dd4fbd488cd9709f8ac8ad1b2e4895394f98e61a81aedc50b71d9582f6) in 0.017s. Peers: 7","throwable":""}
{"timestamp":"2025-01-24T14:03:47,059","container":"67310776391b","level":"INFO","thread":"EthScheduler-Workers-0","class":"PersistBlockTask","message":"Imported #58 / 0 tx / 0 om / 0 (0.0%) gas / (0x272c62b41c41097db71f3ca501a5d22ee4ecbf25ae7d3ba456e2d8bb012dcb38) in 0.019s. Peers: 7","throwable":""}
{"timestamp":"2025-01-24T14:03:52,076","container":"67310776391b","level":"INFO","thread":"EthScheduler-Workers-0","class":"PersistBlockTask","message":"Imported #59 / 0 tx / 0 om / 0 (0.0%) gas / (0x73f4601bbad75b8cb89d73deebc5be0ffb706691e9fcb82dacc0d72b7e7e2e3e) in 0.026s. Peers: 7","throwable":""}
{"timestamp":"2025-01-24T14:03:57,068","container":"67310776391b","level":"INFO","thread":"EthScheduler-Workers-0","class":"PersistBlockTask","message":"Imported #60 / 0 tx / 0 om / 0 (0.0%) gas / (0xeca55e985f44bd1bdeaed5fe6b1c511cb48898d05a170348c48dc20b62b20363) in 0.024s. Peers: 7","throwable":""}
{"timestamp":"2025-01-24T14:04:02,074","container":"67310776391b","level":"INFO","thread":"EthScheduler-Workers-0","class":"PersistBlockTask","message":"Imported #61 / 0 tx / 0 om / 0 (0.0%) gas / (0x66c37af60a14dd6922a437cfa9bf83e8a63bd7fde7a22d70a9ec47e4ff1a5bc2) in 0.023s. Peers: 7","throwable":""}
{"timestamp":"2025-01-24T14:04:07,064","container":"67310776391b","level":"INFO","thread":"EthScheduler-Workers-0","class":"PersistBlockTask","message":"Imported #62 / 0 tx / 0 om / 0 (0.0%) gas / (0xd26ec2683f121945b5769e7c67f9a5a3f963cfff020d173c2c8bafdf05f509cf) in 0.020s. Peers: 7","throwable":""}
{"timestamp":"2025-01-24T14:04:12,107","container":"67310776391b","level":"INFO","thread":"EthScheduler-Workers-0","class":"PersistBlockTask","message":"Imported #63 / 0 tx / 0 om / 0 (0.0%) gas / (0x16dfce668c3f91490710085fddbc639c4c5033e1df6e200c37a3b10098d6f59c) in 0.037s. Peers: 7","throwable":""}
{"timestamp":"2025-01-24T14:04:17,071","container":"67310776391b","level":"INFO","thread":"EthScheduler-Workers-0","class":"PersistBlockTask","message":"Imported #64 / 0 tx / 0 om / 0 (0.0%) gas / (0xa1bbb49b9281de20e163ce0d89ee1a3b9bd32e54089902abd6b8b487e84950e2) in 0.022s. Peers: 7","throwable":""}
{"timestamp":"2025-01-24T14:04:22,074","container":"67310776391b","level":"INFO","thread":"EthScheduler-Workers-0","class":"PersistBlockTask","message":"Imported #65 / 0 tx / 0 om / 0 (0.0%) gas / (0x428c721643dbf08b53457534467fd1f56899febb6ae0b8f6a6a6d87891adb211) in 0.005s. Peers: 7","throwable":""}
{"timestamp":"2025-01-24T14:04:27,044","container":"67310776391b","level":"INFO","thread":"EthScheduler-Workers-0","class":"PersistBlockTask","message":"Imported #66 / 0 tx / 0 om / 0 (0.0%) gas / (0x9b0b2a70cacfb0968d4fcac03f3625690c83310334f14de7d5757ce11f2d26c0) in 0.011s. Peers: 7","throwable":""}
{"timestamp":"2025-01-24T14:04:32,077","container":"67310776391b","level":"INFO","thread":"EthScheduler-Workers-0","class":"PersistBlockTask","message":"Imported #67 / 0 tx / 0 om / 0 (0.0%) gas / (0x627be4387afb20e2f2aeda4e16118404df06608fd98fccdb62d521db6a49095b) in 0.016s. Peers: 7","throwable":""}
{"timestamp":"2025-01-24T14:04:37,081","container":"67310776391b","level":"INFO","thread":"EthScheduler-Workers-0","class":"PersistBlockTask","message":"Imported #68 / 0 tx / 0 om / 0 (0.0%) gas / (0x57fc3728edaf1974698b8c54680d78353b650807aaf83bb91a69c13f1fc7ca79) in 0.018s. Peers: 7","throwable":""}
{"timestamp":"2025-01-24T14:04:42,066","container":"67310776391b","level":"INFO","thread":"EthScheduler-Workers-0","class":"PersistBlockTask","message":"Imported #69 / 0 tx / 0 om / 0 (0.0%) gas / (0x029f90043af0c797f1ac26e17624a4b9f5d44cc21ceb82029c14ae1bb96aa812) in 0.022s. Peers: 7","throwable":""}
{"timestamp":"2025-01-24T14:04:47,037","container":"67310776391b","level":"INFO","thread":"EthScheduler-Workers-0","class":"PersistBlockTask","message":"Imported #70 / 0 tx / 0 om / 0 (0.0%) gas / (0x74b3da61802a0e014ecdee117cde98677fbbfc1799adfc38ccb2030fbb96602b) in 0.008s. Peers: 7","throwable":""}
{"timestamp":"2025-01-24T14:04:52,048","container":"67310776391b","level":"INFO","thread":"EthScheduler-Workers-0","class":"PersistBlockTask","message":"Imported #71 / 0 tx / 0 om / 0 (0.0%) gas / (0x5a06548359c0c822ea43b1f6f9107e4b4f43b2ccdafcf85912b3501953567692) in 0.011s. Peers: 7","throwable":""}
{"timestamp":"2025-01-24T14:04:57,054","container":"67310776391b","level":"INFO","thread":"EthScheduler-Workers-0","class":"PersistBlockTask","message":"Imported #72 / 0 tx / 0 om / 0 (0.0%) gas / (0x171903b7fcfc94b97cc16a312c20293b4405cd60623dfb11cfa34df70bee0dd0) in 0.009s. Peers: 7","throwable":""}
{"timestamp":"2025-01-24T14:05:02,046","container":"67310776391b","level":"INFO","thread":"EthScheduler-Workers-0","class":"PersistBlockTask","message":"Imported #73 / 0 tx / 0 om / 0 (0.0%) gas / (0x52cc906a4a5a807cc33c9d745dd18dbc75233fc1ddd9ae9708d81f73d4947f52) in 0.005s. Peers: 7","throwable":""}
{"timestamp":"2025-01-24T14:05:07,100","container":"67310776391b","level":"INFO","thread":"EthScheduler-Workers-0","class":"PersistBlockTask","message":"Imported #74 / 0 tx / 0 om / 0 (0.0%) gas / (0x2ce2827bc162146b4ae4ff454c7b19454cabf1dba31e84e18204847042db1ebf) in 0.033s. Peers: 7","throwable":""}
{"timestamp":"2025-01-24T14:05:12,067","container":"67310776391b","level":"INFO","thread":"EthScheduler-Workers-0","class":"PersistBlockTask","message":"Imported #75 / 0 tx / 0 om / 0 (0.0%) gas / (0x1d8a58c127b76dc1b07be27e5f1d3ef8f5dce726c89447fe5a1f51bb5c41ab2b) in 0.024s. Peers: 7","throwable":""}
{"timestamp":"2025-01-24T14:05:17,067","container":"67310776391b","level":"INFO","thread":"EthScheduler-Workers-0","class":"PersistBlockTask","message":"Imported #76 / 0 tx / 0 om / 0 (0.0%) gas / (0xf3165b811d0c05828a7bdaca711a993aac9348a881ad567237dabf18795e2aae) in 0.012s. Peers: 7","throwable":""}
{"timestamp":"2025-01-24T14:05:22,065","container":"67310776391b","level":"INFO","thread":"EthScheduler-Workers-0","class":"PersistBlockTask","message":"Imported #77 / 0 tx / 0 om / 0 (0.0%) gas / (0x9f39a57ab733005ab614a5ee885b33249fcd1aa721d22e74195181a7d79d6bb0) in 0.008s. Peers: 7","throwable":""}
{"timestamp":"2025-01-24T14:05:27,035","container":"67310776391b","level":"INFO","thread":"EthScheduler-Workers-0","class":"PersistBlockTask","message":"Imported #78 / 0 tx / 0 om / 0 (0.0%) gas / (0xb84ed84b90df48859215e23d15d240269290dad123cbcfe170996a6fe240eb4c) in 0.007s. Peers: 7","throwable":""}
{"timestamp":"2025-01-24T14:05:32,062","container":"67310776391b","level":"INFO","thread":"EthScheduler-Workers-0","class":"PersistBlockTask","message":"Imported #79 / 0 tx / 0 om / 0 (0.0%) gas / (0xdb7094ac817ce9d210d31bd1650e75dc1daa103ff2455959bce0e2d09ac6a52b) in 0.015s. Peers: 7","throwable":""}
{"timestamp":"2025-01-24T14:05:37,033","container":"67310776391b","level":"INFO","thread":"EthScheduler-Workers-0","class":"PersistBlockTask","message":"Imported #80 / 0 tx / 0 om / 0 (0.0%) gas / (0x4aefaaf81b0fce225533bb1cba460d624183a988450828e98accfdaf03b86030) in 0.004s. Peers: 7","throwable":""}
{"timestamp":"2025-01-24T14:05:42,043","container":"67310776391b","level":"INFO","thread":"EthScheduler-Workers-0","class":"PersistBlockTask","message":"Imported #81 / 0 tx / 0 om / 0 (0.0%) gas / (0x719c55100d8fa3bfdbaf6180aa5fe42c6fccf789e819b4054525eae5f744bbe3) in 0.006s. Peers: 7","throwable":""}
{"timestamp":"2025-01-24T14:05:47,045","container":"67310776391b","level":"INFO","thread":"EthScheduler-Workers-0","class":"PersistBlockTask","message":"Imported #82 / 0 tx / 0 om / 0 (0.0%) gas / (0x5f8fdd50280b454416ead703f430b56e6f838b3eafeb9fdc4d60d5047777df67) in 0.004s. Peers: 7","throwable":""}
{"timestamp":"2025-01-24T14:05:52,051","container":"67310776391b","level":"INFO","thread":"EthScheduler-Workers-0","class":"PersistBlockTask","message":"Imported #83 / 0 tx / 0 om / 0 (0.0%) gas / (0x1377b78b0a34d37192b9edf15d4ef62f82289928717858a3bd98f4c982ebf290) in 0.009s. Peers: 7","throwable":""}
{"timestamp":"2025-01-24T14:05:57,048","container":"67310776391b","level":"INFO","thread":"EthScheduler-Workers-0","class":"PersistBlockTask","message":"Imported #84 / 0 tx / 0 om / 0 (0.0%) gas / (0x8ca03a1d136e834d72ca7439d591539073c2303b81387d972ab8e6e508a0a884) in 0.019s. Peers: 7","throwable":""}
{"timestamp":"2025-01-24T14:06:02,061","container":"67310776391b","level":"INFO","thread":"EthScheduler-Workers-0","class":"PersistBlockTask","message":"Imported #85 / 0 tx / 0 om / 0 (0.0%) gas / (0x9431f705ee48bd0f99963c3a6e4aeccb1d10c2025542e509381e0e37e4c7eb9e) in 0.012s. Peers: 7","throwable":""}
{"timestamp":"2025-01-24T14:06:07,041","container":"67310776391b","level":"INFO","thread":"EthScheduler-Workers-0","class":"PersistBlockTask","message":"Imported #86 / 0 tx / 0 om / 0 (0.0%) gas / (0x4b8b58ff099fbbe0e6c54568926498e6a0dd9849017abdc85a7173f8a4b7f36e) in 0.010s. Peers: 7","throwable":""}
{"timestamp":"2025-01-24T14:06:12,060","container":"67310776391b","level":"INFO","thread":"EthScheduler-Workers-0","class":"PersistBlockTask","message":"Imported #87 / 0 tx / 0 om / 0 (0.0%) gas / (0x60243dd41a36851d6fb6f11796885227adc11a017f4bb6b4e1ef775737ed7638) in 0.007s. Peers: 7","throwable":""}
{"timestamp":"2025-01-24T14:06:17,043","container":"67310776391b","level":"INFO","thread":"EthScheduler-Workers-0","class":"PersistBlockTask","message":"Imported #88 / 0 tx / 0 om / 0 (0.0%) gas / (0xe24ccf7b7f49274f7901dacc20719e4460f8cbdc762d80b054d9f6e360b10938) in 0.015s. Peers: 7","throwable":""}
{"timestamp":"2025-01-24T14:06:22,115","container":"67310776391b","level":"INFO","thread":"EthScheduler-Workers-0","class":"PersistBlockTask","message":"Imported #89 / 0 tx / 0 om / 0 (0.0%) gas / (0x67366a15d14d330352a327b9a4fbf12e60458e46851f36d738ff2276c6d32d5b) in 0.063s. Peers: 7","throwable":""}
{"timestamp":"2025-01-24T14:06:27,030","container":"67310776391b","level":"INFO","thread":"EthScheduler-Workers-0","class":"PersistBlockTask","message":"Imported #90 / 0 tx / 0 om / 0 (0.0%) gas / (0xb6d09be64d0e0d6d9d061d13cc9fad562f1999c2c51d8f4c778239b51dac4932) in 0.008s. Peers: 7","throwable":""}
{"timestamp":"2025-01-24T14:06:32,041","container":"67310776391b","level":"INFO","thread":"EthScheduler-Workers-0","class":"PersistBlockTask","message":"Imported #91 / 0 tx / 0 om / 0 (0.0%) gas / (0x7c20148389256ae229366ac4c8a4c47a9207ccb4c1ef722a1c206af4fc6408ed) in 0.008s. Peers: 7","throwable":""}
{"timestamp":"2025-01-24T14:06:37,037","container":"67310776391b","level":"INFO","thread":"EthScheduler-Workers-0","class":"PersistBlockTask","message":"Imported #92 / 0 tx / 0 om / 0 (0.0%) gas / (0x68c7318586b3df5451c48e493c8ec043c6e434b2be49358473eed9adcd6f6528) in 0.007s. Peers: 7","throwable":""}
{"timestamp":"2025-01-24T14:06:42,060","container":"67310776391b","level":"INFO","thread":"EthScheduler-Workers-0","class":"PersistBlockTask","message":"Imported #93 / 0 tx / 0 om / 0 (0.0%) gas / (0xa6714d2026d1edcee7fc1eb81123654bdde0d5d720ad640df81de7d67a6cfefc) in 0.005s. Peers: 7","throwable":""}
{"timestamp":"2025-01-24T14:06:47,036","container":"67310776391b","level":"INFO","thread":"EthScheduler-Workers-0","class":"PersistBlockTask","message":"Imported #94 / 0 tx / 0 om / 0 (0.0%) gas / (0x25e5d4b1f37b133be9ed9cb6826ca3dad7973f133523c6d855b1158b224536e8) in 0.009s. Peers: 7","throwable":""}
{"timestamp":"2025-01-24T14:06:52,030","container":"67310776391b","level":"INFO","thread":"EthScheduler-Workers-0","class":"PersistBlockTask","message":"Imported #95 / 0 tx / 0 om / 0 (0.0%) gas / (0xed156218faa98d3e06e2d22c7c39fcec5f0947b48e73caa8a29053dd25ea99e1) in 0.005s. Peers: 7","throwable":""}
{"timestamp":"2025-01-24T14:06:57,044","container":"67310776391b","level":"INFO","thread":"EthScheduler-Workers-0","class":"PersistBlockTask","message":"Imported #96 / 0 tx / 0 om / 0 (0.0%) gas / (0x0cae223d935c4aa58b645013b92ac8468d7b428afa0f9d3fbcac3a25ca24c98a) in 0.014s. Peers: 7","throwable":""}
{"timestamp":"2025-01-24T14:07:02,039","container":"67310776391b","level":"INFO","thread":"EthScheduler-Workers-0","class":"PersistBlockTask","message":"Imported #97 / 0 tx / 0 om / 0 (0.0%) gas / (0x374cd1404d07e8d5ec80a7e6b06b7c1165e1ba5bf22d8c98ef619a0d57e182ff) in 0.013s. Peers: 7","throwable":""}
{"timestamp":"2025-01-24T14:07:07,055","container":"67310776391b","level":"INFO","thread":"EthScheduler-Workers-0","class":"PersistBlockTask","message":"Imported #98 / 0 tx / 0 om / 0 (0.0%) gas / (0xf6aaf035b4009d9b0cc26c0b373ae335862ff92acf800bb46eed4eac8a3982db) in 0.008s. Peers: 7","throwable":""}
{"timestamp":"2025-01-24T14:07:12,035","container":"67310776391b","level":"INFO","thread":"EthScheduler-Workers-0","class":"PersistBlockTask","message":"Imported #99 / 0 tx / 0 om / 0 (0.0%) gas / (0x0564e4dcaf9f1f22c196efc0635e528b24dcdb9585b0b0d73672699a00ec0850) in 0.009s. Peers: 7","throwable":""}
{"timestamp":"2025-01-24T14:07:17,053","container":"67310776391b","level":"INFO","thread":"EthScheduler-Workers-0","class":"PersistBlockTask","message":"Imported #100 / 0 tx / 0 om / 0 (0.0%) gas / (0x9fd4afff4abe4bde55bc21b898bb6b75a7e0faa96a93ff420c44bdc0d613f5bf) in 0.022s. Peers: 7","throwable":""}
{"timestamp":"2025-01-24T14:07:22,032","container":"67310776391b","level":"INFO","thread":"EthScheduler-Workers-0","class":"PersistBlockTask","message":"Imported #101 / 0 tx / 0 om / 0 (0.0%) gas / (0x82bb589edddc35bd397df81453b88041b2d8f94589e19194ca75506e32733f84) in 0.005s. Peers: 7","throwable":""}
{"timestamp":"2025-01-24T14:07:27,043","container":"67310776391b","level":"INFO","thread":"EthScheduler-Workers-0","class":"PersistBlockTask","message":"Imported #102 / 0 tx / 0 om / 0 (0.0%) gas / (0x4956d671c90f314e473726aeb192447448ae1889afbf4f2b2a22f4ca47233863) in 0.003s. Peers: 7","throwable":""}
{"timestamp":"2025-01-24T14:07:32,056","container":"67310776391b","level":"INFO","thread":"EthScheduler-Workers-0","class":"PersistBlockTask","message":"Imported #103 / 0 tx / 0 om / 0 (0.0%) gas / (0xe86329f728229fb7099e6a8144d83e65e2972e0ef5e8259e425f9eb013855235) in 0.005s. Peers: 7","throwable":""}
{"timestamp":"2025-01-24T14:07:37,069","container":"67310776391b","level":"INFO","thread":"EthScheduler-Workers-0","class":"PersistBlockTask","message":"Imported #104 / 0 tx / 0 om / 0 (0.0%) gas / (0x74e0c581510e98f8c92fd6b854f6fecf1aace32b8a3c321cfc8b0524a3c60d07) in 0.015s. Peers: 7","throwable":""}
{"timestamp":"2025-01-24T14:07:42,068","container":"67310776391b","level":"INFO","thread":"EthScheduler-Workers-0","class":"PersistBlockTask","message":"Imported #105 / 0 tx / 0 om / 0 (0.0%) gas / (0x3d0921df11cbccf663de7bbcde8baeb474587b1bfa354a43f539b4b3fd8a2323) in 0.015s. Peers: 7","throwable":""}
{"timestamp":"2025-01-24T14:07:47,042","container":"67310776391b","level":"INFO","thread":"EthScheduler-Workers-0","class":"PersistBlockTask","message":"Imported #106 / 0 tx / 0 om / 0 (0.0%) gas / (0x914001f671d77d1802360fbf06cfa7763f43353e5359a28abae9f2eb3488a957) in 0.008s. Peers: 7","throwable":""}
{"timestamp":"2025-01-24T14:07:52,065","container":"67310776391b","level":"INFO","thread":"EthScheduler-Workers-0","class":"PersistBlockTask","message":"Imported #107 / 0 tx / 0 om / 0 (0.0%) gas / (0xdcdccc240797a02fe97bd4038950ba55e4e982d985f0b2c50afdae41b4e04972) in 0.023s. Peers: 7","throwable":""}
{"timestamp":"2025-01-24T14:07:57,053","container":"67310776391b","level":"INFO","thread":"EthScheduler-Workers-0","class":"PersistBlockTask","message":"Imported #108 / 0 tx / 0 om / 0 (0.0%) gas / (0xef7b40f5774f1a2c7c57960e609cd9a05468822435cd7f33d6d11fa29ee56342) in 0.012s. Peers: 7","throwable":""}
{"timestamp":"2025-01-24T14:08:02,042","container":"67310776391b","level":"INFO","thread":"EthScheduler-Workers-0","class":"PersistBlockTask","message":"Imported #109 / 0 tx / 0 om / 0 (0.0%) gas / (0x9c2a24d09c2538b3dfc668ff1942d169be530c5c43ad3217d1142c74cc13a2da) in 0.010s. Peers: 7","throwable":""}
{"timestamp":"2025-01-24T14:08:07,070","container":"67310776391b","level":"INFO","thread":"EthScheduler-Workers-0","class":"PersistBlockTask","message":"Imported #110 / 0 tx / 0 om / 0 (0.0%) gas / (0x8f2b0eab1d70254e111bb72a6b8023056ec1d3711ba8e7452700b56c7c55bb5c) in 0.015s. Peers: 7","throwable":""}
{"timestamp":"2025-01-24T14:08:12,040","container":"67310776391b","level":"INFO","thread":"EthScheduler-Workers-0","class":"PersistBlockTask","message":"Imported #111 / 0 tx / 0 om / 0 (0.0%) gas / (0x5eca01bf1107b2dc65f1593b0ae0dd7304f10b752b9388f0d579944b37dd86c2) in 0.010s. Peers: 7","throwable":""}
{"timestamp":"2025-01-24T14:08:17,035","container":"67310776391b","level":"INFO","thread":"EthScheduler-Workers-0","class":"PersistBlockTask","message":"Imported #112 / 0 tx / 0 om / 0 (0.0%) gas / (0x1b1fe37f702ccdd4900006091b2fe620ed041232ca63a0ccbca3522541fcae76) in 0.009s. Peers: 7","throwable":""}
{"timestamp":"2025-01-24T14:08:22,035","container":"67310776391b","level":"INFO","thread":"EthScheduler-Workers-0","class":"PersistBlockTask","message":"Imported #113 / 0 tx / 0 om / 0 (0.0%) gas / (0xa17d5d66cb580c2de6d2a9d37a4fffed9659fbd4be0bc296d925abd877f2138c) in 0.009s. Peers: 7","throwable":""}
{"timestamp":"2025-01-24T14:08:27,035","container":"67310776391b","level":"INFO","thread":"EthScheduler-Workers-0","class":"PersistBlockTask","message":"Imported #114 / 0 tx / 0 om / 0 (0.0%) gas / (0xa9c67bf0c1a149d839e018a52495cd795d762dc68065dafb0530efc695ada766) in 0.010s. Peers: 7","throwable":""}
{"timestamp":"2025-01-24T14:08:32,044","container":"67310776391b","level":"INFO","thread":"EthScheduler-Workers-0","class":"PersistBlockTask","message":"Imported #115 / 0 tx / 0 om / 0 (0.0%) gas / (0x576f9bba41f0d2f6d3ac0fd8732a18db59652d96795477a775c5f3c5c4f53f00) in 0.015s. Peers: 7","throwable":""}
{"timestamp":"2025-01-24T14:08:37,033","container":"67310776391b","level":"INFO","thread":"EthScheduler-Workers-0","class":"PersistBlockTask","message":"Imported #116 / 0 tx / 0 om / 0 (0.0%) gas / (0xd0cbea830d0234634f1b279e757f3909d3a7299e119b2e4a5ca9634ae8908efe) in 0.010s. Peers: 7","throwable":""}
{"timestamp":"2025-01-24T14:08:42,045","container":"67310776391b","level":"INFO","thread":"EthScheduler-Workers-0","class":"PersistBlockTask","message":"Imported #117 / 0 tx / 0 om / 0 (0.0%) gas / (0x1cd03f0ec318343c0aa3bc7e43a568632da53e4d4c9af5e739c5b2c711972aa4) in 0.006s. Peers: 7","throwable":""}
{"timestamp":"2025-01-24T14:08:47,042","container":"67310776391b","level":"INFO","thread":"EthScheduler-Workers-0","class":"PersistBlockTask","message":"Imported #118 / 0 tx / 0 om / 0 (0.0%) gas / (0xc357c3eaeb1b0713ec39e2d53090555cdef9c8da71937b97d283711c4be5a124) in 0.005s. Peers: 7","throwable":""}
{"timestamp":"2025-01-24T14:08:52,050","container":"67310776391b","level":"INFO","thread":"EthScheduler-Workers-0","class":"PersistBlockTask","message":"Imported #119 / 0 tx / 0 om / 0 (0.0%) gas / (0xf0c64067ff2b0e50d9a2d1204a6964b423bb130cade51d0355756ee84571bc61) in 0.017s. Peers: 7","throwable":""}
{"timestamp":"2025-01-24T14:08:57,050","container":"67310776391b","level":"INFO","thread":"EthScheduler-Workers-0","class":"PersistBlockTask","message":"Imported #120 / 0 tx / 0 om / 0 (0.0%) gas / (0xca16aae0f19e806922db07834edc7dfabdf721544d7f8204bc2f8727bf9a5c18) in 0.004s. Peers: 7","throwable":""}
{"timestamp":"2025-01-24T14:09:02,028","container":"67310776391b","level":"INFO","thread":"EthScheduler-Workers-0","class":"PersistBlockTask","message":"Imported #121 / 0 tx / 0 om / 0 (0.0%) gas / (0xa1c7baf92af7f62b4cfb6ccd52af24a327bd26bc8b5df606c051670765eb43b1) in 0.005s. Peers: 7","throwable":""}
{"timestamp":"2025-01-24T14:09:07,049","container":"67310776391b","level":"INFO","thread":"EthScheduler-Workers-0","class":"PersistBlockTask","message":"Imported #122 / 0 tx / 0 om / 0 (0.0%) gas / (0x6420eff8675c2bfe399c7a92b58d0e6f710e8f74af2aa191655de5609312a8ac) in 0.007s. Peers: 7","throwable":""}
{"timestamp":"2025-01-24T14:09:12,031","container":"67310776391b","level":"INFO","thread":"EthScheduler-Workers-0","class":"PersistBlockTask","message":"Imported #123 / 0 tx / 0 om / 0 (0.0%) gas / (0x42c467caae9a70dc21143c233418198608935974f32a191c79904a7181e440fe) in 0.005s. Peers: 7","throwable":""}
{"timestamp":"2025-01-24T14:09:17,026","container":"67310776391b","level":"INFO","thread":"EthScheduler-Workers-0","class":"PersistBlockTask","message":"Imported #124 / 0 tx / 0 om / 0 (0.0%) gas / (0xdc0ad6da0f76e6723efa247d15fd82d7204f5f7421a0c9ecc79618f9ddc1e4a4) in 0.005s. Peers: 7","throwable":""}
{"timestamp":"2025-01-24T14:09:22,032","container":"67310776391b","level":"INFO","thread":"EthScheduler-Workers-0","class":"PersistBlockTask","message":"Imported #125 / 0 tx / 0 om / 0 (0.0%) gas / (0x7748d2754e12a3fefeccfde91b278886f286ae68ba3fa5fc9cffde214fd4f59e) in 0.006s. Peers: 7","throwable":""}
{"timestamp":"2025-01-24T14:09:27,019","container":"67310776391b","level":"INFO","thread":"EthScheduler-Workers-0","class":"PersistBlockTask","message":"Imported #126 / 0 tx / 0 om / 0 (0.0%) gas / (0xfac5b507ea3f346342d03d938209138ac0d6c34d39340a746845ac09277c4ef4) in 0.003s. Peers: 7","throwable":""}
{"timestamp":"2025-01-24T14:09:32,042","container":"67310776391b","level":"INFO","thread":"EthScheduler-Workers-0","class":"PersistBlockTask","message":"Imported #127 / 0 tx / 0 om / 0 (0.0%) gas / (0xf628f2d82034a5ddd721f13c187c53616e013097ba4b4fafea5becdbe8562509) in 0.013s. Peers: 7","throwable":""}
{"timestamp":"2025-01-24T14:09:37,058","container":"67310776391b","level":"INFO","thread":"EthScheduler-Workers-0","class":"PersistBlockTask","message":"Imported #128 / 0 tx / 0 om / 0 (0.0%) gas / (0xd2c2e770d4f6c95bd06062bc8ea025b93c12eb02c74f7e5c5ac0738ec75170a5) in 0.011s. Peers: 7","throwable":""}
{"timestamp":"2025-01-24T14:09:42,035","container":"67310776391b","level":"INFO","thread":"EthScheduler-Workers-0","class":"PersistBlockTask","message":"Imported #129 / 0 tx / 0 om / 0 (0.0%) gas / (0x54cc5f89d9d3eb3d4df7ef58d4b25d3ce46c10e7fe57b8061721743a1501c519) in 0.010s. Peers: 7","throwable":""}
{"timestamp":"2025-01-24T14:09:47,055","container":"67310776391b","level":"INFO","thread":"EthScheduler-Workers-0","class":"PersistBlockTask","message":"Imported #130 / 0 tx / 0 om / 0 (0.0%) gas / (0x84c204d34b13db7b00cfa8dab3cace743de4dc0d43ba68bdb44425fe1635a67b) in 0.017s. Peers: 7","throwable":""}
{"timestamp":"2025-01-24T14:09:52,033","container":"67310776391b","level":"INFO","thread":"EthScheduler-Workers-0","class":"PersistBlockTask","message":"Imported #131 / 0 tx / 0 om / 0 (0.0%) gas / (0xa2ab43e1face71788de4610e1bdaf69b1fbc5f9fde7d106ed80d050c34cb0c26) in 0.008s. Peers: 7","throwable":""}
{"timestamp":"2025-01-24T14:09:57,025","container":"67310776391b","level":"INFO","thread":"EthScheduler-Workers-0","class":"PersistBlockTask","message":"Imported #132 / 0 tx / 0 om / 0 (0.0%) gas / (0x4c88841de28e4af0f1485009d19a961d5aed94f4ebc272c4d4d8584f4a905a97) in 0.003s. Peers: 7","throwable":""}
{"timestamp":"2025-01-24T14:10:02,029","container":"67310776391b","level":"INFO","thread":"EthScheduler-Workers-0","class":"PersistBlockTask","message":"Imported #133 / 0 tx / 0 om / 0 (0.0%) gas / (0x100aef96cf511e7d47c649805cadaf23a9273f0d0f5eb68a379f3b82898060fb) in 0.008s. Peers: 7","throwable":""}
{"timestamp":"2025-01-24T14:10:07,026","container":"67310776391b","level":"INFO","thread":"EthScheduler-Workers-0","class":"PersistBlockTask","message":"Imported #134 / 0 tx / 0 om / 0 (0.0%) gas / (0x03dcef20a5a6f08ca0871dbb30bead2c64782bd9db55ced25494ce1a07d82e94) in 0.006s. Peers: 7","throwable":""}
{"timestamp":"2025-01-24T14:10:12,028","container":"67310776391b","level":"INFO","thread":"EthScheduler-Workers-0","class":"PersistBlockTask","message":"Imported #135 / 0 tx / 0 om / 0 (0.0%) gas / (0xbaf0c97b6a3a2a677104a7bd60038796fc18f30fa67a3db0e910ea5ba43f0f5b) in 0.004s. Peers: 7","throwable":""}
{"timestamp":"2025-01-24T14:10:17,033","container":"67310776391b","level":"INFO","thread":"EthScheduler-Workers-0","class":"PersistBlockTask","message":"Imported #136 / 0 tx / 0 om / 0 (0.0%) gas / (0xf2510373bb482339883dd7901075c5ed3b0d4ba257d44f75b29d86d409aa4ff0) in 0.004s. Peers: 7","throwable":""}
{"timestamp":"2025-01-24T14:10:22,026","container":"67310776391b","level":"INFO","thread":"EthScheduler-Workers-0","class":"PersistBlockTask","message":"Imported #137 / 0 tx / 0 om / 0 (0.0%) gas / (0xcc2d84c9f4b70f453cf68db7a760462ee8589f8481af41eea4bb61f3e469a79d) in 0.004s. Peers: 7","throwable":""}
{"timestamp":"2025-01-24T14:10:27,028","container":"67310776391b","level":"INFO","thread":"EthScheduler-Workers-0","class":"PersistBlockTask","message":"Imported #138 / 0 tx / 0 om / 0 (0.0%) gas / (0x7c36df7ca0c1bae0b972b56044fe6166a8a329e649d3a3567854340e8c46af5a) in 0.004s. Peers: 7","throwable":""}
{"timestamp":"2025-01-24T14:10:32,034","container":"67310776391b","level":"INFO","thread":"EthScheduler-Workers-0","class":"PersistBlockTask","message":"Imported #139 / 0 tx / 0 om / 0 (0.0%) gas / (0x7e2d18b966a5f35d75d5dcebeeff7d035c6ef5f3804ea2415f972ac95fa1f429) in 0.014s. Peers: 7","throwable":""}
{"timestamp":"2025-01-24T14:10:37,058","container":"67310776391b","level":"INFO","thread":"EthScheduler-Workers-0","class":"PersistBlockTask","message":"Imported #140 / 0 tx / 0 om / 0 (0.0%) gas / (0x20d24f706b5bfd664332dcc37d0ce1772da9d8099d13ac73ac97de3b12154888) in 0.022s. Peers: 7","throwable":""}
{"timestamp":"2025-01-24T14:10:42,036","container":"67310776391b","level":"INFO","thread":"EthScheduler-Workers-0","class":"PersistBlockTask","message":"Imported #141 / 0 tx / 0 om / 0 (0.0%) gas / (0x36ef377715d0c939e0e9f4a70465e29e2eb95cb51ffcc37ca9e4b38b09f78d14) in 0.009s. Peers: 7","throwable":""}
{"timestamp":"2025-01-24T14:10:47,028","container":"67310776391b","level":"INFO","thread":"EthScheduler-Workers-0","class":"PersistBlockTask","message":"Imported #142 / 0 tx / 0 om / 0 (0.0%) gas / (0xa188a3ec2729846cd3eed31f7a71b0111aa5b8424527a18909b9db8a4e52427b) in 0.008s. Peers: 7","throwable":""}
{"timestamp":"2025-01-24T14:10:52,023","container":"67310776391b","level":"INFO","thread":"EthScheduler-Workers-0","class":"PersistBlockTask","message":"Imported #143 / 0 tx / 0 om / 0 (0.0%) gas / (0x8da4285f4e5947d146675992efe0f1215b9fb452f9f32a13d8e64ef56a5c7352) in 0.003s. Peers: 7","throwable":""}
{"timestamp":"2025-01-24T14:10:57,023","container":"67310776391b","level":"INFO","thread":"EthScheduler-Workers-0","class":"PersistBlockTask","message":"Imported #144 / 0 tx / 0 om / 0 (0.0%) gas / (0x9b88f46e40cd4bd676723ab98c956bc9e0444e563c104993c87542ad7c6d6104) in 0.003s. Peers: 7","throwable":""}
{"timestamp":"2025-01-24T14:11:02,021","container":"67310776391b","level":"INFO","thread":"EthScheduler-Workers-0","class":"PersistBlockTask","message":"Imported #145 / 0 tx / 0 om / 0 (0.0%) gas / (0x8e643a6a1e7d751697eb9c84d3ad29c5aa178f3600d96942a45f682fad3d0fd1) in 0.003s. Peers: 7","throwable":""}
{"timestamp":"2025-01-24T14:11:07,039","container":"67310776391b","level":"INFO","thread":"EthScheduler-Workers-0","class":"PersistBlockTask","message":"Imported #146 / 0 tx / 0 om / 0 (0.0%) gas / (0xfcc4b3f01546f1b4b280b0284a7b214550db905da58b8ffa454e9eca8b61e573) in 0.005s. Peers: 7","throwable":""}
{"timestamp":"2025-01-24T14:11:12,041","container":"67310776391b","level":"INFO","thread":"EthScheduler-Workers-0","class":"PersistBlockTask","message":"Imported #147 / 0 tx / 0 om / 0 (0.0%) gas / (0xe440ad10dc0349e3f9a8e788bc36bbad90e8b4686d70303bd2adb92762c1f1d3) in 0.007s. Peers: 7","throwable":""}
{"timestamp":"2025-01-24T14:11:17,031","container":"67310776391b","level":"INFO","thread":"EthScheduler-Workers-0","class":"PersistBlockTask","message":"Imported #148 / 0 tx / 0 om / 0 (0.0%) gas / (0x0e3cc7f2b2c41b1f14503d28a51268811bb3727340db7d06f8f7e8f44bd7fbea) in 0.004s. Peers: 7","throwable":""}
{"timestamp":"2025-01-24T14:11:22,031","container":"67310776391b","level":"INFO","thread":"EthScheduler-Workers-0","class":"PersistBlockTask","message":"Imported #149 / 0 tx / 0 om / 0 (0.0%) gas / (0xaca95beeb19eb0a703eea7cfb62a64f912c080d7654f1015d60ef4bdd3099500) in 0.007s. Peers: 7","throwable":""}
{"timestamp":"2025-01-24T14:11:27,037","container":"67310776391b","level":"INFO","thread":"EthScheduler-Workers-0","class":"PersistBlockTask","message":"Imported #150 / 0 tx / 0 om / 0 (0.0%) gas / (0xdfaa93f9fc0982d653a4cd10788ad2a476ddf77bbc070d867e0740a51ec66755) in 0.004s. Peers: 7","throwable":""}
{"timestamp":"2025-01-24T14:11:32,030","container":"67310776391b","level":"INFO","thread":"EthScheduler-Workers-0","class":"PersistBlockTask","message":"Imported #151 / 0 tx / 0 om / 0 (0.0%) gas / (0xa58187d5b85cd12a650015e9dea9141bf7bb627609b13a215185c60d2fae15cd) in 0.007s. Peers: 7","throwable":""}
{"timestamp":"2025-01-24T14:11:37,025","container":"67310776391b","level":"INFO","thread":"EthScheduler-Workers-0","class":"PersistBlockTask","message":"Imported #152 / 0 tx / 0 om / 0 (0.0%) gas / (0x666f8a061fe9936b4c6ddcb7376db83bf5ed168ac3249e6652fe54e084488136) in 0.003s. Peers: 7","throwable":""}
{"timestamp":"2025-01-24T14:11:42,029","container":"67310776391b","level":"INFO","thread":"EthScheduler-Workers-0","class":"PersistBlockTask","message":"Imported #153 / 0 tx / 0 om / 0 (0.0%) gas / (0x022e61c4612e7b9002e63860828d25bf7e598488896ddab169bda48d1504f061) in 0.003s. Peers: 7","throwable":""}
{"timestamp":"2025-01-24T14:11:47,024","container":"67310776391b","level":"INFO","thread":"EthScheduler-Workers-0","class":"PersistBlockTask","message":"Imported #154 / 0 tx / 0 om / 0 (0.0%) gas / (0xabedf9af1db13a1ce579da9224b656dee49d4ba8158749e9ceab196f7bbbd1c8) in 0.004s. Peers: 7","throwable":""}
{"timestamp":"2025-01-24T14:11:52,038","container":"67310776391b","level":"INFO","thread":"EthScheduler-Workers-0","class":"PersistBlockTask","message":"Imported #155 / 0 tx / 0 om / 0 (0.0%) gas / (0xa0ddfda54bbbca2c5469d648d44eda3cbf4f855ef80cdbab2c5f195c35c576be) in 0.008s. Peers: 7","throwable":""}
{"timestamp":"2025-01-24T14:11:57,050","container":"67310776391b","level":"INFO","thread":"EthScheduler-Workers-0","class":"PersistBlockTask","message":"Imported #156 / 0 tx / 0 om / 0 (0.0%) gas / (0x833936eb879f67d6b3db23233e96c144a490b49f254ac12c47064d651ec5f37f) in 0.004s. Peers: 7","throwable":""}
{"timestamp":"2025-01-24T14:12:02,027","container":"67310776391b","level":"INFO","thread":"EthScheduler-Workers-0","class":"PersistBlockTask","message":"Imported #157 / 0 tx / 0 om / 0 (0.0%) gas / (0x34b8a768bdcd3b23536085e0191acf1f8b8cded5aa2e9a9a5d8bb1326664c8e1) in 0.005s. Peers: 7","throwable":""}
{"timestamp":"2025-01-24T14:12:07,025","container":"67310776391b","level":"INFO","thread":"EthScheduler-Workers-0","class":"PersistBlockTask","message":"Imported #158 / 0 tx / 0 om / 0 (0.0%) gas / (0x038a53a0f353858d8c1ff50ccbba797f8626af755eeb2f341eefd16aba1ecfb1) in 0.003s. Peers: 7","throwable":""}
{"timestamp":"2025-01-24T14:12:12,023","container":"67310776391b","level":"INFO","thread":"EthScheduler-Workers-0","class":"PersistBlockTask","message":"Imported #159 / 0 tx / 0 om / 0 (0.0%) gas / (0x72a48ba944480b1c20a63379ad02d390285496b14c867ea51c51dfab3203a1e5) in 0.004s. Peers: 7","throwable":""}
{"timestamp":"2025-01-24T14:12:17,038","container":"67310776391b","level":"INFO","thread":"EthScheduler-Workers-0","class":"PersistBlockTask","message":"Imported #160 / 0 tx / 0 om / 0 (0.0%) gas / (0x89f46cf94255e6468f41161e02e3ea012fd54f32b5953f4549381e68fa7eaa5c) in 0.008s. Peers: 7","throwable":""}
{"timestamp":"2025-01-24T14:12:22,024","container":"67310776391b","level":"INFO","thread":"EthScheduler-Workers-0","class":"PersistBlockTask","message":"Imported #161 / 0 tx / 0 om / 0 (0.0%) gas / (0x0f2be48314902cde2760383ab81fccd8bbc4fa460b3eb069dcd71957c46023f9) in 0.005s. Peers: 7","throwable":""}
{"timestamp":"2025-01-24T14:12:27,027","container":"67310776391b","level":"INFO","thread":"EthScheduler-Workers-0","class":"PersistBlockTask","message":"Imported #162 / 0 tx / 0 om / 0 (0.0%) gas / (0x6fd07c729eb8e8742c53529969a6aa15df0a7b518f795de1780bf620dc759150) in 0.009s. Peers: 7","throwable":""}
{"timestamp":"2025-01-24T14:12:32,024","container":"67310776391b","level":"INFO","thread":"EthScheduler-Workers-0","class":"PersistBlockTask","message":"Imported #163 / 0 tx / 0 om / 0 (0.0%) gas / (0x92836aae7c1cb38884c3509437b6b0be8c0166b489db27696a7757950148310d) in 0.004s. Peers: 7","throwable":""}
{"timestamp":"2025-01-24T14:12:37,033","container":"67310776391b","level":"INFO","thread":"EthScheduler-Workers-0","class":"PersistBlockTask","message":"Imported #164 / 0 tx / 0 om / 0 (0.0%) gas / (0x7e043040ae745405aa77a3bcba9e13f19318ad9016c6489e767bc69add73eba0) in 0.005s. Peers: 7","throwable":""}
{"timestamp":"2025-01-24T14:12:42,027","container":"67310776391b","level":"INFO","thread":"EthScheduler-Workers-0","class":"PersistBlockTask","message":"Imported #165 / 0 tx / 0 om / 0 (0.0%) gas / (0x23aabf1d6bbd9e91c225c172f907c92f95a65b3fa213afa6173a458fc1907cc7) in 0.007s. Peers: 7","throwable":""}
{"timestamp":"2025-01-24T14:12:47,027","container":"67310776391b","level":"INFO","thread":"EthScheduler-Workers-0","class":"PersistBlockTask","message":"Imported #166 / 0 tx / 0 om / 0 (0.0%) gas / (0x881c1002d27b0f4e2dbb3be01a543111f83ee839568e270135a747f2af5f7217) in 0.006s. Peers: 7","throwable":""}
{"timestamp":"2025-01-24T14:12:52,023","container":"67310776391b","level":"INFO","thread":"EthScheduler-Workers-0","class":"PersistBlockTask","message":"Imported #167 / 0 tx / 0 om / 0 (0.0%) gas / (0xc515c97ebbfe758a5525db9bfe43941af5cde800ae1722f58649b19ff12169d6) in 0.004s. Peers: 7","throwable":""}
{"timestamp":"2025-01-24T14:12:57,037","container":"67310776391b","level":"INFO","thread":"EthScheduler-Workers-0","class":"PersistBlockTask","message":"Imported #168 / 0 tx / 0 om / 0 (0.0%) gas / (0x06e5d7b57d1bd32ade957c631596c15edcd6f2680a091fd12a0789fd551a725b) in 0.012s. Peers: 7","throwable":""}
{"timestamp":"2025-01-24T14:13:02,032","container":"67310776391b","level":"INFO","thread":"EthScheduler-Workers-0","class":"PersistBlockTask","message":"Imported #169 / 0 tx / 0 om / 0 (0.0%) gas / (0x187efb0e750a87cf85f02404b33b1675c83040ee4abf09c7467317864eade407) in 0.007s. Peers: 7","throwable":""}
{"timestamp":"2025-01-24T14:13:07,054","container":"67310776391b","level":"INFO","thread":"EthScheduler-Workers-0","class":"PersistBlockTask","message":"Imported #170 / 0 tx / 0 om / 0 (0.0%) gas / (0x7c66441645ec5b014d2a5793a17b833d4fcfa2eb41182a3a4de491e1ccc0fda7) in 0.015s. Peers: 7","throwable":""}
{"timestamp":"2025-01-24T14:13:12,021","container":"67310776391b","level":"INFO","thread":"EthScheduler-Workers-0","class":"PersistBlockTask","message":"Imported #171 / 0 tx / 0 om / 0 (0.0%) gas / (0xdfd19f8ae857e6a13d27afa528e92600c5a1ee10b948157ed56ec3045567ba05) in 0.003s. Peers: 7","throwable":""}
{"timestamp":"2025-01-24T14:13:17,038","container":"67310776391b","level":"INFO","thread":"EthScheduler-Workers-0","class":"PersistBlockTask","message":"Imported #172 / 0 tx / 0 om / 0 (0.0%) gas / (0x0375fe1e9657bc7dcc1497d867a53832657e520e6a34fc6d92c3eb4e6fef3801) in 0.018s. Peers: 7","throwable":""}
{"timestamp":"2025-01-24T14:13:22,024","container":"67310776391b","level":"INFO","thread":"EthScheduler-Workers-0","class":"PersistBlockTask","message":"Imported #173 / 0 tx / 0 om / 0 (0.0%) gas / (0x2a4502a5aa2c230661c70ac95db466264046dc1947f96809796f8d3ab3ff082b) in 0.006s. Peers: 7","throwable":""}
{"timestamp":"2025-01-24T14:13:27,020","container":"67310776391b","level":"INFO","thread":"EthScheduler-Workers-0","class":"PersistBlockTask","message":"Imported #174 / 0 tx / 0 om / 0 (0.0%) gas / (0x57df23e2ee0b9c08d155853bbe22fe16f855d426cf9dd706954846ad15563881) in 0.003s. Peers: 7","throwable":""}
{"timestamp":"2025-01-24T14:13:32,023","container":"67310776391b","level":"INFO","thread":"EthScheduler-Workers-0","class":"PersistBlockTask","message":"Imported #175 / 0 tx / 0 om / 0 (0.0%) gas / (0x4870ce3fa5562d4efb4e5cb229733c0f9b75820d61498d04224a77c9869332fc) in 0.003s. Peers: 7","throwable":""}
{"timestamp":"2025-01-24T14:13:37,022","container":"67310776391b","level":"INFO","thread":"EthScheduler-Workers-0","class":"PersistBlockTask","message":"Imported #176 / 0 tx / 0 om / 0 (0.0%) gas / (0xda00f69fb82cc32f1caee8006da770f1fb4f65341e87b178bdfedd2f86d323ee) in 0.003s. Peers: 7","throwable":""}
{"timestamp":"2025-01-24T14:13:42,039","container":"67310776391b","level":"INFO","thread":"EthScheduler-Workers-0","class":"PersistBlockTask","message":"Imported #177 / 0 tx / 0 om / 0 (0.0%) gas / (0x4933a6b622d09f1c0bd2dffb54d9163679ca793fbee0c16d9a1aea3d7ae28f9c) in 0.014s. Peers: 7","throwable":""}
{"timestamp":"2025-01-24T14:13:47,028","container":"67310776391b","level":"INFO","thread":"EthScheduler-Workers-0","class":"PersistBlockTask","message":"Imported #178 / 0 tx / 0 om / 0 (0.0%) gas / (0x683d12692c8752a4f488bd786ee8c4b5bfb3acc1194704465b0470a5d959b7ec) in 0.008s. Peers: 7","throwable":""}
{"timestamp":"2025-01-24T14:13:52,086","container":"67310776391b","level":"INFO","thread":"EthScheduler-Workers-0","class":"PersistBlockTask","message":"Imported #179 / 0 tx / 0 om / 0 (0.0%) gas / (0x478487fe063b14a9d5d8c1b4a09040f74c62dea29e9a0b2b7f317f32f7ba555d) in 0.024s. Peers: 7","throwable":""}
{"timestamp":"2025-01-24T14:13:57,024","container":"67310776391b","level":"INFO","thread":"EthScheduler-Workers-0","class":"PersistBlockTask","message":"Imported #180 / 0 tx / 0 om / 0 (0.0%) gas / (0xb795c804fd064dcee21addf8ada15fba31ca230fde601f54932819fac0155223) in 0.003s. Peers: 7","throwable":""}
{"timestamp":"2025-01-24T14:14:02,020","container":"67310776391b","level":"INFO","thread":"EthScheduler-Workers-0","class":"PersistBlockTask","message":"Imported #181 / 0 tx / 0 om / 0 (0.0%) gas / (0xc8e0e11a8be4939566f5110c1f53d4fbca68f940c4f12972f1758e09fa744339) in 0.003s. Peers: 7","throwable":""}
{"timestamp":"2025-01-24T14:14:07,036","container":"67310776391b","level":"INFO","thread":"EthScheduler-Workers-0","class":"PersistBlockTask","message":"Imported #182 / 0 tx / 0 om / 0 (0.0%) gas / (0x359a73aa58ac02db9050ca4993437c3af320c3307a0c5b27c4373c03b9585a84) in 0.004s. Peers: 7","throwable":""}
{"timestamp":"2025-01-24T14:14:12,033","container":"67310776391b","level":"INFO","thread":"EthScheduler-Workers-0","class":"PersistBlockTask","message":"Imported #183 / 0 tx / 0 om / 0 (0.0%) gas / (0xbd1366f9d7bf61720b5e056c1c0761bdda7d5f4f257f7157f42d231d1b1f3596) in 0.005s. Peers: 7","throwable":""}
{"timestamp":"2025-01-24T14:14:17,022","container":"67310776391b","level":"INFO","thread":"EthScheduler-Workers-0","class":"PersistBlockTask","message":"Imported #184 / 0 tx / 0 om / 0 (0.0%) gas / (0x54f04f22c80fe57b40581eb00ee017720884f37e0d7124471da277f834f5d792) in 0.003s. Peers: 7","throwable":""}
{"timestamp":"2025-01-24T14:14:22,034","container":"67310776391b","level":"INFO","thread":"EthScheduler-Workers-0","class":"PersistBlockTask","message":"Imported #185 / 0 tx / 0 om / 0 (0.0%) gas / (0xa895ea62b6e1306a66a448706900ec4c3af1863bde11324557d3c6a6e05add77) in 0.004s. Peers: 7","throwable":""}
{"timestamp":"2025-01-24T14:14:27,028","container":"67310776391b","level":"INFO","thread":"EthScheduler-Workers-0","class":"PersistBlockTask","message":"Imported #186 / 0 tx / 0 om / 0 (0.0%) gas / (0x508281d028029bfd13a136c6e0d652b752f3c5c2840d7d0b3d4b75a9c6985820) in 0.005s. Peers: 7","throwable":""}
{"timestamp":"2025-01-24T14:14:32,033","container":"67310776391b","level":"INFO","thread":"EthScheduler-Workers-0","class":"PersistBlockTask","message":"Imported #187 / 0 tx / 0 om / 0 (0.0%) gas / (0x8c81bee7fc867adeeab00a6acac6995d2109ee55ce7fbaedf7399326e5279d7c) in 0.005s. Peers: 7","throwable":""}
{"timestamp":"2025-01-24T14:14:37,024","container":"67310776391b","level":"INFO","thread":"EthScheduler-Workers-0","class":"PersistBlockTask","message":"Imported #188 / 0 tx / 0 om / 0 (0.0%) gas / (0x7cbb703c18bd4b0895b258c543768932ddb71983acd898dab9d3e9c94a900d88) in 0.004s. Peers: 7","throwable":""}
{"timestamp":"2025-01-24T14:14:42,098","container":"67310776391b","level":"INFO","thread":"EthScheduler-Workers-0","class":"PersistBlockTask","message":"Imported #189 / 0 tx / 0 om / 0 (0.0%) gas / (0x64dee433a034bb63e45225777173040bb9be84f83292c0779b60cef54cb6f78f) in 0.054s. Peers: 7","throwable":""}
{"timestamp":"2025-01-24T14:14:47,026","container":"67310776391b","level":"INFO","thread":"EthScheduler-Workers-0","class":"PersistBlockTask","message":"Imported #190 / 0 tx / 0 om / 0 (0.0%) gas / (0xed3dce08642476f0a96a36c95195f84b1b2bee6ceabfcd9ffbe8c49c59a4693d) in 0.003s. Peers: 7","throwable":""}
{"timestamp":"2025-01-24T14:14:52,128","container":"67310776391b","level":"INFO","thread":"EthScheduler-Workers-0","class":"PersistBlockTask","message":"Imported #191 / 0 tx / 0 om / 0 (0.0%) gas / (0xdc9d8ee7dc4b366dd565760559eecb98fadde9d1d7266b07b8e8b76b679b2ecc) in 0.058s. Peers: 7","throwable":""}
{"timestamp":"2025-01-24T14:14:54,614","container":"67310776391b","level":"INFO","thread":"BftProcessorExecutor-QBFT-0","class":"BftProcessor","message":"Shutting down BFT event processor","throwable":""}
{"timestamp":"2025-01-24T14:14:54,653","container":"67310776391b","level":"INFO","thread":"BesuCommand-Shutdown-Hook","class":"DefaultSynchronizer","message":"Stopping synchronizer","throwable":""}
{"timestamp":"2025-01-24T14:14:54,698","container":"67310776391b","level":"INFO","thread":"BesuCommand-Shutdown-Hook","class":"NetworkRunner","message":"Stopping Network.","throwable":""}
{"timestamp":"2025-01-24T14:14:54,890","container":"67310776391b","level":"INFO","thread":"BesuCommand-Shutdown-Hook","class":"EthProtocolManager","message":"Stopping eth Subprotocol.","throwable":""}
{"timestamp":"2025-01-24T14:14:54,949","container":"67310776391b","level":"INFO","thread":"BesuCommand-Shutdown-Hook","class":"EthProtocolManager","message":"eth Subprotocol stopped.","throwable":""}
{"timestamp":"2025-01-24T14:14:54,953","container":"67310776391b","level":"INFO","thread":"BesuCommand-Shutdown-Hook","class":"NetworkRunner","message":"Network stopped.","throwable":""}
{"timestamp":"2025-01-24T14:14:54,957","container":"67310776391b","level":"INFO","thread":"BesuCommand-Shutdown-Hook","class":"AutoTransactionLogBloomCachingService","message":"Shutting down Auto transaction logs caching service.","throwable":""}
{"timestamp":"2025-01-24T14:14:55,020","container":"67310776391b","level":"INFO","thread":"BesuCommand-Shutdown-Hook","class":"DockerNatManager","message":"Stopping docker NAT manager.","throwable":""}
