{"timestamp":"2025-01-24T13:41:01,927","container":"ce31ad6d523f","level":"INFO","thread":"main","class":"Besu","message":"Starting Besu","throwable":""}
{"timestamp":"2025-01-24T13:41:06,234","container":"ce31ad6d523f","level":"WARN","thread":"main","class":"Besu","message":"--min-gas-price has been ignored because --miner-enabled was not defined on the command line.","throwable":""}
{"timestamp":"2025-01-24T13:41:13,269","container":"ce31ad6d523f","level":"INFO","thread":"main","class":"Besu","message":"
####################################################################################################
#                                                                                                  #
# Besu version 23.4.1                                                                              #
#                                                                                                  #
# Configuration:                                                                                   #
# Network: Custom genesis file specified                                                           #
# Network Id: 1337                                                                                 #
# Data storage: Forest                                                                             #
# Sync mode: Full                                                                                  #
# RPC HTTP APIs: EEA,WEB3,ETH,NET,TRACE,DEBUG,ADMIN,TXPOOL,PRIV,PERM,QBFT                          #
# RPC HTTP port: 8545                                                                              #
#                                                                                                  #
# Host:                                                                                            #
# Java: openjdk-java-17                                                                            #
# Maximum heap size: 1.85 GB                                                                       #
# OS: linux-x86_64                                                                                 #
# glibc: 2.35                                                                                      #
# jemalloc: 5.2.1-0-gea6b3e973b477b8061e0076bb257dbd7f3faa756                                      #
# Total memory: 7.40 GB                                                                            #
# CPU cores: 8                                                                                     #
#                                                                                                  #
####################################################################################################","throwable":""}
{"timestamp":"2025-01-24T13:41:13,281","container":"ce31ad6d523f","level":"INFO","thread":"main","class":"Besu","message":"Connecting to 8 static nodes.","throwable":""}
{"timestamp":"2025-01-24T13:41:13,284","container":"ce31ad6d523f","level":"INFO","thread":"main","class":"Besu","message":"Security Module: localfile","throwable":""}
{"timestamp":"2025-01-24T13:41:13,638","container":"ce31ad6d523f","level":"INFO","thread":"main","class":"Besu","message":"Using the native implementation of alt bn128","throwable":""}
{"timestamp":"2025-01-24T13:41:13,822","container":"ce31ad6d523f","level":"INFO","thread":"main","class":"Besu","message":"Using the native implementation of modexp","throwable":""}
{"timestamp":"2025-01-24T13:41:13,833","container":"ce31ad6d523f","level":"INFO","thread":"main","class":"Besu","message":"Using the native implementation of the signature algorithm","throwable":""}
{"timestamp":"2025-01-24T13:41:13,860","container":"ce31ad6d523f","level":"INFO","thread":"main","class":"Besu","message":"Using the native implementation of the blake2bf algorithm","throwable":""}
{"timestamp":"2025-01-24T13:41:14,092","container":"ce31ad6d523f","level":"INFO","thread":"main","class":"RocksDBKeyValueStorageFactory","message":"No existing database detected at /opt/besu/data. Using version 1","throwable":""}
{"timestamp":"2025-01-24T13:41:19,884","container":"ce31ad6d523f","level":"INFO","thread":"main","class":"KeyPairUtil","message":"Loaded public key 0xb9050e002aa42464e6b07c811a1f9dfec01249af03f67b753e8415420649b184447bb2a784863ccbf327ad9e31aaba803464979dfe6a7facc669151a5fa6ad1b from /opt/besu/keys/nodekey","throwable":""}
{"timestamp":"2025-01-24T13:41:19,974","container":"ce31ad6d523f","level":"WARN","thread":"main","class":"Besu","message":"Privacy is disabled. Cannot use EEA/PRIV API methods when not using Privacy.","throwable":""}
{"timestamp":"2025-01-24T13:41:23,042","container":"ce31ad6d523f","level":"INFO","thread":"main","class":"ProtocolScheduleBuilder","message":"Protocol schedule created with milestones: [GrayGlacier: 0]","throwable":""}
{"timestamp":"2025-01-24T13:41:24,759","container":"ce31ad6d523f","level":"INFO","thread":"main","class":"TransactionPoolFactory","message":"Enabling transaction pool","throwable":""}
{"timestamp":"2025-01-24T13:41:25,108","container":"ce31ad6d523f","level":"INFO","thread":"main","class":"BesuControllerBuilder","message":"TTD difficulty is not present, creating initial sync phase for PoW","throwable":""}
{"timestamp":"2025-01-24T13:41:26,359","container":"ce31ad6d523f","level":"INFO","thread":"main","class":"RunnerBuilder","message":"Detecting NAT service.","throwable":""}
{"timestamp":"2025-01-24T13:41:33,109","container":"ce31ad6d523f","level":"INFO","thread":"main","class":"Runner","message":"Starting external services ... ","throwable":""}
{"timestamp":"2025-01-24T13:41:33,112","container":"ce31ad6d523f","level":"INFO","thread":"main","class":"MetricsHttpService","message":"Starting metrics http service on 0.0.0.0:9545","throwable":""}
{"timestamp":"2025-01-24T13:41:34,753","container":"ce31ad6d523f","level":"INFO","thread":"main","class":"JsonRpcHttpService","message":"Starting JSON-RPC service on 0.0.0.0:8545","throwable":""}
{"timestamp":"2025-01-24T13:41:34,754","container":"ce31ad6d523f","level":"INFO","thread":"vert.x-eventloop-thread-1","class":"MetricsHttpService","message":"Metrics service started and listening on 0.0.0.0:9545","throwable":""}
{"timestamp":"2025-01-24T13:41:34,979","container":"ce31ad6d523f","level":"INFO","thread":"vert.x-eventloop-thread-1","class":"JsonRpcHttpService","message":"JSON-RPC service started and listening on 0.0.0.0:8545","throwable":""}
{"timestamp":"2025-01-24T13:41:34,983","container":"ce31ad6d523f","level":"INFO","thread":"main","class":"GraphQLHttpService","message":"Starting GraphQL HTTP service on 0.0.0.0:8547","throwable":""}
{"timestamp":"2025-01-24T13:41:34,993","container":"ce31ad6d523f","level":"INFO","thread":"vert.x-eventloop-thread-1","class":"GraphQLHttpService","message":"GraphQL HTTP service started and listening on 0.0.0.0:8547","throwable":""}
{"timestamp":"2025-01-24T13:41:34,995","container":"ce31ad6d523f","level":"INFO","thread":"main","class":"WebSocketService","message":"Starting Websocket service on 0.0.0.0:8546","throwable":""}
{"timestamp":"2025-01-24T13:41:35,052","container":"ce31ad6d523f","level":"INFO","thread":"vert.x-eventloop-thread-1","class":"WebSocketService","message":"Websocket service started and listening on 0.0.0.0:8546","throwable":""}
{"timestamp":"2025-01-24T13:41:35,068","container":"ce31ad6d523f","level":"INFO","thread":"main","class":"AutoTransactionLogBloomCachingService","message":"Starting auto transaction log bloom caching service.","throwable":""}
{"timestamp":"2025-01-24T13:41:35,095","container":"ce31ad6d523f","level":"INFO","thread":"main","class":"LogBloomCacheMetadata","message":"Lookup cache metadata file in data directory: /opt/besu/data/caches","throwable":""}
{"timestamp":"2025-01-24T13:41:35,264","container":"ce31ad6d523f","level":"INFO","thread":"main","class":"Runner","message":"Starting Ethereum main loop ... ","throwable":""}
{"timestamp":"2025-01-24T13:41:35,281","container":"ce31ad6d523f","level":"INFO","thread":"main","class":"DockerNatManager","message":"Starting docker NAT manager.","throwable":""}
{"timestamp":"2025-01-24T13:41:37,160","container":"ce31ad6d523f","level":"INFO","thread":"main","class":"NetworkRunner","message":"Starting Network.","throwable":""}
{"timestamp":"2025-01-24T13:41:37,194","container":"ce31ad6d523f","level":"INFO","thread":"nioEventLoopGroup-2-1","class":"RlpxAgent","message":"P2P RLPx agent started and listening on /[0:0:0:0:0:0:0:0]:30303.","throwable":""}
{"timestamp":"2025-01-24T13:41:37,203","container":"ce31ad6d523f","level":"INFO","thread":"main","class":"PeerDiscoveryAgent","message":"Starting peer discovery agent on host=0.0.0.0, port=30303","throwable":""}
{"timestamp":"2025-01-24T13:41:37,290","container":"ce31ad6d523f","level":"INFO","thread":"vert.x-eventloop-thread-1","class":"VertxPeerDiscoveryAgent","message":"Started peer discovery agent successfully, on effective host=0:0:0:0:0:0:0:0%0 and port=30303","throwable":""}
{"timestamp":"2025-01-24T13:41:37,295","container":"ce31ad6d523f","level":"INFO","thread":"vert.x-eventloop-thread-1","class":"PeerDiscoveryAgent","message":"P2P peer discovery agent started and listening on /[0:0:0:0:0:0:0:0%0]:30303","throwable":""}
{"timestamp":"2025-01-24T13:41:37,885","container":"ce31ad6d523f","level":"INFO","thread":"vert.x-eventloop-thread-1","class":"PeerDiscoveryAgent","message":"Writing node record to disk. NodeRecord{seq=1, publicKey=0x03b9050e002aa42464e6b07c811a1f9dfec01249af03f67b753e8415420649b184, udpAddress=Optional[/172.16.239.12:30303], tcpAddress=Optional[/172.16.239.12:30303], asBase64=-Je4QNL2ckGHTxPmgpYQRXuVgOl07xd66qFsVR0TPzqsslMyOd3AOtWQ4Xv-DgHQy9h_nvVhzY2Il2G6DuNkfupxvJQBg2V0aMfGhMw13_-AgmlkgnY0gmlwhKwQ7wyJc2VjcDI1NmsxoQO5BQ4AKqQkZOawfIEaH53-wBJJrwP2e3U-hBVCBkmxhIN0Y3CCdl-DdWRwgnZf, nodeId=0x27059b2392ab7830b38b2f4d27a97c9aaf04f18f3014c32e036dd0ac76da5f18, customFields={tcp=30303, udp=30303, ip=0xac10ef0c, eth=[[0xcc35dfff, 0x]], id=V4, secp256k1=0x03b9050e002aa42464e6b07c811a1f9dfec01249af03f67b753e8415420649b184}}","throwable":""}
{"timestamp":"2025-01-24T13:41:38,265","container":"ce31ad6d523f","level":"INFO","thread":"main","class":"DefaultP2PNetwork","message":"Enode URL enode://b9050e002aa42464e6b07c811a1f9dfec01249af03f67b753e8415420649b184447bb2a784863ccbf327ad9e31aaba803464979dfe6a7facc669151a5fa6ad1b@172.16.239.12:30303","throwable":""}
{"timestamp":"2025-01-24T13:41:38,272","container":"ce31ad6d523f","level":"INFO","thread":"main","class":"DefaultP2PNetwork","message":"Node address 0x27a97c9aaf04f18f3014c32e036dd0ac76da5f18","throwable":""}
{"timestamp":"2025-01-24T13:41:38,521","container":"ce31ad6d523f","level":"INFO","thread":"main","class":"NetworkRunner","message":"Supported capabilities: [eth/62, eth/63, eth/64, eth/65, eth/66, eth/67, eth/68], [istanbul/100], [snap/1]","throwable":""}
{"timestamp":"2025-01-24T13:41:38,523","container":"ce31ad6d523f","level":"INFO","thread":"main","class":"DefaultSynchronizer","message":"Starting synchronizer.","throwable":""}
{"timestamp":"2025-01-24T13:41:38,533","container":"ce31ad6d523f","level":"INFO","thread":"main","class":"TransactionPoolFactory","message":"Enabling transaction handling following initial sync","throwable":""}
{"timestamp":"2025-01-24T13:41:38,558","container":"ce31ad6d523f","level":"INFO","thread":"main","class":"FullSyncDownloader","message":"Starting full sync.","throwable":""}
{"timestamp":"2025-01-24T13:41:38,575","container":"ce31ad6d523f","level":"INFO","thread":"main","class":"FullSyncTargetManager","message":"Unable to find sync target. Currently checking 0 peers for usefulness","throwable":""}
{"timestamp":"2025-01-24T13:41:39,176","container":"ce31ad6d523f","level":"INFO","thread":"main","class":"Runner","message":"Ethereum main loop is up.","throwable":""}
{"timestamp":"2025-01-24T13:41:41,134","container":"ce31ad6d523f","level":"INFO","thread":"nioEventLoopGroup-3-5","class":"FullSyncTargetManager","message":"Unable to find sync target. Currently checking 1 peers for usefulness","throwable":""}
{"timestamp":"2025-01-24T13:41:41,187","container":"ce31ad6d523f","level":"INFO","thread":"nioEventLoopGroup-3-8","class":"FullSyncTargetManager","message":"Unable to find sync target. Currently checking 2 peers for usefulness","throwable":""}
{"timestamp":"2025-01-24T13:41:42,295","container":"ce31ad6d523f","level":"INFO","thread":"nioEventLoopGroup-3-6","class":"FullSyncTargetManager","message":"Unable to find sync target. Currently checking 3 peers for usefulness","throwable":""}
{"timestamp":"2025-01-24T13:41:42,830","container":"ce31ad6d523f","level":"INFO","thread":"nioEventLoopGroup-3-1","class":"FullSyncTargetManager","message":"Unable to find sync target. Currently checking 4 peers for usefulness","throwable":""}
{"timestamp":"2025-01-24T13:41:45,305","container":"ce31ad6d523f","level":"INFO","thread":"nioEventLoopGroup-3-2","class":"FullSyncTargetManager","message":"Unable to find sync target. Currently checking 5 peers for usefulness","throwable":""}
{"timestamp":"2025-01-24T13:41:45,545","container":"ce31ad6d523f","level":"INFO","thread":"nioEventLoopGroup-3-3","class":"FullSyncTargetManager","message":"Unable to find sync target. Currently checking 6 peers for usefulness","throwable":""}
{"timestamp":"2025-01-24T13:41:47,446","container":"ce31ad6d523f","level":"INFO","thread":"nioEventLoopGroup-3-4","class":"FullSyncTargetManager","message":"Unable to find sync target. Currently checking 7 peers for usefulness","throwable":""}
{"timestamp":"2025-01-24T13:41:52,450","container":"ce31ad6d523f","level":"INFO","thread":"EthScheduler-Timer-0","class":"FullSyncTargetManager","message":"Unable to find sync target. Currently checking 7 peers for usefulness","throwable":""}
{"timestamp":"2025-01-24T13:41:56,106","container":"ce31ad6d523f","level":"INFO","thread":"BftProcessorExecutor-QBFT-0","class":"QbftRound","message":"Importing proposed block to chain. round=ConsensusRoundIdentifier{Sequence=1, Round=1}, hash=0x19791a49d32fcb7c7b4cff0fb80f358c140dfef7bb47860183e3340f4ca57ec1","throwable":""}
{"timestamp":"2025-01-24T13:41:56,538","container":"ce31ad6d523f","level":"INFO","thread":"BftProcessorExecutor-QBFT-0","class":"QbftBesuControllerBuilder","message":"Imported #1 / 0 tx / 0 pending / 0 (0.0%) gas / (0x19791a49d32fcb7c7b4cff0fb80f358c140dfef7bb47860183e3340f4ca57ec1)","throwable":""}
{"timestamp":"2025-01-24T13:41:57,467","container":"ce31ad6d523f","level":"INFO","thread":"EthScheduler-Timer-0","class":"FullSyncTargetManager","message":"Unable to find sync target. Currently checking 7 peers for usefulness","throwable":""}
{"timestamp":"2025-01-24T13:42:00,373","container":"ce31ad6d523f","level":"INFO","thread":"EthScheduler-Workers-0","class":"PersistBlockTask","message":"Imported #2 / 0 tx / 0 om / 0 (0.0%) gas / (0x05fd8a0e661fcc6384acd47dbb666440d6800d63f0a59fc1ddfc5aa7bb9902da) in 0.058s. Peers: 7","throwable":""}
{"timestamp":"2025-01-24T13:42:05,330","container":"ce31ad6d523f","level":"INFO","thread":"BftProcessorExecutor-QBFT-0","class":"QbftBesuControllerBuilder","message":"Imported #3 / 0 tx / 0 pending / 0 (0.0%) gas / (0x66f0a50b00d86e5ddba7b2e90183f595564116731344b4c9f654ef8e0be03f44)","throwable":""}
{"timestamp":"2025-01-24T13:42:10,345","container":"ce31ad6d523f","level":"INFO","thread":"EthScheduler-Workers-0","class":"PersistBlockTask","message":"Block 4 (0x3cf42719beaf469fffa7159e024f2f5a952a23df815d342bc715c980a20b1004) is already imported","throwable":""}
{"timestamp":"2025-01-24T13:42:10,492","container":"ce31ad6d523f","level":"INFO","thread":"BftProcessorExecutor-QBFT-0","class":"QbftBesuControllerBuilder","message":"Produced #4 / 0 tx / 0 pending / 0 (0.0%) gas / (0x3cf42719beaf469fffa7159e024f2f5a952a23df815d342bc715c980a20b1004)","throwable":""}
{"timestamp":"2025-01-24T13:42:15,301","container":"ce31ad6d523f","level":"INFO","thread":"BftProcessorExecutor-QBFT-0","class":"QbftBesuControllerBuilder","message":"Imported #5 / 0 tx / 0 pending / 0 (0.0%) gas / (0xade7619052de508a156ada77ee1913db1fd6c10aaf75b548e12d3b844a9de247)","throwable":""}
{"timestamp":"2025-01-24T13:42:20,264","container":"ce31ad6d523f","level":"INFO","thread":"EthScheduler-Workers-0","class":"PersistBlockTask","message":"Imported #6 / 0 tx / 0 om / 0 (0.0%) gas / (0xbee87ec388824375f4e012b7b81ed90093842ea1e1a3066f9c44784ab7f9b3c0) in 0.007s. Peers: 7","throwable":""}
{"timestamp":"2025-01-24T13:42:20,343","container":"ce31ad6d523f","level":"INFO","thread":"BftProcessorExecutor-QBFT-0","class":"QbftBesuControllerBuilder","message":"Imported #6 / 0 tx / 0 pending / 0 (0.0%) gas / (0xbee87ec388824375f4e012b7b81ed90093842ea1e1a3066f9c44784ab7f9b3c0)","throwable":""}
{"timestamp":"2025-01-24T13:42:25,251","container":"ce31ad6d523f","level":"INFO","thread":"EthScheduler-Workers-0","class":"PersistBlockTask","message":"Imported #7 / 0 tx / 0 om / 0 (0.0%) gas / (0x1948c586e4ec2d59052426fff1507c20a0dd87eb9e80fce4393a45a7385950ef) in 0.030s. Peers: 7","throwable":""}
{"timestamp":"2025-01-24T13:42:25,288","container":"ce31ad6d523f","level":"INFO","thread":"BftProcessorExecutor-QBFT-0","class":"QbftBesuControllerBuilder","message":"Imported #7 / 0 tx / 0 pending / 0 (0.0%) gas / (0x1948c586e4ec2d59052426fff1507c20a0dd87eb9e80fce4393a45a7385950ef)","throwable":""}
{"timestamp":"2025-01-24T13:42:30,267","container":"ce31ad6d523f","level":"INFO","thread":"BftProcessorExecutor-QBFT-0","class":"QbftBesuControllerBuilder","message":"Produced #8 / 0 tx / 0 pending / 0 (0.0%) gas / (0x93ac3f88de4f5e434349efee03bee9ebbad9be3a2e1f7f7898ca326587948f39)","throwable":""}
{"timestamp":"2025-01-24T13:42:35,166","container":"ce31ad6d523f","level":"INFO","thread":"EthScheduler-Workers-0","class":"PersistBlockTask","message":"Block 9 (0xb4720dc1f41eb2b3d4bb2a6f977929dbc68a248404de7e6fed9fc91db9c32619) is already imported","throwable":""}
{"timestamp":"2025-01-24T13:42:35,189","container":"ce31ad6d523f","level":"INFO","thread":"BftProcessorExecutor-QBFT-0","class":"QbftBesuControllerBuilder","message":"Imported #9 / 0 tx / 0 pending / 0 (0.0%) gas / (0xb4720dc1f41eb2b3d4bb2a6f977929dbc68a248404de7e6fed9fc91db9c32619)","throwable":""}
{"timestamp":"2025-01-24T13:42:40,292","container":"ce31ad6d523f","level":"INFO","thread":"BftProcessorExecutor-QBFT-0","class":"QbftBesuControllerBuilder","message":"Imported #10 / 0 tx / 0 pending / 0 (0.0%) gas / (0x586673c5161e3cc0100cbb60293005ecb4df64d0a8569c77dc0974838c153f21)","throwable":""}
{"timestamp":"2025-01-24T13:42:45,143","container":"ce31ad6d523f","level":"INFO","thread":"BftProcessorExecutor-QBFT-0","class":"QbftBesuControllerBuilder","message":"Imported #11 / 0 tx / 0 pending / 0 (0.0%) gas / (0xfbfe6236f5e52838619fae4c2a91647b0320634c7e44bb8879004f152672c84f)","throwable":""}
{"timestamp":"2025-01-24T13:42:50,182","container":"ce31ad6d523f","level":"INFO","thread":"EthScheduler-Workers-0","class":"PersistBlockTask","message":"Imported #12 / 0 tx / 0 om / 0 (0.0%) gas / (0xa96f85fefe5e5db885cad268b492bb474e7df57a83b04b51fc8e6e8edc1a6a48) in 0.027s. Peers: 7","throwable":""}
{"timestamp":"2025-01-24T13:42:50,220","container":"ce31ad6d523f","level":"INFO","thread":"BftProcessorExecutor-QBFT-0","class":"QbftBesuControllerBuilder","message":"Produced #12 / 0 tx / 0 pending / 0 (0.0%) gas / (0xa96f85fefe5e5db885cad268b492bb474e7df57a83b04b51fc8e6e8edc1a6a48)","throwable":""}
{"timestamp":"2025-01-24T13:42:55,203","container":"ce31ad6d523f","level":"INFO","thread":"BftProcessorExecutor-QBFT-0","class":"QbftBesuControllerBuilder","message":"Imported #13 / 0 tx / 0 pending / 0 (0.0%) gas / (0x74c9af83dbdfda610489bbf24ce919b9e9d080c3ea40307fc50b7aadd3491fe7)","throwable":""}
{"timestamp":"2025-01-24T13:43:00,138","container":"ce31ad6d523f","level":"INFO","thread":"BftProcessorExecutor-QBFT-0","class":"QbftBesuControllerBuilder","message":"Imported #14 / 0 tx / 0 pending / 0 (0.0%) gas / (0xa42cca19a2213d08a99b12334262f786f2f9f44557dff7d9fbd1f182589f7461)","throwable":""}
{"timestamp":"2025-01-24T13:43:05,119","container":"ce31ad6d523f","level":"INFO","thread":"EthScheduler-Workers-0","class":"PersistBlockTask","message":"Block 15 (0x15f45898a443917c701f86caeaf6590dd0a010995466991d9a42420c65499087) is already imported","throwable":""}
{"timestamp":"2025-01-24T13:43:05,123","container":"ce31ad6d523f","level":"INFO","thread":"BftProcessorExecutor-QBFT-0","class":"QbftBesuControllerBuilder","message":"Imported #15 / 0 tx / 0 pending / 0 (0.0%) gas / (0x15f45898a443917c701f86caeaf6590dd0a010995466991d9a42420c65499087)","throwable":""}
{"timestamp":"2025-01-24T13:43:10,170","container":"ce31ad6d523f","level":"INFO","thread":"EthScheduler-Workers-0","class":"PersistBlockTask","message":"Imported #16 / 0 tx / 0 om / 0 (0.0%) gas / (0x6abe116ac45b8f1cfc14958eb5a10db7d66c13b2668f4a2e2b705ce30b8bc0a5) in 0.015s. Peers: 7","throwable":""}
{"timestamp":"2025-01-24T13:43:15,126","container":"ce31ad6d523f","level":"INFO","thread":"BftProcessorExecutor-QBFT-0","class":"QbftBesuControllerBuilder","message":"Imported #17 / 0 tx / 0 pending / 0 (0.0%) gas / (0x5c30419b736240f1fd5f1bdedac696a2729f2e42914a3a98d56039c49b50b3fe)","throwable":""}
{"timestamp":"2025-01-24T13:43:20,204","container":"ce31ad6d523f","level":"INFO","thread":"BftProcessorExecutor-QBFT-0","class":"QbftBesuControllerBuilder","message":"Imported #18 / 0 tx / 0 pending / 0 (0.0%) gas / (0x98388125aef105ede58b37ea1753abac3b5a71daaff35d0bd45b466383432f70)","throwable":""}
{"timestamp":"2025-01-24T13:43:25,245","container":"ce31ad6d523f","level":"INFO","thread":"BftProcessorExecutor-QBFT-0","class":"QbftBesuControllerBuilder","message":"Imported #19 / 0 tx / 0 pending / 0 (0.0%) gas / (0x10d765a67793f2f9a762e2a15f865a6c8ebb2493fd941d089875e93dbf3f0af4)","throwable":""}
{"timestamp":"2025-01-24T13:43:30,074","container":"ce31ad6d523f","level":"INFO","thread":"BftProcessorExecutor-QBFT-0","class":"QbftBesuControllerBuilder","message":"Produced #20 / 0 tx / 0 pending / 0 (0.0%) gas / (0x7833bff71f127301f69415ab859c6394d8fda8ecdcc09789166197681135f963)","throwable":""}
{"timestamp":"2025-01-24T13:43:35,141","container":"ce31ad6d523f","level":"INFO","thread":"BftProcessorExecutor-QBFT-0","class":"QbftBesuControllerBuilder","message":"Imported #21 / 0 tx / 0 pending / 0 (0.0%) gas / (0x71e7f95f21154502e2d00035fd4d832ede64cc9f76441fd65b090ff357e38992)","throwable":""}
{"timestamp":"2025-01-24T13:43:40,078","container":"ce31ad6d523f","level":"INFO","thread":"EthScheduler-Workers-0","class":"PersistBlockTask","message":"Imported #22 / 0 tx / 0 om / 0 (0.0%) gas / (0x7c2a43a3edc7b4d8ff3cc58d2b514f43cf8230a20904f9216ec7311df62d6ac4) in 0.021s. Peers: 7","throwable":""}
{"timestamp":"2025-01-24T13:43:45,161","container":"ce31ad6d523f","level":"INFO","thread":"EthScheduler-Workers-0","class":"PersistBlockTask","message":"Block 23 (0x604300b0147cc3fcf2e9fe7e619d0450efffd75175c701b61f7bf21951cb5ac1) is already imported","throwable":""}
{"timestamp":"2025-01-24T13:43:45,167","container":"ce31ad6d523f","level":"INFO","thread":"BftProcessorExecutor-QBFT-0","class":"QbftBesuControllerBuilder","message":"Imported #23 / 0 tx / 0 pending / 0 (0.0%) gas / (0x604300b0147cc3fcf2e9fe7e619d0450efffd75175c701b61f7bf21951cb5ac1)","throwable":""}
{"timestamp":"2025-01-24T13:43:50,047","container":"ce31ad6d523f","level":"INFO","thread":"BftProcessorExecutor-QBFT-0","class":"QbftBesuControllerBuilder","message":"Produced #24 / 0 tx / 0 pending / 0 (0.0%) gas / (0x055b52fb6c474d09e67d59d7ce4af10cce3ab3230ea4947dd706ba82a4467a9c)","throwable":""}
{"timestamp":"2025-01-24T13:43:55,212","container":"ce31ad6d523f","level":"INFO","thread":"BftProcessorExecutor-QBFT-0","class":"QbftBesuControllerBuilder","message":"Imported #25 / 0 tx / 0 pending / 0 (0.0%) gas / (0xf948f98e5f2704e145286ceac4607194c79f674e063f43ff46e0359dab7c44f6)","throwable":""}
{"timestamp":"2025-01-24T13:44:00,288","container":"ce31ad6d523f","level":"INFO","thread":"BftProcessorExecutor-QBFT-0","class":"QbftBesuControllerBuilder","message":"Imported #26 / 0 tx / 0 pending / 0 (0.0%) gas / (0xa6a1696d016b2a9ada4781c5559a81908e23ff23295562fb9ff90e3697be336b)","throwable":""}
{"timestamp":"2025-01-24T13:44:05,124","container":"ce31ad6d523f","level":"INFO","thread":"BftProcessorExecutor-QBFT-0","class":"QbftBesuControllerBuilder","message":"Imported #27 / 0 tx / 0 pending / 0 (0.0%) gas / (0x6a12c06e925484c50f812ab091921f94beaf40f00045f6791bf5d2108942fb70)","throwable":""}
{"timestamp":"2025-01-24T13:44:10,135","container":"ce31ad6d523f","level":"INFO","thread":"BftProcessorExecutor-QBFT-0","class":"QbftBesuControllerBuilder","message":"Produced #28 / 0 tx / 0 pending / 0 (0.0%) gas / (0xc7c9a630638d79c94b40c6f336ef6dd5e3c84364e7540bfa5cc113ecdbfed0c4)","throwable":""}
{"timestamp":"2025-01-24T13:44:15,140","container":"ce31ad6d523f","level":"INFO","thread":"EthScheduler-Workers-0","class":"PersistBlockTask","message":"Block 29 (0xfae3846cfd1b3d9775847930e5acdf088b941891c56553dc56a105e2cbe32674) is already imported","throwable":""}
{"timestamp":"2025-01-24T13:44:15,188","container":"ce31ad6d523f","level":"INFO","thread":"BftProcessorExecutor-QBFT-0","class":"QbftBesuControllerBuilder","message":"Imported #29 / 0 tx / 0 pending / 0 (0.0%) gas / (0xfae3846cfd1b3d9775847930e5acdf088b941891c56553dc56a105e2cbe32674)","throwable":""}
{"timestamp":"2025-01-24T13:44:20,104","container":"ce31ad6d523f","level":"INFO","thread":"EthScheduler-Workers-0","class":"PersistBlockTask","message":"Block 30 (0x0d371f842cf2ce8977f86d5432feb4d60e1e1ba8344fccdd6dad4fd91af86d27) is already imported","throwable":""}
{"timestamp":"2025-01-24T13:44:20,131","container":"ce31ad6d523f","level":"INFO","thread":"BftProcessorExecutor-QBFT-0","class":"QbftBesuControllerBuilder","message":"Imported #30 / 0 tx / 0 pending / 0 (0.0%) gas / (0x0d371f842cf2ce8977f86d5432feb4d60e1e1ba8344fccdd6dad4fd91af86d27)","throwable":""}
{"timestamp":"2025-01-24T13:44:25,191","container":"ce31ad6d523f","level":"INFO","thread":"BftProcessorExecutor-QBFT-0","class":"QbftBesuControllerBuilder","message":"Imported #31 / 0 tx / 0 pending / 0 (0.0%) gas / (0x29b5513752f86ace6fc66c00944b56f4c23d26a57455666a8a255caa977a8da2)","throwable":""}
{"timestamp":"2025-01-24T13:44:30,130","container":"ce31ad6d523f","level":"INFO","thread":"BftProcessorExecutor-QBFT-0","class":"QbftBesuControllerBuilder","message":"Produced #32 / 0 tx / 0 pending / 0 (0.0%) gas / (0x8ef9ec59413cd885c90f2965b93ac0ca8935df9d624e6165fbb467cb8819359a)","throwable":""}
{"timestamp":"2025-01-24T13:44:35,196","container":"ce31ad6d523f","level":"INFO","thread":"BftProcessorExecutor-QBFT-0","class":"QbftBesuControllerBuilder","message":"Imported #33 / 0 tx / 0 pending / 0 (0.0%) gas / (0xc5de4902c14fded96de9a48e612b6387b24aa3fdec28005fde521ba0b8037588)","throwable":""}
{"timestamp":"2025-01-24T13:44:40,154","container":"ce31ad6d523f","level":"INFO","thread":"BftProcessorExecutor-QBFT-0","class":"QbftBesuControllerBuilder","message":"Imported #34 / 0 tx / 0 pending / 0 (0.0%) gas / (0x9c5149c400915b9be2965119c670f8f0df3074c7bb2466da019a4dfa0b2418d5)","throwable":""}
{"timestamp":"2025-01-24T13:44:45,034","container":"ce31ad6d523f","level":"INFO","thread":"BftProcessorExecutor-QBFT-0","class":"QbftBesuControllerBuilder","message":"Imported #35 / 0 tx / 0 pending / 0 (0.0%) gas / (0x18f42d512d425a80a7a3b16b33f0358f1b6f42f59b63f1c838afd34ad654eda7)","throwable":""}
{"timestamp":"2025-01-24T13:44:50,101","container":"ce31ad6d523f","level":"INFO","thread":"EthScheduler-Workers-0","class":"PersistBlockTask","message":"Imported #36 / 0 tx / 0 om / 0 (0.0%) gas / (0x9f08ae2a6abd529f2285c4d938f5b5a5cd80ead10df21a12e791ecdccedb640d) in 0.035s. Peers: 7","throwable":""}
{"timestamp":"2025-01-24T13:44:55,088","container":"ce31ad6d523f","level":"INFO","thread":"EthScheduler-Workers-0","class":"PersistBlockTask","message":"Imported #37 / 0 tx / 0 om / 0 (0.0%) gas / (0xd666b81099b0a11122ce18643742e2b0c888a26009f9d0927ef4eac0dc0480e3) in 0.022s. Peers: 7","throwable":""}
{"timestamp":"2025-01-24T13:45:00,050","container":"ce31ad6d523f","level":"INFO","thread":"BftProcessorExecutor-QBFT-0","class":"QbftBesuControllerBuilder","message":"Imported #38 / 0 tx / 0 pending / 0 (0.0%) gas / (0x86345a809d848f83ab0df3af9f65033e9abdc3e508de5091e0efe91b487e6570)","throwable":""}
{"timestamp":"2025-01-24T13:45:05,052","container":"ce31ad6d523f","level":"INFO","thread":"BftProcessorExecutor-QBFT-0","class":"QbftBesuControllerBuilder","message":"Imported #39 / 0 tx / 0 pending / 0 (0.0%) gas / (0x93f1b617a743f6485fe1484040d9a7556f35eb9bd03afc850a35ad8dfaf1e0c3)","throwable":""}
{"timestamp":"2025-01-24T13:45:10,036","container":"ce31ad6d523f","level":"INFO","thread":"BftProcessorExecutor-QBFT-0","class":"QbftBesuControllerBuilder","message":"Produced #40 / 0 tx / 0 pending / 0 (0.0%) gas / (0x1895b1e49cf591bebc2caa8e5d96b5424e234a8195fcf44bbd01a0abcb007c22)","throwable":""}
{"timestamp":"2025-01-24T13:45:15,115","container":"ce31ad6d523f","level":"INFO","thread":"BftProcessorExecutor-QBFT-0","class":"QbftBesuControllerBuilder","message":"Imported #41 / 0 tx / 0 pending / 0 (0.0%) gas / (0x504db19e4d8e7dce14e727f984c5bbf2b705020db13357d8660e85fecf6dff62)","throwable":""}
{"timestamp":"2025-01-24T13:45:20,072","container":"ce31ad6d523f","level":"INFO","thread":"BftProcessorExecutor-QBFT-0","class":"QbftBesuControllerBuilder","message":"Imported #42 / 0 tx / 0 pending / 0 (0.0%) gas / (0xa08967a24b553a3c70310b63f63e8ada5f08022dd5619d4a7d0309b9bc5b2827)","throwable":""}
{"timestamp":"2025-01-24T13:45:25,105","container":"ce31ad6d523f","level":"INFO","thread":"EthScheduler-Workers-0","class":"PersistBlockTask","message":"Block 43 (0x0760e737601f55b1c7e5ef3bbfd191224e46cd9b7b488e0a7507a2a65c93fc15) is already imported","throwable":""}
{"timestamp":"2025-01-24T13:45:25,105","container":"ce31ad6d523f","level":"INFO","thread":"BftProcessorExecutor-QBFT-0","class":"QbftBesuControllerBuilder","message":"Imported #43 / 0 tx / 0 pending / 0 (0.0%) gas / (0x0760e737601f55b1c7e5ef3bbfd191224e46cd9b7b488e0a7507a2a65c93fc15)","throwable":""}
{"timestamp":"2025-01-24T13:45:30,087","container":"ce31ad6d523f","level":"INFO","thread":"EthScheduler-Workers-0","class":"PersistBlockTask","message":"Block 44 (0x4bdc7843ad2130b7ad3584f03bcaf3674800efd90b0f1e8e563224925c39f558) is already imported","throwable":""}
{"timestamp":"2025-01-24T13:45:30,126","container":"ce31ad6d523f","level":"INFO","thread":"BftProcessorExecutor-QBFT-0","class":"QbftBesuControllerBuilder","message":"Produced #44 / 0 tx / 0 pending / 0 (0.0%) gas / (0x4bdc7843ad2130b7ad3584f03bcaf3674800efd90b0f1e8e563224925c39f558)","throwable":""}
{"timestamp":"2025-01-24T13:45:35,039","container":"ce31ad6d523f","level":"INFO","thread":"EthScheduler-Workers-0","class":"PersistBlockTask","message":"Block 45 (0xd0453758c4c1d4d3abda54bd2032066915be16bdc666fff0eb8547be89a97700) is already imported","throwable":""}
{"timestamp":"2025-01-24T13:45:35,051","container":"ce31ad6d523f","level":"INFO","thread":"BftProcessorExecutor-QBFT-0","class":"QbftBesuControllerBuilder","message":"Imported #45 / 0 tx / 0 pending / 0 (0.0%) gas / (0xd0453758c4c1d4d3abda54bd2032066915be16bdc666fff0eb8547be89a97700)","throwable":""}
{"timestamp":"2025-01-24T13:45:40,058","container":"ce31ad6d523f","level":"INFO","thread":"BftProcessorExecutor-QBFT-0","class":"QbftBesuControllerBuilder","message":"Imported #46 / 0 tx / 0 pending / 0 (0.0%) gas / (0x6c282bfcb97cc99029a581af4dfe4fee8deb71b73f35c48c78a3a4a32a7051fd)","throwable":""}
{"timestamp":"2025-01-24T13:45:45,041","container":"ce31ad6d523f","level":"INFO","thread":"BftProcessorExecutor-QBFT-0","class":"QbftBesuControllerBuilder","message":"Imported #47 / 0 tx / 0 pending / 0 (0.0%) gas / (0xd34500c69cb313f78b9e23435075dc7afd5b06b759d8df52572a7ce64e0cfa2a)","throwable":""}
{"timestamp":"2025-01-24T13:45:50,043","container":"ce31ad6d523f","level":"INFO","thread":"BftProcessorExecutor-QBFT-0","class":"QbftBesuControllerBuilder","message":"Produced #48 / 0 tx / 0 pending / 0 (0.0%) gas / (0xdad755bb6c109c82773c6825495973a793467ad0f93fc328fc1922d7870b1aa8)","throwable":""}
{"timestamp":"2025-01-24T13:45:55,051","container":"ce31ad6d523f","level":"INFO","thread":"BftProcessorExecutor-QBFT-0","class":"QbftBesuControllerBuilder","message":"Imported #49 / 0 tx / 0 pending / 0 (0.0%) gas / (0x750ec7f2992ffd1d8f83bee656142b3173211c33aa78bdc08c3e06d580e9748c)","throwable":""}
{"timestamp":"2025-01-24T13:46:00,087","container":"ce31ad6d523f","level":"INFO","thread":"BftProcessorExecutor-QBFT-0","class":"QbftBesuControllerBuilder","message":"Imported #50 / 0 tx / 0 pending / 0 (0.0%) gas / (0x014715c6eade8e7e50b46c721b62f17aefe59d4ce1ca2dbc8b1c398fce741a8b)","throwable":""}
{"timestamp":"2025-01-24T13:46:05,059","container":"ce31ad6d523f","level":"INFO","thread":"BftProcessorExecutor-QBFT-0","class":"QbftBesuControllerBuilder","message":"Imported #51 / 0 tx / 0 pending / 0 (0.0%) gas / (0x186fd62a1fa486dfbf47bb9994f9553c936cc979e235af9db30d3c64f428788d)","throwable":""}
{"timestamp":"2025-01-24T13:46:10,031","container":"ce31ad6d523f","level":"INFO","thread":"BftProcessorExecutor-QBFT-0","class":"QbftBesuControllerBuilder","message":"Produced #52 / 0 tx / 0 pending / 0 (0.0%) gas / (0x2ebffd7ed8233c50d0560ebb1bb974489d715f50e198632a8f590834673e48b3)","throwable":""}
{"timestamp":"2025-01-24T13:46:15,048","container":"ce31ad6d523f","level":"INFO","thread":"BftProcessorExecutor-QBFT-0","class":"QbftBesuControllerBuilder","message":"Imported #53 / 0 tx / 0 pending / 0 (0.0%) gas / (0xeff600965e3ecf5a6151a08ff221bdf44ae88ed4da45cbb8d749e1097f0a9af7)","throwable":""}
{"timestamp":"2025-01-24T13:46:20,029","container":"ce31ad6d523f","level":"INFO","thread":"BftProcessorExecutor-QBFT-0","class":"QbftBesuControllerBuilder","message":"Imported #54 / 0 tx / 0 pending / 0 (0.0%) gas / (0x6857d58478f2910234b905576c64eacdd8a10712ea37828e8a0f7bf6aac831bc)","throwable":""}
{"timestamp":"2025-01-24T13:46:25,050","container":"ce31ad6d523f","level":"INFO","thread":"BftProcessorExecutor-QBFT-0","class":"QbftBesuControllerBuilder","message":"Imported #55 / 0 tx / 0 pending / 0 (0.0%) gas / (0x7dc75191024ef098d06e9bcd5bbc03fe977a3302381caf3a89ff477c6f39e78a)","throwable":""}
{"timestamp":"2025-01-24T13:46:30,075","container":"ce31ad6d523f","level":"INFO","thread":"EthScheduler-Workers-0","class":"PersistBlockTask","message":"Block 56 (0xe6a24c3b557a66de25c453411b07ac2d181a41d1be71292e783b056554ac6d5c) is already imported","throwable":""}
{"timestamp":"2025-01-24T13:46:30,097","container":"ce31ad6d523f","level":"INFO","thread":"BftProcessorExecutor-QBFT-0","class":"QbftBesuControllerBuilder","message":"Produced #56 / 0 tx / 0 pending / 0 (0.0%) gas / (0xe6a24c3b557a66de25c453411b07ac2d181a41d1be71292e783b056554ac6d5c)","throwable":""}
{"timestamp":"2025-01-24T13:46:35,049","container":"ce31ad6d523f","level":"INFO","thread":"BftProcessorExecutor-QBFT-0","class":"QbftBesuControllerBuilder","message":"Imported #57 / 0 tx / 0 pending / 0 (0.0%) gas / (0x54f65e401c9349352b9f55a6e0cb47995f7d454fca4515134144104e9478bc98)","throwable":""}
{"timestamp":"2025-01-24T13:46:40,042","container":"ce31ad6d523f","level":"INFO","thread":"BftProcessorExecutor-QBFT-0","class":"QbftBesuControllerBuilder","message":"Imported #58 / 0 tx / 0 pending / 0 (0.0%) gas / (0xc803c8cbe6b8d93f221b229092ee236c7afdd26fe044d3cb1125e5475679a394)","throwable":""}
{"timestamp":"2025-01-24T13:46:45,079","container":"ce31ad6d523f","level":"INFO","thread":"BftProcessorExecutor-QBFT-0","class":"QbftBesuControllerBuilder","message":"Imported #59 / 0 tx / 0 pending / 0 (0.0%) gas / (0x88c2bbe781b28fc6329107b35f7d9f58e7969d94333967241d5ce402d68ded88)","throwable":""}
{"timestamp":"2025-01-24T13:46:50,042","container":"ce31ad6d523f","level":"INFO","thread":"BftProcessorExecutor-QBFT-0","class":"QbftBesuControllerBuilder","message":"Produced #60 / 0 tx / 0 pending / 0 (0.0%) gas / (0x30f88adc987202abe3668b9601d7ad870d7665fa4d058515bad94532b0b76629)","throwable":""}
{"timestamp":"2025-01-24T13:46:55,054","container":"ce31ad6d523f","level":"INFO","thread":"BftProcessorExecutor-QBFT-0","class":"QbftBesuControllerBuilder","message":"Imported #61 / 0 tx / 0 pending / 0 (0.0%) gas / (0xf6fb383c66f1560fdae797757fc40591e68a707fe0a8f8e213063cd0e33630d3)","throwable":""}
{"timestamp":"2025-01-24T13:47:00,049","container":"ce31ad6d523f","level":"INFO","thread":"EthScheduler-Workers-0","class":"PersistBlockTask","message":"Imported #62 / 0 tx / 0 om / 0 (0.0%) gas / (0xe2b016da632695142b7b7b8b535a6f748464018baffe968cf77986d11227510b) in 0.015s. Peers: 7","throwable":""}
{"timestamp":"2025-01-24T13:47:05,037","container":"ce31ad6d523f","level":"INFO","thread":"BftProcessorExecutor-QBFT-0","class":"QbftBesuControllerBuilder","message":"Imported #63 / 0 tx / 0 pending / 0 (0.0%) gas / (0xe48b2be4ae6eb440eb8389868296ea3c1ce69ea43e8deda4b2b157be9a1adfb0)","throwable":""}
{"timestamp":"2025-01-24T13:47:10,036","container":"ce31ad6d523f","level":"INFO","thread":"BftProcessorExecutor-QBFT-0","class":"QbftBesuControllerBuilder","message":"Produced #64 / 0 tx / 0 pending / 0 (0.0%) gas / (0x87fb3c301e530236c8c51ec999c91243e694fdb1652c26af402e8b0428b465d9)","throwable":""}
{"timestamp":"2025-01-24T13:47:15,038","container":"ce31ad6d523f","level":"INFO","thread":"BftProcessorExecutor-QBFT-0","class":"QbftBesuControllerBuilder","message":"Imported #65 / 0 tx / 0 pending / 0 (0.0%) gas / (0xcc1978f71f60c924977ec947aaba2ee21bd290c1278dc2a0554951561c700371)","throwable":""}
{"timestamp":"2025-01-24T13:47:20,033","container":"ce31ad6d523f","level":"INFO","thread":"BftProcessorExecutor-QBFT-0","class":"QbftBesuControllerBuilder","message":"Imported #66 / 0 tx / 0 pending / 0 (0.0%) gas / (0x1b69eaf8580515edcef31d7483b0186b49cb1d3e5cfa9eee9125c8cd4c66d15d)","throwable":""}
{"timestamp":"2025-01-24T13:47:25,112","container":"ce31ad6d523f","level":"INFO","thread":"BftProcessorExecutor-QBFT-0","class":"QbftBesuControllerBuilder","message":"Imported #67 / 0 tx / 0 pending / 0 (0.0%) gas / (0x558b1e436e4a746e9506ecdee76a46b218cbd995ba47da71b7be296dda8a1b69)","throwable":""}
{"timestamp":"2025-01-24T13:47:30,033","container":"ce31ad6d523f","level":"INFO","thread":"BftProcessorExecutor-QBFT-0","class":"QbftBesuControllerBuilder","message":"Produced #68 / 0 tx / 0 pending / 0 (0.0%) gas / (0x74996893d7088636ffa9b28bfcddc029cd674b1c855c07166e9c02d132f0145e)","throwable":""}
{"timestamp":"2025-01-24T13:47:35,034","container":"ce31ad6d523f","level":"INFO","thread":"BftProcessorExecutor-QBFT-0","class":"QbftBesuControllerBuilder","message":"Imported #69 / 0 tx / 0 pending / 0 (0.0%) gas / (0xf1aecaff412088ca813a1e3a34957473cd03fb47dc9c6adc1909a797af3bebac)","throwable":""}
{"timestamp":"2025-01-24T13:47:40,042","container":"ce31ad6d523f","level":"INFO","thread":"BftProcessorExecutor-QBFT-0","class":"QbftBesuControllerBuilder","message":"Imported #70 / 0 tx / 0 pending / 0 (0.0%) gas / (0xaa7254a0e641320261b0b6c7762080b6b4b50804956062d2f92f92ffc525751b)","throwable":""}
{"timestamp":"2025-01-24T13:47:45,074","container":"ce31ad6d523f","level":"INFO","thread":"BftProcessorExecutor-QBFT-0","class":"QbftBesuControllerBuilder","message":"Imported #71 / 0 tx / 0 pending / 0 (0.0%) gas / (0xa5de9cf7c35e6a5f54652d12eaf8514e031f0741f86c17b4959b270c72875513)","throwable":""}
{"timestamp":"2025-01-24T13:47:50,062","container":"ce31ad6d523f","level":"INFO","thread":"EthScheduler-Workers-0","class":"PersistBlockTask","message":"Block 72 (0x93d0492bf2f13d38de2ad0412c74e35cb086261c3326d6f89fe7b5b46b5a76c2) is already imported","throwable":""}
{"timestamp":"2025-01-24T13:47:50,117","container":"ce31ad6d523f","level":"INFO","thread":"BftProcessorExecutor-QBFT-0","class":"QbftBesuControllerBuilder","message":"Produced #72 / 0 tx / 0 pending / 0 (0.0%) gas / (0x93d0492bf2f13d38de2ad0412c74e35cb086261c3326d6f89fe7b5b46b5a76c2)","throwable":""}
{"timestamp":"2025-01-24T13:47:55,034","container":"ce31ad6d523f","level":"INFO","thread":"EthScheduler-Workers-0","class":"PersistBlockTask","message":"Imported #73 / 0 tx / 0 om / 0 (0.0%) gas / (0xcb92de0129286002528318de49e2afbcad2a5c7f2ad7ac9d644a92320f14a245) in 0.004s. Peers: 7","throwable":""}
{"timestamp":"2025-01-24T13:48:00,034","container":"ce31ad6d523f","level":"INFO","thread":"BftProcessorExecutor-QBFT-0","class":"QbftBesuControllerBuilder","message":"Imported #74 / 0 tx / 0 pending / 0 (0.0%) gas / (0xdb1aaf071d721f0c19cb71b6fa81a61ee3c137489ee0e77140840616e0571954)","throwable":""}
{"timestamp":"2025-01-24T13:48:05,045","container":"ce31ad6d523f","level":"INFO","thread":"BftProcessorExecutor-QBFT-0","class":"QbftBesuControllerBuilder","message":"Imported #75 / 0 tx / 0 pending / 0 (0.0%) gas / (0x81430f0ba49e43cad1fd9074dc6d3ba289ef434c4e828884b4df10c058ae0c19)","throwable":""}
{"timestamp":"2025-01-24T13:48:10,024","container":"ce31ad6d523f","level":"INFO","thread":"BftProcessorExecutor-QBFT-0","class":"QbftBesuControllerBuilder","message":"Produced #76 / 0 tx / 0 pending / 0 (0.0%) gas / (0x776ba47e766ca8674b2f3676a383dabe57ad6164fda2ea85e165916273167624)","throwable":""}
{"timestamp":"2025-01-24T13:48:15,052","container":"ce31ad6d523f","level":"INFO","thread":"EthScheduler-Workers-0","class":"PersistBlockTask","message":"Block 77 (0xec33c126a9a49722a7c145641cabacb5b6433273c18c1cfe15078511d98f062d) is already imported","throwable":""}
{"timestamp":"2025-01-24T13:48:15,052","container":"ce31ad6d523f","level":"INFO","thread":"BftProcessorExecutor-QBFT-0","class":"QbftBesuControllerBuilder","message":"Imported #77 / 0 tx / 0 pending / 0 (0.0%) gas / (0xec33c126a9a49722a7c145641cabacb5b6433273c18c1cfe15078511d98f062d)","throwable":""}
{"timestamp":"2025-01-24T13:48:20,034","container":"ce31ad6d523f","level":"INFO","thread":"BftProcessorExecutor-QBFT-0","class":"QbftBesuControllerBuilder","message":"Imported #78 / 0 tx / 0 pending / 0 (0.0%) gas / (0xe2cabb4d58a430aaab4bbb57a15057cc0b55db36c45b2736e5a92c73d1c11eae)","throwable":""}
{"timestamp":"2025-01-24T13:48:25,075","container":"ce31ad6d523f","level":"INFO","thread":"BftProcessorExecutor-QBFT-0","class":"QbftBesuControllerBuilder","message":"Imported #79 / 0 tx / 0 pending / 0 (0.0%) gas / (0x9ea2057513a073dc445de25d1544b834de0ed6d1da98e6d9a6e85970ac3c3467)","throwable":""}
{"timestamp":"2025-01-24T13:48:25,090","container":"ce31ad6d523f","level":"INFO","thread":"EthScheduler-Workers-0","class":"PersistBlockTask","message":"Block 79 (0x9ea2057513a073dc445de25d1544b834de0ed6d1da98e6d9a6e85970ac3c3467) is already imported","throwable":""}
{"timestamp":"2025-01-24T13:48:30,044","container":"ce31ad6d523f","level":"INFO","thread":"BftProcessorExecutor-QBFT-0","class":"QbftBesuControllerBuilder","message":"Produced #80 / 0 tx / 0 pending / 0 (0.0%) gas / (0x771466f64d2832888bd886c506b864ec9eda381e5e384488961623eb184c5b03)","throwable":""}
{"timestamp":"2025-01-24T13:48:35,030","container":"ce31ad6d523f","level":"INFO","thread":"EthScheduler-Workers-0","class":"PersistBlockTask","message":"Block 81 (0x7dcfaa2c2a10119f2bbbf9ea558b39de929c04b3754956b3e032afa17c0a84e1) is already imported","throwable":""}
{"timestamp":"2025-01-24T13:48:35,035","container":"ce31ad6d523f","level":"INFO","thread":"BftProcessorExecutor-QBFT-0","class":"QbftBesuControllerBuilder","message":"Imported #81 / 0 tx / 0 pending / 0 (0.0%) gas / (0x7dcfaa2c2a10119f2bbbf9ea558b39de929c04b3754956b3e032afa17c0a84e1)","throwable":""}
{"timestamp":"2025-01-24T13:48:40,024","container":"ce31ad6d523f","level":"INFO","thread":"BftProcessorExecutor-QBFT-0","class":"QbftBesuControllerBuilder","message":"Imported #82 / 0 tx / 0 pending / 0 (0.0%) gas / (0xed511acb65168bd1846abb93bcb399497d88594ce20e26ca7789b5a8da8dfc36)","throwable":""}
{"timestamp":"2025-01-24T13:48:45,049","container":"ce31ad6d523f","level":"INFO","thread":"BftProcessorExecutor-QBFT-0","class":"QbftBesuControllerBuilder","message":"Imported #83 / 0 tx / 0 pending / 0 (0.0%) gas / (0xb06830fd2b065d25f04f0d7125ffd10edeb251898cb7b2e22c6a0e11a1748519)","throwable":""}
{"timestamp":"2025-01-24T13:48:45,048","container":"ce31ad6d523f","level":"INFO","thread":"EthScheduler-Workers-0","class":"PersistBlockTask","message":"Block 83 (0xb06830fd2b065d25f04f0d7125ffd10edeb251898cb7b2e22c6a0e11a1748519) is already imported","throwable":""}
{"timestamp":"2025-01-24T13:48:50,083","container":"ce31ad6d523f","level":"INFO","thread":"BftProcessorExecutor-QBFT-0","class":"QbftBesuControllerBuilder","message":"Produced #84 / 0 tx / 0 pending / 0 (0.0%) gas / (0xf8fefb9e3f4f45ef4c5242de8a8818c082049faafeb59a9a9121bc624190e6b7)","throwable":""}
{"timestamp":"2025-01-24T13:48:55,032","container":"ce31ad6d523f","level":"INFO","thread":"BftProcessorExecutor-QBFT-0","class":"QbftBesuControllerBuilder","message":"Imported #85 / 0 tx / 0 pending / 0 (0.0%) gas / (0xc58e80048a9de325fa8d8a9bd3836b883861f2b32d61e866a5628821b7da9181)","throwable":""}
{"timestamp":"2025-01-24T13:49:00,051","container":"ce31ad6d523f","level":"INFO","thread":"BftProcessorExecutor-QBFT-0","class":"QbftBesuControllerBuilder","message":"Imported #86 / 0 tx / 0 pending / 0 (0.0%) gas / (0x6d9446440ddfa4ce88ede67a41b4e0d7fcff7b4f7173262d7a309a8c5cf7daaf)","throwable":""}
{"timestamp":"2025-01-24T13:49:05,046","container":"ce31ad6d523f","level":"INFO","thread":"BftProcessorExecutor-QBFT-0","class":"QbftBesuControllerBuilder","message":"Imported #87 / 0 tx / 0 pending / 0 (0.0%) gas / (0x9ed50a4ece1ff187cb5fa5f369aa1a51767b8c3f0fe65160744896c0edbcf11e)","throwable":""}
{"timestamp":"2025-01-24T13:49:10,043","container":"ce31ad6d523f","level":"INFO","thread":"EthScheduler-Workers-0","class":"PersistBlockTask","message":"Block 88 (0x91f661e3e59a8a01fbf6b82ddffdb4229856bb61cacebd9de2508a0c749add43) is already imported","throwable":""}
{"timestamp":"2025-01-24T13:49:10,058","container":"ce31ad6d523f","level":"INFO","thread":"BftProcessorExecutor-QBFT-0","class":"QbftBesuControllerBuilder","message":"Produced #88 / 0 tx / 0 pending / 0 (0.0%) gas / (0x91f661e3e59a8a01fbf6b82ddffdb4229856bb61cacebd9de2508a0c749add43)","throwable":""}
{"timestamp":"2025-01-24T13:49:15,027","container":"ce31ad6d523f","level":"INFO","thread":"BftProcessorExecutor-QBFT-0","class":"QbftBesuControllerBuilder","message":"Imported #89 / 0 tx / 0 pending / 0 (0.0%) gas / (0xaa217162fda85bedb7b3023560dcb09edd83bf5b2e69cef003597904489e2903)","throwable":""}
{"timestamp":"2025-01-24T13:49:20,058","container":"ce31ad6d523f","level":"INFO","thread":"BftProcessorExecutor-QBFT-0","class":"QbftBesuControllerBuilder","message":"Imported #90 / 0 tx / 0 pending / 0 (0.0%) gas / (0xa6cd838110f39d5b3a185f2774da8e8654904b92192c52faceca7b0d801dde2c)","throwable":""}
{"timestamp":"2025-01-24T13:49:25,046","container":"ce31ad6d523f","level":"INFO","thread":"BftProcessorExecutor-QBFT-0","class":"QbftBesuControllerBuilder","message":"Imported #91 / 0 tx / 0 pending / 0 (0.0%) gas / (0xf0679c5599fd35b3e7a28f985164ccf53d0254dec41b70401e55266f7f15873f)","throwable":""}
{"timestamp":"2025-01-24T13:49:30,035","container":"ce31ad6d523f","level":"INFO","thread":"EthScheduler-Workers-0","class":"PersistBlockTask","message":"Imported #92 / 0 tx / 0 om / 0 (0.0%) gas / (0x74730e09595478271f8214f199b3d3ec5f0fe3820fd6ece62206dea994b02fb4) in 0.006s. Peers: 7","throwable":""}
{"timestamp":"2025-01-24T13:49:30,037","container":"ce31ad6d523f","level":"INFO","thread":"BftProcessorExecutor-QBFT-0","class":"QbftBesuControllerBuilder","message":"Produced #92 / 0 tx / 0 pending / 0 (0.0%) gas / (0x74730e09595478271f8214f199b3d3ec5f0fe3820fd6ece62206dea994b02fb4)","throwable":""}
{"timestamp":"2025-01-24T13:49:35,050","container":"ce31ad6d523f","level":"INFO","thread":"BftProcessorExecutor-QBFT-0","class":"QbftBesuControllerBuilder","message":"Imported #93 / 0 tx / 0 pending / 0 (0.0%) gas / (0xbdf9ef3d47ccff7942a0e913add52b6bedfde96439a9c907d08a1d396eee78ad)","throwable":""}
{"timestamp":"2025-01-24T13:49:40,052","container":"ce31ad6d523f","level":"INFO","thread":"BftProcessorExecutor-QBFT-0","class":"QbftBesuControllerBuilder","message":"Imported #94 / 0 tx / 0 pending / 0 (0.0%) gas / (0x469aae73be159aad3def4c7063e07a3ca5f927e35963d9e813550ed6cc633b90)","throwable":""}
{"timestamp":"2025-01-24T13:49:45,041","container":"ce31ad6d523f","level":"INFO","thread":"BftProcessorExecutor-QBFT-0","class":"QbftBesuControllerBuilder","message":"Imported #95 / 0 tx / 0 pending / 0 (0.0%) gas / (0xc86aebc8519e483bf7066019d92d4438d1b6fa8aa59cf486a994e8d929766eff)","throwable":""}
{"timestamp":"2025-01-24T13:49:50,047","container":"ce31ad6d523f","level":"INFO","thread":"BftProcessorExecutor-QBFT-0","class":"QbftBesuControllerBuilder","message":"Produced #96 / 0 tx / 0 pending / 0 (0.0%) gas / (0xa84b19c6149e32470e5e349bf6ec966549e2afd153a002c218dd15d843f2dd33)","throwable":""}
{"timestamp":"2025-01-24T13:49:55,029","container":"ce31ad6d523f","level":"INFO","thread":"BftProcessorExecutor-QBFT-0","class":"QbftBesuControllerBuilder","message":"Imported #97 / 0 tx / 0 pending / 0 (0.0%) gas / (0x71eaf72680c133c1820191b113cde3ee1e1bd9e7afc3f9f23ef654043eaa2567)","throwable":""}
{"timestamp":"2025-01-24T13:50:00,033","container":"ce31ad6d523f","level":"INFO","thread":"BftProcessorExecutor-QBFT-0","class":"QbftBesuControllerBuilder","message":"Imported #98 / 0 tx / 0 pending / 0 (0.0%) gas / (0xde32ed970da194f9b29af176d63ddfeb4e4503a6bca35457a607d31fd2c47f17)","throwable":""}
{"timestamp":"2025-01-24T13:50:05,066","container":"ce31ad6d523f","level":"INFO","thread":"BftProcessorExecutor-QBFT-0","class":"QbftBesuControllerBuilder","message":"Imported #99 / 0 tx / 0 pending / 0 (0.0%) gas / (0x2736af846f3da8624d4a5b6b05df6c715347d14fb6218188153dd3c96732710a)","throwable":""}
{"timestamp":"2025-01-24T13:50:10,051","container":"ce31ad6d523f","level":"INFO","thread":"BftProcessorExecutor-QBFT-0","class":"QbftBesuControllerBuilder","message":"Produced #100 / 0 tx / 0 pending / 0 (0.0%) gas / (0x63d2d1715988e9cfa961c7454abe074fd7dff7ec0db9ac4b2b7183e915e54862)","throwable":""}
{"timestamp":"2025-01-24T13:50:15,035","container":"ce31ad6d523f","level":"INFO","thread":"BftProcessorExecutor-QBFT-0","class":"QbftBesuControllerBuilder","message":"Imported #101 / 0 tx / 0 pending / 0 (0.0%) gas / (0x0b52e77af2ede4c50639a60e90b294d23187ed06a7dedb46528ea2949865a5a8)","throwable":""}
{"timestamp":"2025-01-24T13:50:20,112","container":"ce31ad6d523f","level":"INFO","thread":"BftProcessorExecutor-QBFT-0","class":"QbftBesuControllerBuilder","message":"Imported #102 / 0 tx / 0 pending / 0 (0.0%) gas / (0x5f62b833dc0fe72f78ec747cc6116316b955ecb536ae269b897cddfd9bb58100)","throwable":""}
{"timestamp":"2025-01-24T13:50:25,029","container":"ce31ad6d523f","level":"INFO","thread":"BftProcessorExecutor-QBFT-0","class":"QbftBesuControllerBuilder","message":"Imported #103 / 0 tx / 0 pending / 0 (0.0%) gas / (0x45a32337f109d4a2edab1d9fe71943a5002387df5b16ee55fa71f1c3adc49230)","throwable":""}
{"timestamp":"2025-01-24T13:50:30,043","container":"ce31ad6d523f","level":"INFO","thread":"BftProcessorExecutor-QBFT-0","class":"QbftBesuControllerBuilder","message":"Produced #104 / 0 tx / 0 pending / 0 (0.0%) gas / (0xd7e0bbc349c1ea3d1614bfe2119f7699e1b5b05d3ea92ebc310ca461b1c9c1b6)","throwable":""}
{"timestamp":"2025-01-24T13:50:35,028","container":"ce31ad6d523f","level":"INFO","thread":"BftProcessorExecutor-QBFT-0","class":"QbftBesuControllerBuilder","message":"Imported #105 / 0 tx / 0 pending / 0 (0.0%) gas / (0xf922e65445e010b52cbb7255e0c6a6d84744ee0b45b517c2308ddbc277b0542d)","throwable":""}
{"timestamp":"2025-01-24T13:50:40,045","container":"ce31ad6d523f","level":"INFO","thread":"BftProcessorExecutor-QBFT-0","class":"QbftBesuControllerBuilder","message":"Imported #106 / 0 tx / 0 pending / 0 (0.0%) gas / (0x3577f3a4dca5d971b4df205eb45a714f11698e9c9870a9c2092fdc9573ad3304)","throwable":""}
{"timestamp":"2025-01-24T13:50:45,051","container":"ce31ad6d523f","level":"INFO","thread":"BftProcessorExecutor-QBFT-0","class":"QbftBesuControllerBuilder","message":"Imported #107 / 0 tx / 0 pending / 0 (0.0%) gas / (0xb233d28df9d41eb66d8218fb32ea3c30511ae2157ab1028712cada608348984e)","throwable":""}
{"timestamp":"2025-01-24T13:50:50,053","container":"ce31ad6d523f","level":"INFO","thread":"BftProcessorExecutor-QBFT-0","class":"QbftBesuControllerBuilder","message":"Produced #108 / 0 tx / 0 pending / 0 (0.0%) gas / (0x41b1d6b243d55586b254de271c64bd7d2d2f075fe1505c3b85b12ef3bb9257d6)","throwable":""}
{"timestamp":"2025-01-24T13:50:55,057","container":"ce31ad6d523f","level":"INFO","thread":"EthScheduler-Workers-0","class":"PersistBlockTask","message":"Block 109 (0xdbda4bfa37a1a2fb267ea68c01dee4f6822a753ff288fd22e84ce14288593fbd) is already imported","throwable":""}
{"timestamp":"2025-01-24T13:50:55,071","container":"ce31ad6d523f","level":"INFO","thread":"BftProcessorExecutor-QBFT-0","class":"QbftBesuControllerBuilder","message":"Imported #109 / 0 tx / 0 pending / 0 (0.0%) gas / (0xdbda4bfa37a1a2fb267ea68c01dee4f6822a753ff288fd22e84ce14288593fbd)","throwable":""}
{"timestamp":"2025-01-24T13:51:00,069","container":"ce31ad6d523f","level":"INFO","thread":"BftProcessorExecutor-QBFT-0","class":"QbftBesuControllerBuilder","message":"Imported #110 / 0 tx / 0 pending / 0 (0.0%) gas / (0x8e7e2d8bc2c7461e2decfdb25390a52804a493eff63456cc656474c955c2bdb4)","throwable":""}
{"timestamp":"2025-01-24T13:51:05,046","container":"ce31ad6d523f","level":"INFO","thread":"BftProcessorExecutor-QBFT-0","class":"QbftBesuControllerBuilder","message":"Imported #111 / 0 tx / 0 pending / 0 (0.0%) gas / (0x28b727b1b1ce48977f254ba42e3b27eaddf4f0f961cb174daf46ca16b5034088)","throwable":""}
{"timestamp":"2025-01-24T13:51:10,026","container":"ce31ad6d523f","level":"INFO","thread":"BftProcessorExecutor-QBFT-0","class":"QbftBesuControllerBuilder","message":"Produced #112 / 0 tx / 0 pending / 0 (0.0%) gas / (0x664868e2bd25fd1ba0b5a609e9ab6c77915ed3e995f771ca8529f77e831dd3b9)","throwable":""}
{"timestamp":"2025-01-24T13:51:15,044","container":"ce31ad6d523f","level":"INFO","thread":"BftProcessorExecutor-QBFT-0","class":"QbftBesuControllerBuilder","message":"Imported #113 / 0 tx / 0 pending / 0 (0.0%) gas / (0x13fdf4c6553b0eb0a67516ae20082cf00fd46f45937e31d8dec43e8e71cfe6e6)","throwable":""}
{"timestamp":"2025-01-24T13:51:20,060","container":"ce31ad6d523f","level":"INFO","thread":"BftProcessorExecutor-QBFT-0","class":"QbftBesuControllerBuilder","message":"Imported #114 / 0 tx / 0 pending / 0 (0.0%) gas / (0x89cfbf8515ce4efd38e4a47c71697b43d07d785237d0215ebdab7defbb744342)","throwable":""}
{"timestamp":"2025-01-24T13:51:25,024","container":"ce31ad6d523f","level":"INFO","thread":"BftProcessorExecutor-QBFT-0","class":"QbftBesuControllerBuilder","message":"Imported #115 / 0 tx / 0 pending / 0 (0.0%) gas / (0xd6ab954cade629c59f3d9f3d2fce678a2c993285fb9165937319dd7e60cbf152)","throwable":""}
{"timestamp":"2025-01-24T13:51:30,025","container":"ce31ad6d523f","level":"INFO","thread":"BftProcessorExecutor-QBFT-0","class":"QbftBesuControllerBuilder","message":"Produced #116 / 0 tx / 0 pending / 0 (0.0%) gas / (0x74fbf9a4eb6517d60eb4fc7b86c451b77209a054722efde336bdedccd10b1f0e)","throwable":""}
{"timestamp":"2025-01-24T13:51:35,045","container":"ce31ad6d523f","level":"INFO","thread":"BftProcessorExecutor-QBFT-0","class":"QbftBesuControllerBuilder","message":"Imported #117 / 0 tx / 0 pending / 0 (0.0%) gas / (0xb3b92ba4ad5ea199f6bc27fba57ccf8915bd77205f061ccc5a0eef822e370f6a)","throwable":""}
{"timestamp":"2025-01-24T13:51:35,044","container":"ce31ad6d523f","level":"INFO","thread":"EthScheduler-Workers-0","class":"PersistBlockTask","message":"Block 117 (0xb3b92ba4ad5ea199f6bc27fba57ccf8915bd77205f061ccc5a0eef822e370f6a) is already imported","throwable":""}
{"timestamp":"2025-01-24T13:51:40,029","container":"ce31ad6d523f","level":"INFO","thread":"BftProcessorExecutor-QBFT-0","class":"QbftBesuControllerBuilder","message":"Imported #118 / 0 tx / 0 pending / 0 (0.0%) gas / (0x8e76af58aa47f20ebc9fc21f2e9c9e7c05423ee5d21f5903d3892d637f7d8a22)","throwable":""}
{"timestamp":"2025-01-24T13:51:45,038","container":"ce31ad6d523f","level":"INFO","thread":"EthScheduler-Workers-0","class":"PersistBlockTask","message":"Block 119 (0x83cf83dfc045820c6747fdc02d48492a46227ab345c64b98bbcbe5019ec2b764) is already imported","throwable":""}
{"timestamp":"2025-01-24T13:51:45,044","container":"ce31ad6d523f","level":"INFO","thread":"BftProcessorExecutor-QBFT-0","class":"QbftBesuControllerBuilder","message":"Imported #119 / 0 tx / 0 pending / 0 (0.0%) gas / (0x83cf83dfc045820c6747fdc02d48492a46227ab345c64b98bbcbe5019ec2b764)","throwable":""}
{"timestamp":"2025-01-24T13:51:50,026","container":"ce31ad6d523f","level":"INFO","thread":"BftProcessorExecutor-QBFT-0","class":"QbftBesuControllerBuilder","message":"Produced #120 / 0 tx / 0 pending / 0 (0.0%) gas / (0xc0e12024e173cc881f8f6cd0fda2c30a6fd7f5a7b58c84200b50ba4bcdd31c53)","throwable":""}
{"timestamp":"2025-01-24T13:51:55,030","container":"ce31ad6d523f","level":"INFO","thread":"BftProcessorExecutor-QBFT-0","class":"QbftBesuControllerBuilder","message":"Imported #121 / 0 tx / 0 pending / 0 (0.0%) gas / (0x4205a223ece1387562685c0a9189e094c70eed2b55e8e4d9e619a5cfde4f3ed8)","throwable":""}
{"timestamp":"2025-01-24T13:52:00,029","container":"ce31ad6d523f","level":"INFO","thread":"BftProcessorExecutor-QBFT-0","class":"QbftBesuControllerBuilder","message":"Imported #122 / 0 tx / 0 pending / 0 (0.0%) gas / (0x79bb4dc4f9f662fdb89b6378220aa997c933b844059a0797a5ab731bbee2dfc0)","throwable":""}
{"timestamp":"2025-01-24T13:52:05,052","container":"ce31ad6d523f","level":"INFO","thread":"BftProcessorExecutor-QBFT-0","class":"QbftBesuControllerBuilder","message":"Imported #123 / 0 tx / 0 pending / 0 (0.0%) gas / (0x15b9e1e3eba47d5b074dbe41b976b8d33a9d52e2dcdf726fd5720519924eb57b)","throwable":""}
{"timestamp":"2025-01-24T13:52:10,052","container":"ce31ad6d523f","level":"INFO","thread":"BftProcessorExecutor-QBFT-0","class":"QbftBesuControllerBuilder","message":"Produced #124 / 0 tx / 0 pending / 0 (0.0%) gas / (0x73a6b99217f133b33b1417056f95b051c9968edbf7003cf2318d0eb2bad8b9cc)","throwable":""}
{"timestamp":"2025-01-24T13:52:15,056","container":"ce31ad6d523f","level":"INFO","thread":"BftProcessorExecutor-QBFT-0","class":"QbftBesuControllerBuilder","message":"Imported #125 / 0 tx / 0 pending / 0 (0.0%) gas / (0x4ca61c731991326e56a1db6c2ef40af0484916c16da7fe0ef4aa443ebfbb5380)","throwable":""}
{"timestamp":"2025-01-24T13:52:20,026","container":"ce31ad6d523f","level":"INFO","thread":"BftProcessorExecutor-QBFT-0","class":"QbftBesuControllerBuilder","message":"Imported #126 / 0 tx / 0 pending / 0 (0.0%) gas / (0xf1ed2ffd8c53c4afc8c4006d3147e8f0519e5843b634d013fa4ef71681bc0816)","throwable":""}
{"timestamp":"2025-01-24T13:52:25,074","container":"ce31ad6d523f","level":"INFO","thread":"BftProcessorExecutor-QBFT-0","class":"QbftBesuControllerBuilder","message":"Imported #127 / 0 tx / 0 pending / 0 (0.0%) gas / (0x0f0d3387d929c49199d9dbbd5db4ee633a8da5aa706c1d599158a5c21db7d4dc)","throwable":""}
{"timestamp":"2025-01-24T13:52:30,035","container":"ce31ad6d523f","level":"INFO","thread":"BftProcessorExecutor-QBFT-0","class":"QbftBesuControllerBuilder","message":"Produced #128 / 0 tx / 0 pending / 0 (0.0%) gas / (0x4aab0b3e37692cab1f280173e730e3d848a40896f89b849382b2858ecc9dea6d)","throwable":""}
{"timestamp":"2025-01-24T13:52:35,034","container":"ce31ad6d523f","level":"INFO","thread":"BftProcessorExecutor-QBFT-0","class":"QbftBesuControllerBuilder","message":"Imported #129 / 0 tx / 0 pending / 0 (0.0%) gas / (0x69e9698b2749e189ab823eda9ce54f48ec6740c35691dc54af2b6f6f8ac490f7)","throwable":""}
{"timestamp":"2025-01-24T13:52:40,036","container":"ce31ad6d523f","level":"INFO","thread":"BftProcessorExecutor-QBFT-0","class":"QbftBesuControllerBuilder","message":"Imported #130 / 0 tx / 0 pending / 0 (0.0%) gas / (0x0fab9422dbc463208e39a9efe36c1bcbe2fa278e91bc3a9f739ea8becfb06a81)","throwable":""}
{"timestamp":"2025-01-24T13:52:45,020","container":"ce31ad6d523f","level":"INFO","thread":"BftProcessorExecutor-QBFT-0","class":"QbftBesuControllerBuilder","message":"Imported #131 / 0 tx / 0 pending / 0 (0.0%) gas / (0x8bf195fe8142672f970b9792b722412176493eebd2c0d2576982f560a01f0628)","throwable":""}
{"timestamp":"2025-01-24T13:52:50,051","container":"ce31ad6d523f","level":"INFO","thread":"BftProcessorExecutor-QBFT-0","class":"QbftBesuControllerBuilder","message":"Produced #132 / 0 tx / 0 pending / 0 (0.0%) gas / (0xc5edda14d677fb7510f230edf423b40eeef1e34730aa7a0fcd6f8e2d189439bd)","throwable":""}
{"timestamp":"2025-01-24T13:52:55,021","container":"ce31ad6d523f","level":"INFO","thread":"BftProcessorExecutor-QBFT-0","class":"QbftBesuControllerBuilder","message":"Imported #133 / 0 tx / 0 pending / 0 (0.0%) gas / (0x72d415ba844bec8bc9e6c02631ef2929623d124bbb26ee02ee141889acbb722d)","throwable":""}
{"timestamp":"2025-01-24T13:53:00,042","container":"ce31ad6d523f","level":"INFO","thread":"EthScheduler-Workers-0","class":"PersistBlockTask","message":"Block 134 (0x11c226684e8c8c2e020e6016bb91e2e3f4ee2d463e8b4959b692e04b241e3561) is already imported","throwable":""}
{"timestamp":"2025-01-24T13:53:00,047","container":"ce31ad6d523f","level":"INFO","thread":"BftProcessorExecutor-QBFT-0","class":"QbftBesuControllerBuilder","message":"Imported #134 / 0 tx / 0 pending / 0 (0.0%) gas / (0x11c226684e8c8c2e020e6016bb91e2e3f4ee2d463e8b4959b692e04b241e3561)","throwable":""}
{"timestamp":"2025-01-24T13:53:05,070","container":"ce31ad6d523f","level":"INFO","thread":"BftProcessorExecutor-QBFT-0","class":"QbftBesuControllerBuilder","message":"Imported #135 / 0 tx / 0 pending / 0 (0.0%) gas / (0xab2092a5b496b18318704cd48f35be6ad6973a324ffbd03e49d926ffcbad2226)","throwable":""}
{"timestamp":"2025-01-24T13:53:10,069","container":"ce31ad6d523f","level":"INFO","thread":"BftProcessorExecutor-QBFT-0","class":"QbftBesuControllerBuilder","message":"Produced #136 / 0 tx / 0 pending / 0 (0.0%) gas / (0x6a9cd14a2dd8bb272537cd858f7982d3e66a55d9b66709968ed9f723fb7552af)","throwable":""}
{"timestamp":"2025-01-24T13:53:15,026","container":"ce31ad6d523f","level":"INFO","thread":"BftProcessorExecutor-QBFT-0","class":"QbftBesuControllerBuilder","message":"Imported #137 / 0 tx / 0 pending / 0 (0.0%) gas / (0xb74d8de9276fbc56b362c0e8298621e4c94a13773db6c33bd03ff51368ecaa7e)","throwable":""}
{"timestamp":"2025-01-24T13:53:20,042","container":"ce31ad6d523f","level":"INFO","thread":"BftProcessorExecutor-QBFT-0","class":"QbftBesuControllerBuilder","message":"Imported #138 / 0 tx / 0 pending / 0 (0.0%) gas / (0x37c3f1e35a57a712c3dd4f06f279a15a250329b773c5ee06b2aa67b424a94bd6)","throwable":""}
{"timestamp":"2025-01-24T13:53:25,047","container":"ce31ad6d523f","level":"INFO","thread":"BftProcessorExecutor-QBFT-0","class":"QbftBesuControllerBuilder","message":"Imported #139 / 0 tx / 0 pending / 0 (0.0%) gas / (0xa7f275996c93812c3792ee87168a3116eef0a3c821f639edfe7857c35c7e02bf)","throwable":""}
{"timestamp":"2025-01-24T13:53:30,047","container":"ce31ad6d523f","level":"INFO","thread":"EthScheduler-Workers-0","class":"PersistBlockTask","message":"Block 140 (0x08892ff5005f1ccf01233bb136b28798564c172f1d52eab06ca3a77600baff30) is already imported","throwable":""}
{"timestamp":"2025-01-24T13:53:30,062","container":"ce31ad6d523f","level":"INFO","thread":"BftProcessorExecutor-QBFT-0","class":"QbftBesuControllerBuilder","message":"Produced #140 / 0 tx / 0 pending / 0 (0.0%) gas / (0x08892ff5005f1ccf01233bb136b28798564c172f1d52eab06ca3a77600baff30)","throwable":""}
{"timestamp":"2025-01-24T13:53:35,025","container":"ce31ad6d523f","level":"INFO","thread":"BftProcessorExecutor-QBFT-0","class":"QbftBesuControllerBuilder","message":"Imported #141 / 0 tx / 0 pending / 0 (0.0%) gas / (0xc1bdd30c0f6969320fce5c89cdd9dab78c1829d6037563c17a8dbc95b7f40fd8)","throwable":""}
{"timestamp":"2025-01-24T13:53:40,020","container":"ce31ad6d523f","level":"INFO","thread":"BftProcessorExecutor-QBFT-0","class":"QbftBesuControllerBuilder","message":"Imported #142 / 0 tx / 0 pending / 0 (0.0%) gas / (0xee2c42299b0796f5cb548879af3e94cfc1e5f5b04f0f87127f64334c11451477)","throwable":""}
{"timestamp":"2025-01-24T13:53:45,039","container":"ce31ad6d523f","level":"INFO","thread":"BftProcessorExecutor-QBFT-0","class":"QbftBesuControllerBuilder","message":"Imported #143 / 0 tx / 0 pending / 0 (0.0%) gas / (0x9a0f7d2a0059a704180fca5524e1009a80d2356d1ae7d135b630f6482af2e625)","throwable":""}
{"timestamp":"2025-01-24T13:53:50,033","container":"ce31ad6d523f","level":"INFO","thread":"EthScheduler-Workers-0","class":"PersistBlockTask","message":"Block 144 (0x787e19d2d18aef8a4170529bb147f6d97f46ea1dd0ba54e268a277049ff50381) is already imported","throwable":""}
{"timestamp":"2025-01-24T13:53:50,035","container":"ce31ad6d523f","level":"INFO","thread":"BftProcessorExecutor-QBFT-0","class":"QbftBesuControllerBuilder","message":"Produced #144 / 0 tx / 0 pending / 0 (0.0%) gas / (0x787e19d2d18aef8a4170529bb147f6d97f46ea1dd0ba54e268a277049ff50381)","throwable":""}
{"timestamp":"2025-01-24T13:53:55,024","container":"ce31ad6d523f","level":"INFO","thread":"BftProcessorExecutor-QBFT-0","class":"QbftBesuControllerBuilder","message":"Imported #145 / 0 tx / 0 pending / 0 (0.0%) gas / (0xf6317dd2f6e4e8af99dc02b019c2f02957f0b139cee725cdd5633e849b728487)","throwable":""}
{"timestamp":"2025-01-24T13:54:00,039","container":"ce31ad6d523f","level":"INFO","thread":"BftProcessorExecutor-QBFT-0","class":"QbftBesuControllerBuilder","message":"Imported #146 / 0 tx / 0 pending / 0 (0.0%) gas / (0xcc311e389c18dda9efc1281aa118af6e348300c8dd8b90ea3fe99f0ee03e55fd)","throwable":""}
{"timestamp":"2025-01-24T13:54:00,042","container":"ce31ad6d523f","level":"INFO","thread":"EthScheduler-Workers-0","class":"PersistBlockTask","message":"Block 146 (0xcc311e389c18dda9efc1281aa118af6e348300c8dd8b90ea3fe99f0ee03e55fd) is already imported","throwable":""}
{"timestamp":"2025-01-24T13:54:05,064","container":"ce31ad6d523f","level":"INFO","thread":"BftProcessorExecutor-QBFT-0","class":"QbftBesuControllerBuilder","message":"Imported #147 / 0 tx / 0 pending / 0 (0.0%) gas / (0x8ee58e02df2a9090ab69b70ba3e37708c86b22adb97bb7e3ea2bcb5d213ae9bc)","throwable":""}
{"timestamp":"2025-01-24T13:54:10,118","container":"ce31ad6d523f","level":"INFO","thread":"BftProcessorExecutor-QBFT-0","class":"QbftBesuControllerBuilder","message":"Produced #148 / 0 tx / 0 pending / 0 (0.0%) gas / (0xa9ce6316eedebff5661c964e4267b3c929a33cbd5f12d7d81684a84092343de2)","throwable":""}
{"timestamp":"2025-01-24T13:54:10,843","container":"ce31ad6d523f","level":"INFO","thread":"BftProcessorExecutor-QBFT-0","class":"BftProcessor","message":"Shutting down BFT event processor","throwable":""}
{"timestamp":"2025-01-24T13:54:10,891","container":"ce31ad6d523f","level":"INFO","thread":"BesuCommand-Shutdown-Hook","class":"DefaultSynchronizer","message":"Stopping synchronizer","throwable":""}
{"timestamp":"2025-01-24T13:54:10,955","container":"ce31ad6d523f","level":"INFO","thread":"BesuCommand-Shutdown-Hook","class":"NetworkRunner","message":"Stopping Network.","throwable":""}
{"timestamp":"2025-01-24T13:54:11,070","container":"ce31ad6d523f","level":"INFO","thread":"BesuCommand-Shutdown-Hook","class":"EthProtocolManager","message":"Stopping eth Subprotocol.","throwable":""}
{"timestamp":"2025-01-24T13:54:11,079","container":"ce31ad6d523f","level":"INFO","thread":"BesuCommand-Shutdown-Hook","class":"EthProtocolManager","message":"eth Subprotocol stopped.","throwable":""}
{"timestamp":"2025-01-24T13:54:11,081","container":"ce31ad6d523f","level":"INFO","thread":"BesuCommand-Shutdown-Hook","class":"NetworkRunner","message":"Network stopped.","throwable":""}
{"timestamp":"2025-01-24T13:54:11,103","container":"ce31ad6d523f","level":"INFO","thread":"BesuCommand-Shutdown-Hook","class":"AutoTransactionLogBloomCachingService","message":"Shutting down Auto transaction logs caching service.","throwable":""}
{"timestamp":"2025-01-24T13:54:11,123","container":"ce31ad6d523f","level":"INFO","thread":"BesuCommand-Shutdown-Hook","class":"DockerNatManager","message":"Stopping docker NAT manager.","throwable":""}
