{"timestamp":"2025-01-24T14:17:14,832","container":"4ab876e2b050","level":"INFO","thread":"main","class":"Besu","message":"Starting Besu","throwable":""}
{"timestamp":"2025-01-24T14:17:20,911","container":"4ab876e2b050","level":"WARN","thread":"main","class":"Besu","message":"--min-gas-price has been ignored because --miner-enabled was not defined on the command line.","throwable":""}
{"timestamp":"2025-01-24T14:17:34,964","container":"4ab876e2b050","level":"INFO","thread":"main","class":"Besu","message":"
####################################################################################################
#                                                                                                  #
# Besu version 23.4.1                                                                              #
#                                                                                                  #
# Configuration:                                                                                   #
# Network: Custom genesis file specified                                                           #
# Network Id: 1337                                                                                 #
# Data storage: Forest                                                                             #
# Sync mode: Full                                                                                  #
# RPC HTTP APIs: EEA,WEB3,ETH,NET,TRACE,DEBUG,ADMIN,TXPOOL,PRIV,PERM,QBFT                          #
# RPC HTTP port: 8545                                                                              #
#                                                                                                  #
# Host:                                                                                            #
# Java: openjdk-java-17                                                                            #
# Maximum heap size: 1.85 GB                                                                       #
# OS: linux-x86_64                                                                                 #
# glibc: 2.35                                                                                      #
# jemalloc: 5.2.1-0-gea6b3e973b477b8061e0076bb257dbd7f3faa756                                      #
# Total memory: 7.40 GB                                                                            #
# CPU cores: 8                                                                                     #
#                                                                                                  #
####################################################################################################","throwable":""}
{"timestamp":"2025-01-24T14:17:34,971","container":"4ab876e2b050","level":"INFO","thread":"main","class":"Besu","message":"Connecting to 8 static nodes.","throwable":""}
{"timestamp":"2025-01-24T14:17:34,975","container":"4ab876e2b050","level":"INFO","thread":"main","class":"Besu","message":"Security Module: localfile","throwable":""}
{"timestamp":"2025-01-24T14:17:35,340","container":"4ab876e2b050","level":"INFO","thread":"main","class":"Besu","message":"Using the native implementation of alt bn128","throwable":""}
{"timestamp":"2025-01-24T14:17:35,837","container":"4ab876e2b050","level":"INFO","thread":"main","class":"Besu","message":"Using the native implementation of modexp","throwable":""}
{"timestamp":"2025-01-24T14:17:35,838","container":"4ab876e2b050","level":"INFO","thread":"main","class":"Besu","message":"Using the native implementation of the signature algorithm","throwable":""}
{"timestamp":"2025-01-24T14:17:35,888","container":"4ab876e2b050","level":"INFO","thread":"main","class":"Besu","message":"Using the native implementation of the blake2bf algorithm","throwable":""}
{"timestamp":"2025-01-24T14:17:38,839","container":"4ab876e2b050","level":"INFO","thread":"main","class":"RocksDBKeyValueStorageFactory","message":"No existing database detected at /opt/besu/data. Using version 1","throwable":""}
{"timestamp":"2025-01-24T14:18:03,782","container":"4ab876e2b050","level":"INFO","thread":"main","class":"KeyPairUtil","message":"Loaded public key 0x8208a3f344695d44e9cf2c023683cbea7b9343e2f70a5e804bd2c93858e945f8f91439eef96a4ab6c47ff06637d6fbe6472f96de1655a1bee57ea896654f3a22 from /opt/besu/keys/nodekey","throwable":""}
{"timestamp":"2025-01-24T14:18:03,921","container":"4ab876e2b050","level":"WARN","thread":"main","class":"Besu","message":"Privacy is disabled. Cannot use EEA/PRIV API methods when not using Privacy.","throwable":""}
{"timestamp":"2025-01-24T14:18:06,694","container":"4ab876e2b050","level":"INFO","thread":"main","class":"ProtocolScheduleBuilder","message":"Protocol schedule created with milestones: [GrayGlacier: 0]","throwable":""}
{"timestamp":"2025-01-24T14:18:10,937","container":"4ab876e2b050","level":"INFO","thread":"main","class":"TransactionPoolFactory","message":"Enabling transaction pool","throwable":""}
{"timestamp":"2025-01-24T14:18:11,349","container":"4ab876e2b050","level":"INFO","thread":"main","class":"BesuControllerBuilder","message":"TTD difficulty is not present, creating initial sync phase for PoW","throwable":""}
{"timestamp":"2025-01-24T14:18:12,335","container":"4ab876e2b050","level":"INFO","thread":"main","class":"RunnerBuilder","message":"Detecting NAT service.","throwable":""}
{"timestamp":"2025-01-24T14:18:24,129","container":"4ab876e2b050","level":"INFO","thread":"main","class":"Runner","message":"Starting external services ... ","throwable":""}
{"timestamp":"2025-01-24T14:18:24,206","container":"4ab876e2b050","level":"INFO","thread":"main","class":"MetricsHttpService","message":"Starting metrics http service on 0.0.0.0:9545","throwable":""}
{"timestamp":"2025-01-24T14:18:25,823","container":"4ab876e2b050","level":"INFO","thread":"main","class":"JsonRpcHttpService","message":"Starting JSON-RPC service on 0.0.0.0:8545","throwable":""}
{"timestamp":"2025-01-24T14:18:25,852","container":"4ab876e2b050","level":"INFO","thread":"vert.x-eventloop-thread-4","class":"MetricsHttpService","message":"Metrics service started and listening on 0.0.0.0:9545","throwable":""}
{"timestamp":"2025-01-24T14:18:25,976","container":"4ab876e2b050","level":"INFO","thread":"vert.x-eventloop-thread-4","class":"JsonRpcHttpService","message":"JSON-RPC service started and listening on 0.0.0.0:8545","throwable":""}
{"timestamp":"2025-01-24T14:18:25,984","container":"4ab876e2b050","level":"INFO","thread":"main","class":"GraphQLHttpService","message":"Starting GraphQL HTTP service on 0.0.0.0:8547","throwable":""}
{"timestamp":"2025-01-24T14:18:26,031","container":"4ab876e2b050","level":"INFO","thread":"vert.x-eventloop-thread-4","class":"GraphQLHttpService","message":"GraphQL HTTP service started and listening on 0.0.0.0:8547","throwable":""}
{"timestamp":"2025-01-24T14:18:26,041","container":"4ab876e2b050","level":"INFO","thread":"main","class":"WebSocketService","message":"Starting Websocket service on 0.0.0.0:8546","throwable":""}
{"timestamp":"2025-01-24T14:18:26,078","container":"4ab876e2b050","level":"INFO","thread":"vert.x-eventloop-thread-4","class":"WebSocketService","message":"Websocket service started and listening on 0.0.0.0:8546","throwable":""}
{"timestamp":"2025-01-24T14:18:26,151","container":"4ab876e2b050","level":"INFO","thread":"main","class":"AutoTransactionLogBloomCachingService","message":"Starting auto transaction log bloom caching service.","throwable":""}
{"timestamp":"2025-01-24T14:18:26,183","container":"4ab876e2b050","level":"INFO","thread":"main","class":"LogBloomCacheMetadata","message":"Lookup cache metadata file in data directory: /opt/besu/data/caches","throwable":""}
{"timestamp":"2025-01-24T14:18:26,313","container":"4ab876e2b050","level":"INFO","thread":"main","class":"Runner","message":"Starting Ethereum main loop ... ","throwable":""}
{"timestamp":"2025-01-24T14:18:26,317","container":"4ab876e2b050","level":"INFO","thread":"main","class":"DockerNatManager","message":"Starting docker NAT manager.","throwable":""}
{"timestamp":"2025-01-24T14:18:28,227","container":"4ab876e2b050","level":"INFO","thread":"main","class":"NetworkRunner","message":"Starting Network.","throwable":""}
{"timestamp":"2025-01-24T14:18:28,344","container":"4ab876e2b050","level":"INFO","thread":"nioEventLoopGroup-2-1","class":"RlpxAgent","message":"P2P RLPx agent started and listening on /[0:0:0:0:0:0:0:0]:30303.","throwable":""}
{"timestamp":"2025-01-24T14:18:28,346","container":"4ab876e2b050","level":"INFO","thread":"main","class":"PeerDiscoveryAgent","message":"Starting peer discovery agent on host=0.0.0.0, port=30303","throwable":""}
{"timestamp":"2025-01-24T14:18:28,445","container":"4ab876e2b050","level":"INFO","thread":"vert.x-eventloop-thread-4","class":"VertxPeerDiscoveryAgent","message":"Started peer discovery agent successfully, on effective host=0:0:0:0:0:0:0:0%0 and port=30303","throwable":""}
{"timestamp":"2025-01-24T14:18:28,469","container":"4ab876e2b050","level":"INFO","thread":"vert.x-eventloop-thread-4","class":"PeerDiscoveryAgent","message":"P2P peer discovery agent started and listening on /[0:0:0:0:0:0:0:0%0]:30303","throwable":""}
{"timestamp":"2025-01-24T14:18:28,773","container":"4ab876e2b050","level":"INFO","thread":"vert.x-eventloop-thread-4","class":"PeerDiscoveryAgent","message":"Writing node record to disk. NodeRecord{seq=1, publicKey=0x028208a3f344695d44e9cf2c023683cbea7b9343e2f70a5e804bd2c93858e945f8, udpAddress=Optional[/172.16.239.11:30303], tcpAddress=Optional[/172.16.239.11:30303], asBase64=-Je4QOCbk-eOngUpaYFsGPPjFgQmjVboz2kBjraHkwuaKjfWGjR_bWtplYkhOtgIH6S7VY42OdLVUbBxNpY02jh_NHQBg2V0aMfGhMw13_-AgmlkgnY0gmlwhKwQ7wuJc2VjcDI1NmsxoQKCCKPzRGldROnPLAI2g8vqe5ND4vcKXoBL0sk4WOlF-IN0Y3CCdl-DdWRwgnZf, nodeId=0x58e94810eeee14c28613b47e93917cadbace5dfce132b991732c6cda9bcc5b8a, customFields={tcp=30303, udp=30303, ip=0xac10ef0b, eth=[[0xcc35dfff, 0x]], id=V4, secp256k1=0x028208a3f344695d44e9cf2c023683cbea7b9343e2f70a5e804bd2c93858e945f8}}","throwable":""}
{"timestamp":"2025-01-24T14:18:29,028","container":"4ab876e2b050","level":"INFO","thread":"main","class":"DefaultP2PNetwork","message":"Enode URL enode://8208a3f344695d44e9cf2c023683cbea7b9343e2f70a5e804bd2c93858e945f8f91439eef96a4ab6c47ff06637d6fbe6472f96de1655a1bee57ea896654f3a22@172.16.239.11:30303","throwable":""}
{"timestamp":"2025-01-24T14:18:29,031","container":"4ab876e2b050","level":"INFO","thread":"main","class":"DefaultP2PNetwork","message":"Node address 0x93917cadbace5dfce132b991732c6cda9bcc5b8a","throwable":""}
{"timestamp":"2025-01-24T14:18:29,499","container":"4ab876e2b050","level":"INFO","thread":"main","class":"NetworkRunner","message":"Supported capabilities: [eth/62, eth/63, eth/64, eth/65, eth/66, eth/67, eth/68], [istanbul/100], [snap/1]","throwable":""}
{"timestamp":"2025-01-24T14:18:29,506","container":"4ab876e2b050","level":"INFO","thread":"main","class":"DefaultSynchronizer","message":"Starting synchronizer.","throwable":""}
{"timestamp":"2025-01-24T14:18:29,584","container":"4ab876e2b050","level":"INFO","thread":"main","class":"TransactionPoolFactory","message":"Enabling transaction handling following initial sync","throwable":""}
{"timestamp":"2025-01-24T14:18:29,640","container":"4ab876e2b050","level":"INFO","thread":"main","class":"FullSyncDownloader","message":"Starting full sync.","throwable":""}
{"timestamp":"2025-01-24T14:18:29,675","container":"4ab876e2b050","level":"INFO","thread":"main","class":"FullSyncTargetManager","message":"Unable to find sync target. Currently checking 0 peers for usefulness","throwable":""}
{"timestamp":"2025-01-24T14:18:30,985","container":"4ab876e2b050","level":"INFO","thread":"main","class":"Runner","message":"Ethereum main loop is up.","throwable":""}
{"timestamp":"2025-01-24T14:18:35,563","container":"4ab876e2b050","level":"INFO","thread":"EthScheduler-Timer-0","class":"FullSyncTargetManager","message":"Unable to find sync target. Currently checking 1 peers for usefulness","throwable":""}
{"timestamp":"2025-01-24T14:18:35,758","container":"4ab876e2b050","level":"INFO","thread":"nioEventLoopGroup-3-1","class":"FullSyncTargetManager","message":"Unable to find sync target. Currently checking 2 peers for usefulness","throwable":""}
{"timestamp":"2025-01-24T14:18:36,388","container":"4ab876e2b050","level":"INFO","thread":"nioEventLoopGroup-3-2","class":"FullSyncTargetManager","message":"Unable to find sync target. Currently checking 3 peers for usefulness","throwable":""}
{"timestamp":"2025-01-24T14:18:36,974","container":"4ab876e2b050","level":"INFO","thread":"nioEventLoopGroup-3-9","class":"FullSyncTargetManager","message":"Unable to find sync target. Currently checking 4 peers for usefulness","throwable":""}
{"timestamp":"2025-01-24T14:18:37,135","container":"4ab876e2b050","level":"INFO","thread":"nioEventLoopGroup-3-4","class":"FullSyncTargetManager","message":"Unable to find sync target. Currently checking 5 peers for usefulness","throwable":""}
{"timestamp":"2025-01-24T14:18:37,507","container":"4ab876e2b050","level":"INFO","thread":"nioEventLoopGroup-3-5","class":"FullSyncTargetManager","message":"Unable to find sync target. Currently checking 6 peers for usefulness","throwable":""}
{"timestamp":"2025-01-24T14:18:38,191","container":"4ab876e2b050","level":"INFO","thread":"nioEventLoopGroup-3-4","class":"FullSyncTargetManager","message":"Unable to find sync target. Currently checking 7 peers for usefulness","throwable":""}
{"timestamp":"2025-01-24T14:18:41,765","container":"4ab876e2b050","level":"INFO","thread":"BftProcessorExecutor-QBFT-0","class":"QbftBesuControllerBuilder","message":"Imported #1 / 0 tx / 0 pending / 0 (0.0%) gas / (0x712a54a0aeff9aa0e04a0632b279be7a8805dffa932983ecf2111c406d6507b2)","throwable":""}
{"timestamp":"2025-01-24T14:18:43,207","container":"4ab876e2b050","level":"INFO","thread":"EthScheduler-Timer-0","class":"FullSyncTargetManager","message":"Unable to find sync target. Currently checking 7 peers for usefulness","throwable":""}
{"timestamp":"2025-01-24T14:18:44,630","container":"4ab876e2b050","level":"INFO","thread":"BftProcessorExecutor-QBFT-0","class":"QbftBesuControllerBuilder","message":"Produced #2 / 0 tx / 0 pending / 0 (0.0%) gas / (0xfc7a3df2311ab50e68a3ada3a2ecdcadce0be2e9ddf93201f0f45d41017e3198)","throwable":""}
{"timestamp":"2025-01-24T14:18:48,485","container":"4ab876e2b050","level":"INFO","thread":"BftProcessorExecutor-QBFT-0","class":"QbftBesuControllerBuilder","message":"Imported #3 / 0 tx / 0 pending / 0 (0.0%) gas / (0xe34297df0a0e303f3659f60673896b1256761a2746c461ed06b9e646f166e7f8)","throwable":""}
{"timestamp":"2025-01-24T14:18:53,740","container":"4ab876e2b050","level":"INFO","thread":"BftProcessorExecutor-QBFT-0","class":"QbftBesuControllerBuilder","message":"Imported #4 / 0 tx / 0 pending / 0 (0.0%) gas / (0xddbffdee63e2ffe40e88ab4c4edf0819a07ab00b61ac3a6c7d3c27b0531a723d)","throwable":""}
{"timestamp":"2025-01-24T14:18:58,382","container":"4ab876e2b050","level":"INFO","thread":"EthScheduler-Workers-0","class":"PersistBlockTask","message":"Imported #5 / 0 tx / 0 om / 0 (0.0%) gas / (0x01da7a68e4c7439c370856d40d7b88333cfd78ba3050c80d8f6e041592f77c19) in 0.036s. Peers: 7","throwable":""}
{"timestamp":"2025-01-24T14:19:03,233","container":"4ab876e2b050","level":"INFO","thread":"EthScheduler-Workers-0","class":"PersistBlockTask","message":"Imported #6 / 0 tx / 0 om / 0 (0.0%) gas / (0x0d4d0f7d82526698d3917104a046a139ac58bee8544db4fed1b5ee9a358aa079) in 0.014s. Peers: 7","throwable":""}
{"timestamp":"2025-01-24T14:19:03,262","container":"4ab876e2b050","level":"INFO","thread":"BftProcessorExecutor-QBFT-0","class":"QbftBesuControllerBuilder","message":"Produced #6 / 0 tx / 0 pending / 0 (0.0%) gas / (0x0d4d0f7d82526698d3917104a046a139ac58bee8544db4fed1b5ee9a358aa079)","throwable":""}
{"timestamp":"2025-01-24T14:19:08,392","container":"4ab876e2b050","level":"INFO","thread":"BftProcessorExecutor-QBFT-0","class":"QbftBesuControllerBuilder","message":"Imported #7 / 0 tx / 0 pending / 0 (0.0%) gas / (0xae8878830d21dba07f0d52ffd751f2d427fb1ba9bdbab037e9c2734c42474f1b)","throwable":""}
{"timestamp":"2025-01-24T14:19:13,252","container":"4ab876e2b050","level":"INFO","thread":"BftProcessorExecutor-QBFT-0","class":"QbftBesuControllerBuilder","message":"Imported #8 / 0 tx / 0 pending / 0 (0.0%) gas / (0x4155e395f46ea3bfdd5a335dbe3ab47f186e6241509d652e53aeb6e1790db137)","throwable":""}
{"timestamp":"2025-01-24T14:19:18,208","container":"4ab876e2b050","level":"INFO","thread":"BftProcessorExecutor-QBFT-0","class":"QbftBesuControllerBuilder","message":"Imported #9 / 0 tx / 0 pending / 0 (0.0%) gas / (0xeacfc4c5617abd028cf43bc2c868f29da4218f06a68380f1a39ad77b815e268e)","throwable":""}
{"timestamp":"2025-01-24T14:19:23,325","container":"4ab876e2b050","level":"INFO","thread":"BftProcessorExecutor-QBFT-0","class":"QbftBesuControllerBuilder","message":"Produced #10 / 0 tx / 0 pending / 0 (0.0%) gas / (0xb69243010c2d3f6833a4156ee0bfe1d88ecc87711d2fc7c143690648fd6cce54)","throwable":""}
{"timestamp":"2025-01-24T14:19:28,191","container":"4ab876e2b050","level":"INFO","thread":"BftProcessorExecutor-QBFT-0","class":"QbftBesuControllerBuilder","message":"Imported #11 / 0 tx / 0 pending / 0 (0.0%) gas / (0x7a7064f64f13eb92f0f4e713418a5a5364c2ab390de153640153e6fec3e8ac48)","throwable":""}
{"timestamp":"2025-01-24T14:19:33,248","container":"4ab876e2b050","level":"INFO","thread":"BftProcessorExecutor-QBFT-0","class":"QbftBesuControllerBuilder","message":"Imported #12 / 0 tx / 0 pending / 0 (0.0%) gas / (0x7d0268231563cd3d3fa1cb4f827be2fc5c86b653c6e1e75618fc0446e2f6a923)","throwable":""}
{"timestamp":"2025-01-24T14:19:38,207","container":"4ab876e2b050","level":"INFO","thread":"BftProcessorExecutor-QBFT-0","class":"QbftBesuControllerBuilder","message":"Imported #13 / 0 tx / 0 pending / 0 (0.0%) gas / (0x2866a6521ff902181c3a4685c53ef19b49688f61a02b24c124ef4ec8c5ec0632)","throwable":""}
{"timestamp":"2025-01-24T14:19:43,261","container":"4ab876e2b050","level":"INFO","thread":"BftProcessorExecutor-QBFT-0","class":"QbftBesuControllerBuilder","message":"Produced #14 / 0 tx / 0 pending / 0 (0.0%) gas / (0x77b9fbb34c379457c629c1539ff1dfdbb94f42b735069bded72a10ef5c8d22dd)","throwable":""}
{"timestamp":"2025-01-24T14:19:48,122","container":"4ab876e2b050","level":"INFO","thread":"BftProcessorExecutor-QBFT-0","class":"QbftBesuControllerBuilder","message":"Imported #15 / 0 tx / 0 pending / 0 (0.0%) gas / (0x60bebbb7942c6bcdb3388569ce6b9411cc7c16d64d9a0a45ea8c0cb632a4e3c4)","throwable":""}
{"timestamp":"2025-01-24T14:19:53,272","container":"4ab876e2b050","level":"INFO","thread":"BftProcessorExecutor-QBFT-0","class":"QbftBesuControllerBuilder","message":"Imported #16 / 0 tx / 0 pending / 0 (0.0%) gas / (0x2aa90d18f2e0b822be03afb18be8c14c9193099fb3ec383da8015081bfa8bd08)","throwable":""}
{"timestamp":"2025-01-24T14:19:58,132","container":"4ab876e2b050","level":"INFO","thread":"BftProcessorExecutor-QBFT-0","class":"QbftBesuControllerBuilder","message":"Imported #17 / 0 tx / 0 pending / 0 (0.0%) gas / (0x1e98c27bfb0148274493d64492fd134ff1982f0ebc0bca043d382cb66bfbb27e)","throwable":""}
{"timestamp":"2025-01-24T14:20:03,173","container":"4ab876e2b050","level":"INFO","thread":"EthScheduler-Workers-0","class":"PersistBlockTask","message":"Imported #18 / 0 tx / 0 om / 0 (0.0%) gas / (0xa17b9e1982b500e34e48a11d100e2d0611f27de3fd9af72845ebb55ca7777610) in 0.018s. Peers: 7","throwable":""}
{"timestamp":"2025-01-24T14:20:03,176","container":"4ab876e2b050","level":"INFO","thread":"BftProcessorExecutor-QBFT-0","class":"QbftBesuControllerBuilder","message":"Produced #18 / 0 tx / 0 pending / 0 (0.0%) gas / (0xa17b9e1982b500e34e48a11d100e2d0611f27de3fd9af72845ebb55ca7777610)","throwable":""}
{"timestamp":"2025-01-24T14:20:08,607","container":"4ab876e2b050","level":"INFO","thread":"EthScheduler-Workers-0","class":"PersistBlockTask","message":"Imported #19 / 0 tx / 0 om / 0 (0.0%) gas / (0xbfe6160e34e15432335e88b5b015a855a05afe52332ae13f94478e00c30aa707) in 0.056s. Peers: 7","throwable":""}
{"timestamp":"2025-01-24T14:20:13,270","container":"4ab876e2b050","level":"INFO","thread":"BftProcessorExecutor-QBFT-0","class":"QbftBesuControllerBuilder","message":"Imported #20 / 0 tx / 0 pending / 0 (0.0%) gas / (0x7e2edfb65ea543812ef653f5cc3db7cc27767f0a9de39cd4a8b2dd457ee52c2c)","throwable":""}
{"timestamp":"2025-01-24T14:20:18,146","container":"4ab876e2b050","level":"INFO","thread":"BftProcessorExecutor-QBFT-0","class":"QbftBesuControllerBuilder","message":"Imported #21 / 0 tx / 0 pending / 0 (0.0%) gas / (0x3c2b02724bf041c4130e19e32df367f519ef029893f19e2e5be5cdc85a9a1597)","throwable":""}
{"timestamp":"2025-01-24T14:20:23,285","container":"4ab876e2b050","level":"INFO","thread":"BftProcessorExecutor-QBFT-0","class":"QbftBesuControllerBuilder","message":"Produced #22 / 0 tx / 0 pending / 0 (0.0%) gas / (0x1b938a6bf7868e6fa55730ca54b931f7ba105c3788f75d57acef5ea516d9cb03)","throwable":""}
{"timestamp":"2025-01-24T14:20:23,293","container":"4ab876e2b050","level":"INFO","thread":"EthScheduler-Workers-0","class":"PersistBlockTask","message":"Block 22 (0x1b938a6bf7868e6fa55730ca54b931f7ba105c3788f75d57acef5ea516d9cb03) is already imported","throwable":""}
{"timestamp":"2025-01-24T14:20:28,206","container":"4ab876e2b050","level":"INFO","thread":"EthScheduler-Workers-0","class":"PersistBlockTask","message":"Block 23 (0x08e5c77d7eacc6d675a8fe94521b1d06c09a5109c299d6595667e627da3e0cc5) is already imported","throwable":""}
{"timestamp":"2025-01-24T14:20:28,243","container":"4ab876e2b050","level":"INFO","thread":"BftProcessorExecutor-QBFT-0","class":"QbftBesuControllerBuilder","message":"Imported #23 / 0 tx / 0 pending / 0 (0.0%) gas / (0x08e5c77d7eacc6d675a8fe94521b1d06c09a5109c299d6595667e627da3e0cc5)","throwable":""}
{"timestamp":"2025-01-24T14:20:33,111","container":"4ab876e2b050","level":"INFO","thread":"EthScheduler-Workers-0","class":"PersistBlockTask","message":"Imported #24 / 0 tx / 0 om / 0 (0.0%) gas / (0x44de871db1886228fc462772ad93b75ab08f4c5a877e6fafed0f3aa9862e9568) in 0.023s. Peers: 7","throwable":""}
{"timestamp":"2025-01-24T14:20:33,146","container":"4ab876e2b050","level":"INFO","thread":"BftProcessorExecutor-QBFT-0","class":"QbftBesuControllerBuilder","message":"Imported #24 / 0 tx / 0 pending / 0 (0.0%) gas / (0x44de871db1886228fc462772ad93b75ab08f4c5a877e6fafed0f3aa9862e9568)","throwable":""}
{"timestamp":"2025-01-24T14:20:38,159","container":"4ab876e2b050","level":"INFO","thread":"EthScheduler-Workers-0","class":"PersistBlockTask","message":"Imported #25 / 0 tx / 0 om / 0 (0.0%) gas / (0xc71ffb5e22f22b463b289b1ed1179be96485a920f9a10368e924b9176465829a) in 0.033s. Peers: 7","throwable":""}
{"timestamp":"2025-01-24T14:20:43,129","container":"4ab876e2b050","level":"INFO","thread":"EthScheduler-Workers-0","class":"PersistBlockTask","message":"Imported #26 / 0 tx / 0 om / 0 (0.0%) gas / (0x1b5325c6ba2727e5b175d86f35de0777cdb3d0e8155823c94672d448b854dc90) in 0.043s. Peers: 7","throwable":""}
{"timestamp":"2025-01-24T14:20:43,143","container":"4ab876e2b050","level":"INFO","thread":"BftProcessorExecutor-QBFT-0","class":"QbftBesuControllerBuilder","message":"Produced #26 / 0 tx / 0 pending / 0 (0.0%) gas / (0x1b5325c6ba2727e5b175d86f35de0777cdb3d0e8155823c94672d448b854dc90)","throwable":""}
{"timestamp":"2025-01-24T14:20:48,273","container":"4ab876e2b050","level":"INFO","thread":"EthScheduler-Workers-0","class":"PersistBlockTask","message":"Block 27 (0xf886ae49ab00ee716509591f7aa17e5f5fe2b815eee88d392f4c4a6cdcbcf3c2) is already imported","throwable":""}
{"timestamp":"2025-01-24T14:20:48,310","container":"4ab876e2b050","level":"INFO","thread":"BftProcessorExecutor-QBFT-0","class":"QbftBesuControllerBuilder","message":"Imported #27 / 0 tx / 0 pending / 0 (0.0%) gas / (0xf886ae49ab00ee716509591f7aa17e5f5fe2b815eee88d392f4c4a6cdcbcf3c2)","throwable":""}
{"timestamp":"2025-01-24T14:20:53,411","container":"4ab876e2b050","level":"INFO","thread":"EthScheduler-Workers-0","class":"PersistBlockTask","message":"Block 28 (0x9c169f6737a02ba239380956aec4f15f0bb67e4e42f1e11d136ce0e6faa42fcd) is already imported","throwable":""}
{"timestamp":"2025-01-24T14:20:53,454","container":"4ab876e2b050","level":"INFO","thread":"BftProcessorExecutor-QBFT-0","class":"QbftBesuControllerBuilder","message":"Imported #28 / 0 tx / 0 pending / 0 (0.0%) gas / (0x9c169f6737a02ba239380956aec4f15f0bb67e4e42f1e11d136ce0e6faa42fcd)","throwable":""}
{"timestamp":"2025-01-24T14:20:59,386","container":"4ab876e2b050","level":"INFO","thread":"EthScheduler-Workers-0","class":"PersistBlockTask","message":"Block 29 (0x4f36ed3a760009537a88b27b560988905d578ee4f24ea1f6219eb736fef145a0) is already imported","throwable":""}
{"timestamp":"2025-01-24T14:20:59,408","container":"4ab876e2b050","level":"INFO","thread":"BftProcessorExecutor-QBFT-0","class":"QbftBesuControllerBuilder","message":"Imported #29 / 0 tx / 0 pending / 0 (0.0%) gas / (0x4f36ed3a760009537a88b27b560988905d578ee4f24ea1f6219eb736fef145a0)","throwable":""}
{"timestamp":"2025-01-24T14:21:13,502","container":"4ab876e2b050","level":"INFO","thread":"BftProcessorExecutor-QBFT-0","class":"QbftBesuControllerBuilder","message":"Produced #30 / 0 tx / 0 pending / 0 (0.0%) gas / (0x6540e23027d610b3fbc357105d3b009226a253e8b8112b0e413e278f117a5167)","throwable":""}
{"timestamp":"2025-01-24T14:21:29,910","container":"4ab876e2b050","level":"INFO","thread":"BftProcessorExecutor-QBFT-0","class":"QbftBesuControllerBuilder","message":"Imported #31 / 0 tx / 0 pending / 0 (0.0%) gas / (0x3c347d2810d6a805b095c0595cea13ae89cec561b80de1f9c669245c04802867)","throwable":""}
{"timestamp":"2025-01-24T14:21:35,249","container":"4ab876e2b050","level":"INFO","thread":"BftProcessorExecutor-QBFT-0","class":"QbftBesuControllerBuilder","message":"Imported #32 / 0 tx / 0 pending / 0 (0.0%) gas / (0x03e0270d6bcc005379a1e3e271c7d60bee2bfe65bdf60d6a72f8a7da9b0f1f02)","throwable":""}
{"timestamp":"2025-01-24T14:21:37,727","container":"4ab876e2b050","level":"INFO","thread":"BftProcessorExecutor-QBFT-0","class":"QbftBesuControllerBuilder","message":"Imported #33 / 0 tx / 0 pending / 0 (0.0%) gas / (0x013df7df3015c3cb3d644eef29cfc1a950bbeedae244c3d70b4236e58f120dd9)","throwable":""}
{"timestamp":"2025-01-24T14:21:42,522","container":"4ab876e2b050","level":"INFO","thread":"BftProcessorExecutor-QBFT-0","class":"QbftBesuControllerBuilder","message":"Produced #34 / 0 tx / 0 pending / 0 (0.0%) gas / (0x839b68cf4f12db8def7ba1e53fc219793e2f997147467b57f5b72117b1559fdb)","throwable":""}
{"timestamp":"2025-01-24T14:27:57,636","container":"4ab876e2b050","level":"WARN","thread":"vertx-blocked-thread-checker","class":"BlockedThreadChecker","message":"Thread Thread[vert.x-eventloop-thread-4,5,main] has been blocked for 2447 ms, time limit is 2000 ms","throwable":""}
{"timestamp":"2025-01-24T14:28:01,464","container":"4ab876e2b050","level":"INFO","thread":"nioEventLoopGroup-3-4","class":"FullSyncTargetManager","message":"Unable to find sync target. Currently checking 3 peers for usefulness","throwable":""}
{"timestamp":"2025-01-24T14:28:18,078","container":"4ab876e2b050","level":"INFO","thread":"BftProcessorExecutor-QBFT-0","class":"QbftRound","message":"Importing proposed block to chain. round=ConsensusRoundIdentifier{Sequence=35, Round=2}, hash=0xc453a209713a0d3efe4babfc356245f1aa1b92b9a6b660fce36c87ca24595328","throwable":""}
{"timestamp":"2025-01-24T14:28:18,145","container":"4ab876e2b050","level":"INFO","thread":"BftProcessorExecutor-QBFT-0","class":"QbftBesuControllerBuilder","message":"Imported #35 / 0 tx / 0 pending / 0 (0.0%) gas / (0xc453a209713a0d3efe4babfc356245f1aa1b92b9a6b660fce36c87ca24595328)","throwable":""}
{"timestamp":"2025-01-24T14:28:22,105","container":"4ab876e2b050","level":"INFO","thread":"EthScheduler-Workers-0","class":"PersistBlockTask","message":"Imported #36 / 0 tx / 0 om / 0 (0.0%) gas / (0x4181bf72eb3ddbff59bfd7566c09a8941a4ad9d5f2771e6b181bf758aa38454b) in 0.004s. Peers: 7","throwable":""}
{"timestamp":"2025-01-24T14:28:22,127","container":"4ab876e2b050","level":"INFO","thread":"BftProcessorExecutor-QBFT-0","class":"QbftBesuControllerBuilder","message":"Produced #36 / 0 tx / 0 pending / 0 (0.0%) gas / (0x4181bf72eb3ddbff59bfd7566c09a8941a4ad9d5f2771e6b181bf758aa38454b)","throwable":""}
{"timestamp":"2025-01-24T14:28:27,108","container":"4ab876e2b050","level":"INFO","thread":"EthScheduler-Workers-0","class":"PersistBlockTask","message":"Block 37 (0x2e6dc1ec087f79da52f35df7380950ab8e5ec66842544c7cb95f1773de061202) is already imported","throwable":""}
{"timestamp":"2025-01-24T14:28:27,130","container":"4ab876e2b050","level":"INFO","thread":"BftProcessorExecutor-QBFT-0","class":"QbftBesuControllerBuilder","message":"Imported #37 / 0 tx / 0 pending / 0 (0.0%) gas / (0x2e6dc1ec087f79da52f35df7380950ab8e5ec66842544c7cb95f1773de061202)","throwable":""}
{"timestamp":"2025-01-24T14:28:32,087","container":"4ab876e2b050","level":"INFO","thread":"EthScheduler-Workers-0","class":"PersistBlockTask","message":"Block 38 (0xb67d21d3ac83e58deaa8a45ace4ed626c67a6a6b3ab27f3c52592f06e28cfba7) is already imported","throwable":""}
{"timestamp":"2025-01-24T14:28:32,095","container":"4ab876e2b050","level":"INFO","thread":"BftProcessorExecutor-QBFT-0","class":"QbftBesuControllerBuilder","message":"Imported #38 / 0 tx / 0 pending / 0 (0.0%) gas / (0xb67d21d3ac83e58deaa8a45ace4ed626c67a6a6b3ab27f3c52592f06e28cfba7)","throwable":""}
{"timestamp":"2025-01-24T14:28:37,066","container":"4ab876e2b050","level":"INFO","thread":"BftProcessorExecutor-QBFT-0","class":"QbftBesuControllerBuilder","message":"Imported #39 / 0 tx / 0 pending / 0 (0.0%) gas / (0x571050f1228755a452f61f5198d3801660ff2b1d4025cdab3479dd86721248c0)","throwable":""}
{"timestamp":"2025-01-24T14:28:42,049","container":"4ab876e2b050","level":"INFO","thread":"BftProcessorExecutor-QBFT-0","class":"QbftBesuControllerBuilder","message":"Produced #40 / 0 tx / 0 pending / 0 (0.0%) gas / (0xb86133f94e04c0c55d74b5e02f1513921bb00b1a74a6c6e1d76ab839d622d2c4)","throwable":""}
{"timestamp":"2025-01-24T14:28:47,039","container":"4ab876e2b050","level":"INFO","thread":"BftProcessorExecutor-QBFT-0","class":"QbftBesuControllerBuilder","message":"Imported #41 / 0 tx / 0 pending / 0 (0.0%) gas / (0x0acbf7b11bc60cba30cb2fca2f3dcea95e08b8b08b16c4b15bdb2b02275d3971)","throwable":""}
{"timestamp":"2025-01-24T14:28:52,059","container":"4ab876e2b050","level":"INFO","thread":"BftProcessorExecutor-QBFT-0","class":"QbftBesuControllerBuilder","message":"Imported #42 / 0 tx / 0 pending / 0 (0.0%) gas / (0xc2773ce19cc6c6be4a7b1d93ed6225635a593e59348c54bead3985fdac664891)","throwable":""}
{"timestamp":"2025-01-24T14:28:57,037","container":"4ab876e2b050","level":"INFO","thread":"EthScheduler-Workers-0","class":"PersistBlockTask","message":"Block 43 (0x1695326bbcabfa6fe7135dae2b90556a8d989dd6d70cf3e04cefa0d99a4c3e09) is already imported","throwable":""}
{"timestamp":"2025-01-24T14:28:57,041","container":"4ab876e2b050","level":"INFO","thread":"BftProcessorExecutor-QBFT-0","class":"QbftBesuControllerBuilder","message":"Imported #43 / 0 tx / 0 pending / 0 (0.0%) gas / (0x1695326bbcabfa6fe7135dae2b90556a8d989dd6d70cf3e04cefa0d99a4c3e09)","throwable":""}
{"timestamp":"2025-01-24T14:29:02,043","container":"4ab876e2b050","level":"INFO","thread":"BftProcessorExecutor-QBFT-0","class":"QbftBesuControllerBuilder","message":"Produced #44 / 0 tx / 0 pending / 0 (0.0%) gas / (0x6ead506bfb7be23c72e692dcaf57df842c8d489f11e00ef241b915d0bd8ead44)","throwable":""}
{"timestamp":"2025-01-24T14:29:07,055","container":"4ab876e2b050","level":"INFO","thread":"BftProcessorExecutor-QBFT-0","class":"QbftBesuControllerBuilder","message":"Imported #45 / 0 tx / 0 pending / 0 (0.0%) gas / (0x60bf8b15f7b32dbb260e289aa335f0801394f7f8d0d7b82fe5a43b24af33d255)","throwable":""}
{"timestamp":"2025-01-24T14:29:12,068","container":"4ab876e2b050","level":"INFO","thread":"BftProcessorExecutor-QBFT-0","class":"QbftBesuControllerBuilder","message":"Imported #46 / 0 tx / 0 pending / 0 (0.0%) gas / (0xf0d9e16d1fdeb1af6bb2810e0d5bc9fcad02080b9c763875382180049209bd69)","throwable":""}
{"timestamp":"2025-01-24T14:29:17,076","container":"4ab876e2b050","level":"INFO","thread":"EthScheduler-Workers-0","class":"PersistBlockTask","message":"Imported #47 / 0 tx / 0 om / 0 (0.0%) gas / (0x5b35afbf20ec7ec5e41388a6ecd75da02d25f304dddd46f695536ae69b4e15e7) in 0.023s. Peers: 7","throwable":""}
{"timestamp":"2025-01-24T14:29:17,080","container":"4ab876e2b050","level":"INFO","thread":"BftProcessorExecutor-QBFT-0","class":"QbftBesuControllerBuilder","message":"Imported #47 / 0 tx / 0 pending / 0 (0.0%) gas / (0x5b35afbf20ec7ec5e41388a6ecd75da02d25f304dddd46f695536ae69b4e15e7)","throwable":""}
{"timestamp":"2025-01-24T14:29:22,055","container":"4ab876e2b050","level":"INFO","thread":"EthScheduler-Workers-0","class":"PersistBlockTask","message":"Block 48 (0x6cf4fd01085bd468b49b24ad580779102629227d8d243725aff6eb39e86c4d22) is already imported","throwable":""}
{"timestamp":"2025-01-24T14:29:22,067","container":"4ab876e2b050","level":"INFO","thread":"BftProcessorExecutor-QBFT-0","class":"QbftBesuControllerBuilder","message":"Produced #48 / 0 tx / 0 pending / 0 (0.0%) gas / (0x6cf4fd01085bd468b49b24ad580779102629227d8d243725aff6eb39e86c4d22)","throwable":""}
{"timestamp":"2025-01-24T14:29:27,061","container":"4ab876e2b050","level":"INFO","thread":"BftProcessorExecutor-QBFT-0","class":"QbftBesuControllerBuilder","message":"Imported #49 / 0 tx / 0 pending / 0 (0.0%) gas / (0x58a98db2d4a16c3993759b9b917415327b8c43812fdf15c7b3562555f6e0713b)","throwable":""}
{"timestamp":"2025-01-24T14:29:32,057","container":"4ab876e2b050","level":"INFO","thread":"BftProcessorExecutor-QBFT-0","class":"QbftBesuControllerBuilder","message":"Imported #50 / 0 tx / 0 pending / 0 (0.0%) gas / (0xd28963a8d5bd6cc6091bcb697062ce6d38004bfa480c1bb39ef7a460bc4b4338)","throwable":""}
{"timestamp":"2025-01-24T14:29:37,061","container":"4ab876e2b050","level":"INFO","thread":"BftProcessorExecutor-QBFT-0","class":"QbftBesuControllerBuilder","message":"Imported #51 / 0 tx / 0 pending / 0 (0.0%) gas / (0x7c0e0436a2cfc7a30ef58fc096790d2cd486bdcaa209700e7ee874563aa29715)","throwable":""}
{"timestamp":"2025-01-24T14:29:37,069","container":"4ab876e2b050","level":"INFO","thread":"EthScheduler-Workers-0","class":"PersistBlockTask","message":"Block 51 (0x7c0e0436a2cfc7a30ef58fc096790d2cd486bdcaa209700e7ee874563aa29715) is already imported","throwable":""}
{"timestamp":"2025-01-24T14:29:42,041","container":"4ab876e2b050","level":"INFO","thread":"BftProcessorExecutor-QBFT-0","class":"QbftBesuControllerBuilder","message":"Produced #52 / 0 tx / 0 pending / 0 (0.0%) gas / (0xdd4d6a721ca31042f747ea14d90f0e12acdbcf230e7bb95a60f4488f77aad0fe)","throwable":""}
{"timestamp":"2025-01-24T14:29:47,041","container":"4ab876e2b050","level":"INFO","thread":"BftProcessorExecutor-QBFT-0","class":"QbftBesuControllerBuilder","message":"Imported #53 / 0 tx / 0 pending / 0 (0.0%) gas / (0xcb7ad72c5d52fe2a353d6e10e6f2407717d4a2fc0a942e256ba4fc7106c1c14c)","throwable":""}
{"timestamp":"2025-01-24T14:29:52,068","container":"4ab876e2b050","level":"INFO","thread":"BftProcessorExecutor-QBFT-0","class":"QbftBesuControllerBuilder","message":"Imported #54 / 0 tx / 0 pending / 0 (0.0%) gas / (0x89368f99d3c64dc0eb50d534627b163dfa0461f251381889885992a9602ff57e)","throwable":""}
{"timestamp":"2025-01-24T14:29:57,047","container":"4ab876e2b050","level":"INFO","thread":"BftProcessorExecutor-QBFT-0","class":"QbftBesuControllerBuilder","message":"Imported #55 / 0 tx / 0 pending / 0 (0.0%) gas / (0x3f7347297b1d33797af14bd99ac87d9e06b12c7deeedc4000b152448bd710416)","throwable":""}
{"timestamp":"2025-01-24T14:30:02,052","container":"4ab876e2b050","level":"INFO","thread":"EthScheduler-Workers-0","class":"PersistBlockTask","message":"Block 56 (0xe8ad304a62f07346f849c8048c64ac3653a636cd78a1ebf92448d2eaaff67f13) is already imported","throwable":""}
{"timestamp":"2025-01-24T14:30:02,065","container":"4ab876e2b050","level":"INFO","thread":"BftProcessorExecutor-QBFT-0","class":"QbftBesuControllerBuilder","message":"Produced #56 / 0 tx / 0 pending / 0 (0.0%) gas / (0xe8ad304a62f07346f849c8048c64ac3653a636cd78a1ebf92448d2eaaff67f13)","throwable":""}
{"timestamp":"2025-01-24T14:30:07,074","container":"4ab876e2b050","level":"INFO","thread":"BftProcessorExecutor-QBFT-0","class":"QbftBesuControllerBuilder","message":"Imported #57 / 0 tx / 0 pending / 0 (0.0%) gas / (0x52d8ef49901de17e6fa07db0381b4bdcf2e954302e68b995ca7a85784d9c1ea7)","throwable":""}
{"timestamp":"2025-01-24T14:30:12,089","container":"4ab876e2b050","level":"INFO","thread":"BftProcessorExecutor-QBFT-0","class":"QbftBesuControllerBuilder","message":"Imported #58 / 0 tx / 0 pending / 0 (0.0%) gas / (0x6dd8259ffdae756987db26ed8fa46dfdb78ac74054eacbb5958de413e09099da)","throwable":""}
{"timestamp":"2025-01-24T14:30:17,047","container":"4ab876e2b050","level":"INFO","thread":"BftProcessorExecutor-QBFT-0","class":"QbftBesuControllerBuilder","message":"Imported #59 / 0 tx / 0 pending / 0 (0.0%) gas / (0xc3155b69c7c1c9d6253834c4cf1369274858a308439f6ddf1627d8f3eea3dbad)","throwable":""}
{"timestamp":"2025-01-24T14:30:22,075","container":"4ab876e2b050","level":"INFO","thread":"BftProcessorExecutor-QBFT-0","class":"QbftBesuControllerBuilder","message":"Produced #60 / 0 tx / 0 pending / 0 (0.0%) gas / (0xb844c998dbf240d95338c7b1a4642f0759522b8f057a04d7f5ddd340849f3779)","throwable":""}
{"timestamp":"2025-01-24T14:30:27,086","container":"4ab876e2b050","level":"INFO","thread":"EthScheduler-Workers-0","class":"PersistBlockTask","message":"Block 61 (0x494ba6dad19e8430ac3e5b23a82b394a438d6147591c06a76a820f9ac830d30f) is already imported","throwable":""}
{"timestamp":"2025-01-24T14:30:27,097","container":"4ab876e2b050","level":"INFO","thread":"BftProcessorExecutor-QBFT-0","class":"QbftBesuControllerBuilder","message":"Imported #61 / 0 tx / 0 pending / 0 (0.0%) gas / (0x494ba6dad19e8430ac3e5b23a82b394a438d6147591c06a76a820f9ac830d30f)","throwable":""}
{"timestamp":"2025-01-24T14:30:32,032","container":"4ab876e2b050","level":"INFO","thread":"BftProcessorExecutor-QBFT-0","class":"QbftBesuControllerBuilder","message":"Imported #62 / 0 tx / 0 pending / 0 (0.0%) gas / (0x70801b5624181cddebe8491d9587e23db2807254ee7717be302b58bb5189ca10)","throwable":""}
{"timestamp":"2025-01-24T14:30:37,056","container":"4ab876e2b050","level":"INFO","thread":"BftProcessorExecutor-QBFT-0","class":"QbftBesuControllerBuilder","message":"Imported #63 / 0 tx / 0 pending / 0 (0.0%) gas / (0x3ef068c52979781d175b67a9ed7cf07e864b4389bd3a42a665e80784152db358)","throwable":""}
{"timestamp":"2025-01-24T14:30:42,035","container":"4ab876e2b050","level":"INFO","thread":"BftProcessorExecutor-QBFT-0","class":"QbftBesuControllerBuilder","message":"Produced #64 / 0 tx / 0 pending / 0 (0.0%) gas / (0x9015d2e15bed7e09e4c8f0c711a86c0bab7d127a8a3179292cb63a3c807fc011)","throwable":""}
{"timestamp":"2025-01-24T14:30:47,079","container":"4ab876e2b050","level":"INFO","thread":"BftProcessorExecutor-QBFT-0","class":"QbftBesuControllerBuilder","message":"Imported #65 / 0 tx / 0 pending / 0 (0.0%) gas / (0x36fb3f20a74d8acd833fd56d5097b7d16516405843a2f54ceb42f00fac40330a)","throwable":""}
{"timestamp":"2025-01-24T14:30:52,055","container":"4ab876e2b050","level":"INFO","thread":"BftProcessorExecutor-QBFT-0","class":"QbftBesuControllerBuilder","message":"Imported #66 / 0 tx / 0 pending / 0 (0.0%) gas / (0x193e6ed699ae7cdceff6088ad4af1979abc09f87be60e2bbeb33cb871aed3008)","throwable":""}
{"timestamp":"2025-01-24T14:30:57,055","container":"4ab876e2b050","level":"INFO","thread":"BftProcessorExecutor-QBFT-0","class":"QbftBesuControllerBuilder","message":"Imported #67 / 0 tx / 0 pending / 0 (0.0%) gas / (0xf91ef36f69c57b3ac85b9e21e4256fc71dbd450543688074a3c00ed1ec39a4dc)","throwable":""}
{"timestamp":"2025-01-24T14:31:02,034","container":"4ab876e2b050","level":"INFO","thread":"BftProcessorExecutor-QBFT-0","class":"QbftBesuControllerBuilder","message":"Produced #68 / 0 tx / 0 pending / 0 (0.0%) gas / (0x6d1827fe1293fa868de73be540d5c447e3741cff1b7a53fb5075f0c4e55c3920)","throwable":""}
{"timestamp":"2025-01-24T14:31:07,024","container":"4ab876e2b050","level":"INFO","thread":"BftProcessorExecutor-QBFT-0","class":"QbftBesuControllerBuilder","message":"Imported #69 / 0 tx / 0 pending / 0 (0.0%) gas / (0x32a509ac0deb8a3dab76843032b30689cb1b6e36e9e3dbce8eee8154976c958a)","throwable":""}
{"timestamp":"2025-01-24T14:31:12,037","container":"4ab876e2b050","level":"INFO","thread":"BftProcessorExecutor-QBFT-0","class":"QbftBesuControllerBuilder","message":"Imported #70 / 0 tx / 0 pending / 0 (0.0%) gas / (0x7ec8d7d67bc42176141068958f10ec883d314b48ce0a16e96199ef582fc0b5ee)","throwable":""}
{"timestamp":"2025-01-24T14:31:17,061","container":"4ab876e2b050","level":"INFO","thread":"BftProcessorExecutor-QBFT-0","class":"QbftBesuControllerBuilder","message":"Imported #71 / 0 tx / 0 pending / 0 (0.0%) gas / (0x97b0b6ba28f1396937f4bfd28651710d7c19eac71391090252063e210aefd7f3)","throwable":""}
{"timestamp":"2025-01-24T14:31:22,044","container":"4ab876e2b050","level":"INFO","thread":"BftProcessorExecutor-QBFT-0","class":"QbftBesuControllerBuilder","message":"Produced #72 / 0 tx / 0 pending / 0 (0.0%) gas / (0x32435e01c6dbbf21f8f33d8161bfb5ff3c8c52bd9dbc32590c3b51026bcbfa7a)","throwable":""}
{"timestamp":"2025-01-24T14:31:27,051","container":"4ab876e2b050","level":"INFO","thread":"BftProcessorExecutor-QBFT-0","class":"QbftBesuControllerBuilder","message":"Imported #73 / 0 tx / 0 pending / 0 (0.0%) gas / (0xb62da8ae413d1445ea2f42231098529dc92c47d66f6443c611799b1f284836a6)","throwable":""}
{"timestamp":"2025-01-24T14:31:32,029","container":"4ab876e2b050","level":"INFO","thread":"BftProcessorExecutor-QBFT-0","class":"QbftBesuControllerBuilder","message":"Imported #74 / 0 tx / 0 pending / 0 (0.0%) gas / (0xd5f9a73d1cd746d0d2b1bfc3e342c895edee8538ef6614a441f2d185f3d2444c)","throwable":""}
{"timestamp":"2025-01-24T14:31:37,049","container":"4ab876e2b050","level":"INFO","thread":"BftProcessorExecutor-QBFT-0","class":"QbftBesuControllerBuilder","message":"Imported #75 / 0 tx / 0 pending / 0 (0.0%) gas / (0x19be9091515a5b0a046db7678d0e45e25fe92acd6a3cb731d4441cce540db4bf)","throwable":""}
{"timestamp":"2025-01-24T14:31:42,072","container":"4ab876e2b050","level":"INFO","thread":"BftProcessorExecutor-QBFT-0","class":"QbftBesuControllerBuilder","message":"Produced #76 / 0 tx / 0 pending / 0 (0.0%) gas / (0x04e52bce7166850b0eedc130cc3c3b4f3083fe9e5a8f45318bf8d570299418b7)","throwable":""}
{"timestamp":"2025-01-24T14:31:47,061","container":"4ab876e2b050","level":"INFO","thread":"BftProcessorExecutor-QBFT-0","class":"QbftBesuControllerBuilder","message":"Imported #77 / 0 tx / 0 pending / 0 (0.0%) gas / (0x3be87e31b22182aef7b450094df217c41b840ea15f1870379d0dac80adfaa3c6)","throwable":""}
{"timestamp":"2025-01-24T14:31:52,033","container":"4ab876e2b050","level":"INFO","thread":"BftProcessorExecutor-QBFT-0","class":"QbftBesuControllerBuilder","message":"Imported #78 / 0 tx / 0 pending / 0 (0.0%) gas / (0x56e9b3223858c8238b498dd8d7d44ba1e36587af3eaa261b165b6f0e2225613e)","throwable":""}
{"timestamp":"2025-01-24T14:31:57,026","container":"4ab876e2b050","level":"INFO","thread":"BftProcessorExecutor-QBFT-0","class":"QbftBesuControllerBuilder","message":"Imported #79 / 0 tx / 0 pending / 0 (0.0%) gas / (0xd3082c3b349e2c22bde8ad7e49ccb2e3e8ac6a2f41477271aaddf081b46fd259)","throwable":""}
{"timestamp":"2025-01-24T14:32:02,035","container":"4ab876e2b050","level":"INFO","thread":"BftProcessorExecutor-QBFT-0","class":"QbftBesuControllerBuilder","message":"Produced #80 / 0 tx / 0 pending / 0 (0.0%) gas / (0xc87f47e896dcbe315ed1fe3f6f3b84aa510653df8d34a0a8db12e5420885d7f3)","throwable":""}
{"timestamp":"2025-01-24T14:32:07,026","container":"4ab876e2b050","level":"INFO","thread":"BftProcessorExecutor-QBFT-0","class":"QbftBesuControllerBuilder","message":"Imported #81 / 0 tx / 0 pending / 0 (0.0%) gas / (0xbb8f4e1c29d74cb3187a1f86c21503fcfb4989b88a64e97f8322f10cdd19282d)","throwable":""}
{"timestamp":"2025-01-24T14:32:12,048","container":"4ab876e2b050","level":"INFO","thread":"EthScheduler-Workers-0","class":"PersistBlockTask","message":"Imported #82 / 0 tx / 0 om / 0 (0.0%) gas / (0x0e6ebb8679ba5f8e151b237cc2573f7dcd6e12aa93a5f45bddb74128d4e62ad6) in 0.024s. Peers: 7","throwable":""}
{"timestamp":"2025-01-24T14:32:12,050","container":"4ab876e2b050","level":"INFO","thread":"BftProcessorExecutor-QBFT-0","class":"QbftBesuControllerBuilder","message":"Imported #82 / 0 tx / 0 pending / 0 (0.0%) gas / (0x0e6ebb8679ba5f8e151b237cc2573f7dcd6e12aa93a5f45bddb74128d4e62ad6)","throwable":""}
{"timestamp":"2025-01-24T14:32:17,031","container":"4ab876e2b050","level":"INFO","thread":"BftProcessorExecutor-QBFT-0","class":"QbftBesuControllerBuilder","message":"Imported #83 / 0 tx / 0 pending / 0 (0.0%) gas / (0xa70b70cb5fd6da8fb6d220d5b4e50d4e1b64e3382395c33604fd34165307d8f6)","throwable":""}
{"timestamp":"2025-01-24T14:32:22,033","container":"4ab876e2b050","level":"INFO","thread":"BftProcessorExecutor-QBFT-0","class":"QbftBesuControllerBuilder","message":"Produced #84 / 0 tx / 0 pending / 0 (0.0%) gas / (0x81502e1545e72b63b45992bf24bba05a0eb85e3aca1e7ee71e2628d09b7545a9)","throwable":""}
{"timestamp":"2025-01-24T14:32:27,037","container":"4ab876e2b050","level":"INFO","thread":"BftProcessorExecutor-QBFT-0","class":"QbftBesuControllerBuilder","message":"Imported #85 / 0 tx / 0 pending / 0 (0.0%) gas / (0x43680effa3ded443c7c335dd3f59ab89909ba3256cadb7c95a411795badbf152)","throwable":""}
{"timestamp":"2025-01-24T14:32:32,027","container":"4ab876e2b050","level":"INFO","thread":"BftProcessorExecutor-QBFT-0","class":"QbftBesuControllerBuilder","message":"Imported #86 / 0 tx / 0 pending / 0 (0.0%) gas / (0x361f99de5ae8ef91a2e0b2bebf167c3a6812be23a7ba1d19a96c5021bd13dd00)","throwable":""}
{"timestamp":"2025-01-24T14:32:37,032","container":"4ab876e2b050","level":"INFO","thread":"EthScheduler-Workers-0","class":"PersistBlockTask","message":"Block 87 (0x0a49750366ec369e447b1e179b5507a813b470ac6a925b484c22cd8fb383bb3f) is already imported","throwable":""}
{"timestamp":"2025-01-24T14:32:37,040","container":"4ab876e2b050","level":"INFO","thread":"BftProcessorExecutor-QBFT-0","class":"QbftBesuControllerBuilder","message":"Imported #87 / 0 tx / 0 pending / 0 (0.0%) gas / (0x0a49750366ec369e447b1e179b5507a813b470ac6a925b484c22cd8fb383bb3f)","throwable":""}
{"timestamp":"2025-01-24T14:32:42,025","container":"4ab876e2b050","level":"INFO","thread":"BftProcessorExecutor-QBFT-0","class":"QbftBesuControllerBuilder","message":"Produced #88 / 0 tx / 0 pending / 0 (0.0%) gas / (0x3712a5835f7ec1fc3d40ba1a06cd3ec02f514bd2866b9ac1eacf3a59c17fe587)","throwable":""}
{"timestamp":"2025-01-24T14:32:47,038","container":"4ab876e2b050","level":"INFO","thread":"BftProcessorExecutor-QBFT-0","class":"QbftBesuControllerBuilder","message":"Imported #89 / 0 tx / 0 pending / 0 (0.0%) gas / (0x76e5f209ef644e18bb4f0792aea977a317603a9589e9f0d28133eac1d4a6d2c7)","throwable":""}
{"timestamp":"2025-01-24T14:32:52,029","container":"4ab876e2b050","level":"INFO","thread":"EthScheduler-Workers-0","class":"PersistBlockTask","message":"Imported #90 / 0 tx / 0 om / 0 (0.0%) gas / (0x0c18a8234ef17935467d97d5b2bd9a416a1e2175c7cf46a1fa1158c130e54256) in 0.006s. Peers: 7","throwable":""}
{"timestamp":"2025-01-24T14:32:57,048","container":"4ab876e2b050","level":"INFO","thread":"BftProcessorExecutor-QBFT-0","class":"QbftBesuControllerBuilder","message":"Imported #91 / 0 tx / 0 pending / 0 (0.0%) gas / (0x612300f0aa40233280974acf5d026ff032a4d9479fa47f4cbbe1a748ea747fd3)","throwable":""}
{"timestamp":"2025-01-24T14:33:02,043","container":"4ab876e2b050","level":"INFO","thread":"EthScheduler-Workers-0","class":"PersistBlockTask","message":"Block 92 (0xc9721c0740553af7ed4449d70857509375594f42a18e2a8949df6d8876d4f596) is already imported","throwable":""}
{"timestamp":"2025-01-24T14:33:02,046","container":"4ab876e2b050","level":"INFO","thread":"BftProcessorExecutor-QBFT-0","class":"QbftBesuControllerBuilder","message":"Produced #92 / 0 tx / 0 pending / 0 (0.0%) gas / (0xc9721c0740553af7ed4449d70857509375594f42a18e2a8949df6d8876d4f596)","throwable":""}
{"timestamp":"2025-01-24T14:33:07,041","container":"4ab876e2b050","level":"INFO","thread":"BftProcessorExecutor-QBFT-0","class":"QbftBesuControllerBuilder","message":"Imported #93 / 0 tx / 0 pending / 0 (0.0%) gas / (0xc7680a11aa73cc5ebd8771f9c4ab085aab002a03e0bbe40828ca7467fe8cb941)","throwable":""}
{"timestamp":"2025-01-24T14:33:07,046","container":"4ab876e2b050","level":"INFO","thread":"EthScheduler-Workers-0","class":"PersistBlockTask","message":"Block 93 (0xc7680a11aa73cc5ebd8771f9c4ab085aab002a03e0bbe40828ca7467fe8cb941) is already imported","throwable":""}
{"timestamp":"2025-01-24T14:33:12,043","container":"4ab876e2b050","level":"INFO","thread":"EthScheduler-Workers-0","class":"PersistBlockTask","message":"Imported #94 / 0 tx / 0 om / 0 (0.0%) gas / (0x962d04a37773692c89f8559ad72929aa2381f7778de94a70439434e8a01533a2) in 0.003s. Peers: 7","throwable":""}
{"timestamp":"2025-01-24T14:33:12,045","container":"4ab876e2b050","level":"INFO","thread":"BftProcessorExecutor-QBFT-0","class":"QbftBesuControllerBuilder","message":"Imported #94 / 0 tx / 0 pending / 0 (0.0%) gas / (0x962d04a37773692c89f8559ad72929aa2381f7778de94a70439434e8a01533a2)","throwable":""}
{"timestamp":"2025-01-24T14:33:17,041","container":"4ab876e2b050","level":"INFO","thread":"EthScheduler-Workers-0","class":"PersistBlockTask","message":"Imported #95 / 0 tx / 0 om / 0 (0.0%) gas / (0x5d7cce4c073143a08268adf79018745555820c329b4ae254193edaebb752dd4e) in 0.013s. Peers: 7","throwable":""}
{"timestamp":"2025-01-24T14:33:17,048","container":"4ab876e2b050","level":"INFO","thread":"BftProcessorExecutor-QBFT-0","class":"QbftBesuControllerBuilder","message":"Imported #95 / 0 tx / 0 pending / 0 (0.0%) gas / (0x5d7cce4c073143a08268adf79018745555820c329b4ae254193edaebb752dd4e)","throwable":""}
{"timestamp":"2025-01-24T14:33:22,041","container":"4ab876e2b050","level":"INFO","thread":"BftProcessorExecutor-QBFT-0","class":"QbftBesuControllerBuilder","message":"Produced #96 / 0 tx / 0 pending / 0 (0.0%) gas / (0x87052670d50b91f57a35b6af48c814d9788642979fccf22c0ecccf76151d9a21)","throwable":""}
{"timestamp":"2025-01-24T14:33:22,042","container":"4ab876e2b050","level":"INFO","thread":"EthScheduler-Workers-0","class":"PersistBlockTask","message":"Block 96 (0x87052670d50b91f57a35b6af48c814d9788642979fccf22c0ecccf76151d9a21) is already imported","throwable":""}
{"timestamp":"2025-01-24T14:33:27,041","container":"4ab876e2b050","level":"INFO","thread":"BftProcessorExecutor-QBFT-0","class":"QbftBesuControllerBuilder","message":"Imported #97 / 0 tx / 0 pending / 0 (0.0%) gas / (0xcb449a08e73d7f4ec6e6825f09cc76302399dc8764285c81dc22f320d9694121)","throwable":""}
{"timestamp":"2025-01-24T14:33:32,029","container":"4ab876e2b050","level":"INFO","thread":"EthScheduler-Workers-0","class":"PersistBlockTask","message":"Imported #98 / 0 tx / 0 om / 0 (0.0%) gas / (0x1b819006605e92f21bd3a20fdff15c8576bd79726b5424e14d8aeb0d0da75b74) in 0.007s. Peers: 7","throwable":""}
{"timestamp":"2025-01-24T14:33:37,039","container":"4ab876e2b050","level":"INFO","thread":"EthScheduler-Workers-0","class":"PersistBlockTask","message":"Imported #99 / 0 tx / 0 om / 0 (0.0%) gas / (0x53ae0d43443812c19486c3ce2922566d3924bf4f9fb1d2d751baca93bc0af579) in 0.003s. Peers: 7","throwable":""}
{"timestamp":"2025-01-24T14:33:37,045","container":"4ab876e2b050","level":"INFO","thread":"BftProcessorExecutor-QBFT-0","class":"QbftBesuControllerBuilder","message":"Imported #99 / 0 tx / 0 pending / 0 (0.0%) gas / (0x53ae0d43443812c19486c3ce2922566d3924bf4f9fb1d2d751baca93bc0af579)","throwable":""}
{"timestamp":"2025-01-24T14:33:42,061","container":"4ab876e2b050","level":"INFO","thread":"BftProcessorExecutor-QBFT-0","class":"QbftBesuControllerBuilder","message":"Produced #100 / 0 tx / 0 pending / 0 (0.0%) gas / (0x96b52791ba63a953a8dfb8ccd9936407694a4d02cd15bb68a7e6afe18415c290)","throwable":""}
{"timestamp":"2025-01-24T14:33:47,036","container":"4ab876e2b050","level":"INFO","thread":"EthScheduler-Workers-0","class":"PersistBlockTask","message":"Block 101 (0x8dc9c1db81f5be6ebdb7a94ec11d28c8c4d1ab3dc3572065522ec017cda6e226) is already imported","throwable":""}
{"timestamp":"2025-01-24T14:33:47,040","container":"4ab876e2b050","level":"INFO","thread":"BftProcessorExecutor-QBFT-0","class":"QbftBesuControllerBuilder","message":"Imported #101 / 0 tx / 0 pending / 0 (0.0%) gas / (0x8dc9c1db81f5be6ebdb7a94ec11d28c8c4d1ab3dc3572065522ec017cda6e226)","throwable":""}
{"timestamp":"2025-01-24T14:33:52,043","container":"4ab876e2b050","level":"INFO","thread":"BftProcessorExecutor-QBFT-0","class":"QbftBesuControllerBuilder","message":"Imported #102 / 0 tx / 0 pending / 0 (0.0%) gas / (0x5422e1bd8ecfea52f671b4339013a0b818cb5132fac1e05ed5836bc2d8f61a6a)","throwable":""}
{"timestamp":"2025-01-24T14:33:57,046","container":"4ab876e2b050","level":"INFO","thread":"EthScheduler-Workers-0","class":"PersistBlockTask","message":"Block 103 (0x6df331b91cab94f02a697d4224af40782e58ff22ced26581952ff52c3fc1604b) is already imported","throwable":""}
{"timestamp":"2025-01-24T14:33:57,048","container":"4ab876e2b050","level":"INFO","thread":"BftProcessorExecutor-QBFT-0","class":"QbftBesuControllerBuilder","message":"Imported #103 / 0 tx / 0 pending / 0 (0.0%) gas / (0x6df331b91cab94f02a697d4224af40782e58ff22ced26581952ff52c3fc1604b)","throwable":""}
{"timestamp":"2025-01-24T14:34:02,040","container":"4ab876e2b050","level":"INFO","thread":"BftProcessorExecutor-QBFT-0","class":"QbftBesuControllerBuilder","message":"Produced #104 / 0 tx / 0 pending / 0 (0.0%) gas / (0xb95174d62379a9ec9843d7882c9241d89259beba2e73d913c99aaa1605671011)","throwable":""}
{"timestamp":"2025-01-24T14:34:02,045","container":"4ab876e2b050","level":"INFO","thread":"EthScheduler-Workers-0","class":"PersistBlockTask","message":"Block 104 (0xb95174d62379a9ec9843d7882c9241d89259beba2e73d913c99aaa1605671011) is already imported","throwable":""}
{"timestamp":"2025-01-24T14:34:07,035","container":"4ab876e2b050","level":"INFO","thread":"EthScheduler-Workers-0","class":"PersistBlockTask","message":"Block 105 (0xc5bd322104df4acc5a330e7b889e37794ce08f147469814afcabeac3b71b9c52) is already imported","throwable":""}
{"timestamp":"2025-01-24T14:34:07,038","container":"4ab876e2b050","level":"INFO","thread":"BftProcessorExecutor-QBFT-0","class":"QbftBesuControllerBuilder","message":"Imported #105 / 0 tx / 0 pending / 0 (0.0%) gas / (0xc5bd322104df4acc5a330e7b889e37794ce08f147469814afcabeac3b71b9c52)","throwable":""}
{"timestamp":"2025-01-24T14:34:12,035","container":"4ab876e2b050","level":"INFO","thread":"EthScheduler-Workers-0","class":"PersistBlockTask","message":"Imported #106 / 0 tx / 0 om / 0 (0.0%) gas / (0x1bb6f5967cde0c1a96e77a5591a9e62531b1202b0a851fec282c19692c5f69b5) in 0.013s. Peers: 7","throwable":""}
{"timestamp":"2025-01-24T14:34:12,044","container":"4ab876e2b050","level":"INFO","thread":"BftProcessorExecutor-QBFT-0","class":"QbftBesuControllerBuilder","message":"Imported #106 / 0 tx / 0 pending / 0 (0.0%) gas / (0x1bb6f5967cde0c1a96e77a5591a9e62531b1202b0a851fec282c19692c5f69b5)","throwable":""}
{"timestamp":"2025-01-24T14:34:17,040","container":"4ab876e2b050","level":"INFO","thread":"EthScheduler-Workers-0","class":"PersistBlockTask","message":"Imported #107 / 0 tx / 0 om / 0 (0.0%) gas / (0xdf3f7ee5e0a4cfbb3f2a99e28b85e3fcfe9eb4a7ffc1310846a1408f409972c4) in 0.015s. Peers: 7","throwable":""}
{"timestamp":"2025-01-24T14:34:17,045","container":"4ab876e2b050","level":"INFO","thread":"BftProcessorExecutor-QBFT-0","class":"QbftBesuControllerBuilder","message":"Imported #107 / 0 tx / 0 pending / 0 (0.0%) gas / (0xdf3f7ee5e0a4cfbb3f2a99e28b85e3fcfe9eb4a7ffc1310846a1408f409972c4)","throwable":""}
{"timestamp":"2025-01-24T14:34:22,058","container":"4ab876e2b050","level":"INFO","thread":"EthScheduler-Workers-0","class":"PersistBlockTask","message":"Imported #108 / 0 tx / 0 om / 0 (0.0%) gas / (0x3265a81003c08a3a62e2d1ca2dea5311cffb9e12d0f4e17ed83e049d05aa506e) in 0.015s. Peers: 7","throwable":""}
{"timestamp":"2025-01-24T14:34:27,064","container":"4ab876e2b050","level":"INFO","thread":"EthScheduler-Workers-0","class":"PersistBlockTask","message":"Imported #109 / 0 tx / 0 om / 0 (0.0%) gas / (0xe91a54975f388240686de73a24f1fa53c044f489bebedadce2187ec9570a2f68) in 0.018s. Peers: 7","throwable":""}
{"timestamp":"2025-01-24T14:34:32,039","container":"4ab876e2b050","level":"INFO","thread":"EthScheduler-Workers-0","class":"PersistBlockTask","message":"Imported #110 / 0 tx / 0 om / 0 (0.0%) gas / (0xd782970c22d87364f3c583ebff40a352f8e537371126784f024a9d511d248dd8) in 0.009s. Peers: 7","throwable":""}
{"timestamp":"2025-01-24T14:34:37,036","container":"4ab876e2b050","level":"INFO","thread":"EthScheduler-Workers-0","class":"PersistBlockTask","message":"Imported #111 / 0 tx / 0 om / 0 (0.0%) gas / (0xa6fb87ce09da1b3b68c79551658b6890d39766e3f639b67993be4abf6a4af7de) in 0.008s. Peers: 7","throwable":""}
{"timestamp":"2025-01-24T14:34:37,040","container":"4ab876e2b050","level":"INFO","thread":"BftProcessorExecutor-QBFT-0","class":"QbftBesuControllerBuilder","message":"Imported #111 / 0 tx / 0 pending / 0 (0.0%) gas / (0xa6fb87ce09da1b3b68c79551658b6890d39766e3f639b67993be4abf6a4af7de)","throwable":""}
{"timestamp":"2025-01-24T14:34:42,055","container":"4ab876e2b050","level":"INFO","thread":"BftProcessorExecutor-QBFT-0","class":"QbftBesuControllerBuilder","message":"Produced #112 / 0 tx / 0 pending / 0 (0.0%) gas / (0x85b52d0607fdcb2be8616dee4d5433c5ce7dfec081bcae2fc5caa0b94c2c6ce6)","throwable":""}
{"timestamp":"2025-01-24T14:34:42,058","container":"4ab876e2b050","level":"INFO","thread":"EthScheduler-Workers-0","class":"PersistBlockTask","message":"Block 112 (0x85b52d0607fdcb2be8616dee4d5433c5ce7dfec081bcae2fc5caa0b94c2c6ce6) is already imported","throwable":""}
{"timestamp":"2025-01-24T14:34:47,035","container":"4ab876e2b050","level":"INFO","thread":"BftProcessorExecutor-QBFT-0","class":"QbftBesuControllerBuilder","message":"Imported #113 / 0 tx / 0 pending / 0 (0.0%) gas / (0x3038fe3c8cf8d17244454324f4f1f8245b3ac4ada1fb90def0eeff29181ea5c0)","throwable":""}
{"timestamp":"2025-01-24T14:34:52,038","container":"4ab876e2b050","level":"INFO","thread":"BftProcessorExecutor-QBFT-0","class":"QbftBesuControllerBuilder","message":"Imported #114 / 0 tx / 0 pending / 0 (0.0%) gas / (0xabc6b723993e329d4c67e689bd5d7b8bb3a7adbca12078b989e604531c2df52a)","throwable":""}
{"timestamp":"2025-01-24T14:34:57,026","container":"4ab876e2b050","level":"INFO","thread":"BftProcessorExecutor-QBFT-0","class":"QbftBesuControllerBuilder","message":"Imported #115 / 0 tx / 0 pending / 0 (0.0%) gas / (0x84f23154dcbf6d349931987484bf2cdde9e5d00f6eee65f01a4360c54f281324)","throwable":""}
{"timestamp":"2025-01-24T14:35:02,043","container":"4ab876e2b050","level":"INFO","thread":"BftProcessorExecutor-QBFT-0","class":"QbftBesuControllerBuilder","message":"Produced #116 / 0 tx / 0 pending / 0 (0.0%) gas / (0x26045f0db871e699b7df9e6dcb1a139d2278ec490465166c857f3bf4fdf8581c)","throwable":""}
{"timestamp":"2025-01-24T14:35:07,029","container":"4ab876e2b050","level":"INFO","thread":"EthScheduler-Workers-0","class":"PersistBlockTask","message":"Imported #117 / 0 tx / 0 om / 0 (0.0%) gas / (0xa8f5092cdf0c35a3de77654c59a8cd845d053df0079a02745cd4932ebd0d2a44) in 0.008s. Peers: 7","throwable":""}
{"timestamp":"2025-01-24T14:35:07,044","container":"4ab876e2b050","level":"INFO","thread":"BftProcessorExecutor-QBFT-0","class":"QbftBesuControllerBuilder","message":"Imported #117 / 0 tx / 0 pending / 0 (0.0%) gas / (0xa8f5092cdf0c35a3de77654c59a8cd845d053df0079a02745cd4932ebd0d2a44)","throwable":""}
{"timestamp":"2025-01-24T14:35:12,038","container":"4ab876e2b050","level":"INFO","thread":"BftProcessorExecutor-QBFT-0","class":"QbftBesuControllerBuilder","message":"Imported #118 / 0 tx / 0 pending / 0 (0.0%) gas / (0xd7b4599f0add7736a21a13f7fb56206c4a4a862627980de73e68c1ddee6b4439)","throwable":""}
{"timestamp":"2025-01-24T14:35:12,039","container":"4ab876e2b050","level":"INFO","thread":"EthScheduler-Workers-0","class":"PersistBlockTask","message":"Block 118 (0xd7b4599f0add7736a21a13f7fb56206c4a4a862627980de73e68c1ddee6b4439) is already imported","throwable":""}
{"timestamp":"2025-01-24T14:35:17,050","container":"4ab876e2b050","level":"INFO","thread":"EthScheduler-Workers-0","class":"PersistBlockTask","message":"Block 119 (0x81a544504818545925b01190501874e295fcd54f60099a188692bd2f44c72d9b) is already imported","throwable":""}
{"timestamp":"2025-01-24T14:35:17,056","container":"4ab876e2b050","level":"INFO","thread":"BftProcessorExecutor-QBFT-0","class":"QbftBesuControllerBuilder","message":"Imported #119 / 0 tx / 0 pending / 0 (0.0%) gas / (0x81a544504818545925b01190501874e295fcd54f60099a188692bd2f44c72d9b)","throwable":""}
{"timestamp":"2025-01-24T14:35:22,038","container":"4ab876e2b050","level":"INFO","thread":"EthScheduler-Workers-0","class":"PersistBlockTask","message":"Block 120 (0x5a6aa18e1389f675355df928f5d6cfb191c4ded5a6d52bdc874a56771914a537) is already imported","throwable":""}
{"timestamp":"2025-01-24T14:35:22,045","container":"4ab876e2b050","level":"INFO","thread":"BftProcessorExecutor-QBFT-0","class":"QbftBesuControllerBuilder","message":"Produced #120 / 0 tx / 0 pending / 0 (0.0%) gas / (0x5a6aa18e1389f675355df928f5d6cfb191c4ded5a6d52bdc874a56771914a537)","throwable":""}
{"timestamp":"2025-01-24T14:35:27,042","container":"4ab876e2b050","level":"INFO","thread":"EthScheduler-Workers-0","class":"PersistBlockTask","message":"Block 121 (0x63ac7ed65daecc4558cc9b5fc86c1fab6ef22b97a73061a14a6895f4e71becbd) is already imported","throwable":""}
{"timestamp":"2025-01-24T14:35:27,044","container":"4ab876e2b050","level":"INFO","thread":"BftProcessorExecutor-QBFT-0","class":"QbftBesuControllerBuilder","message":"Imported #121 / 0 tx / 0 pending / 0 (0.0%) gas / (0x63ac7ed65daecc4558cc9b5fc86c1fab6ef22b97a73061a14a6895f4e71becbd)","throwable":""}
{"timestamp":"2025-01-24T14:35:32,036","container":"4ab876e2b050","level":"INFO","thread":"EthScheduler-Workers-0","class":"PersistBlockTask","message":"Block 122 (0x18704a6978dbae0a61b0a727c0a16e5ffbf337788155d2e6585e785b14e13be5) is already imported","throwable":""}
{"timestamp":"2025-01-24T14:35:32,042","container":"4ab876e2b050","level":"INFO","thread":"BftProcessorExecutor-QBFT-0","class":"QbftBesuControllerBuilder","message":"Imported #122 / 0 tx / 0 pending / 0 (0.0%) gas / (0x18704a6978dbae0a61b0a727c0a16e5ffbf337788155d2e6585e785b14e13be5)","throwable":""}
{"timestamp":"2025-01-24T14:35:37,040","container":"4ab876e2b050","level":"INFO","thread":"BftProcessorExecutor-QBFT-0","class":"QbftBesuControllerBuilder","message":"Imported #123 / 0 tx / 0 pending / 0 (0.0%) gas / (0x28395cf739ca0f24c989d9642dbc9fd7e56cf6cc0935d6bd7390dc6783fa168e)","throwable":""}
{"timestamp":"2025-01-24T14:35:42,030","container":"4ab876e2b050","level":"INFO","thread":"BftProcessorExecutor-QBFT-0","class":"QbftBesuControllerBuilder","message":"Produced #124 / 0 tx / 0 pending / 0 (0.0%) gas / (0x1810c64e4a446022e66675a77c170221343039036f318b9e951c11ee920ee51c)","throwable":""}
{"timestamp":"2025-01-24T14:35:42,034","container":"4ab876e2b050","level":"INFO","thread":"EthScheduler-Workers-0","class":"PersistBlockTask","message":"Block 124 (0x1810c64e4a446022e66675a77c170221343039036f318b9e951c11ee920ee51c) is already imported","throwable":""}
{"timestamp":"2025-01-24T14:35:47,038","container":"4ab876e2b050","level":"INFO","thread":"BftProcessorExecutor-QBFT-0","class":"QbftBesuControllerBuilder","message":"Imported #125 / 0 tx / 0 pending / 0 (0.0%) gas / (0x1b8ba3008bb5b52cb9f66c36bfda1ea8966515406ed3928c8b2bb3526db11079)","throwable":""}
{"timestamp":"2025-01-24T14:35:52,037","container":"4ab876e2b050","level":"INFO","thread":"BftProcessorExecutor-QBFT-0","class":"QbftBesuControllerBuilder","message":"Imported #126 / 0 tx / 0 pending / 0 (0.0%) gas / (0x81636fa12fcd3ee041c26e72a87f39c75d975e61ceca7c23453897b3fcbe1df6)","throwable":""}
{"timestamp":"2025-01-24T14:35:57,046","container":"4ab876e2b050","level":"INFO","thread":"BftProcessorExecutor-QBFT-0","class":"QbftBesuControllerBuilder","message":"Imported #127 / 0 tx / 0 pending / 0 (0.0%) gas / (0x9caa41a23745c63df0fb015a1c917a884bc2ca177e088038b924c114d6715829)","throwable":""}
{"timestamp":"2025-01-24T14:36:02,048","container":"4ab876e2b050","level":"INFO","thread":"BftProcessorExecutor-QBFT-0","class":"QbftBesuControllerBuilder","message":"Produced #128 / 0 tx / 0 pending / 0 (0.0%) gas / (0x4df50e77f1c9b5ea770268d55031cd55d7709774b40eb90c9fe7a3d0b5013a27)","throwable":""}
{"timestamp":"2025-01-24T14:36:07,026","container":"4ab876e2b050","level":"INFO","thread":"BftProcessorExecutor-QBFT-0","class":"QbftBesuControllerBuilder","message":"Imported #129 / 0 tx / 0 pending / 0 (0.0%) gas / (0xe7427d2de3e24d5b2f039e06a58fd3aa78ae333f6587dd81a78a5d85541a703a)","throwable":""}
{"timestamp":"2025-01-24T14:36:12,063","container":"4ab876e2b050","level":"INFO","thread":"BftProcessorExecutor-QBFT-0","class":"QbftBesuControllerBuilder","message":"Imported #130 / 0 tx / 0 pending / 0 (0.0%) gas / (0xe229ac248ed4636138f3b71f3dc4add58af4b080624337605cbdbcce14c073d1)","throwable":""}
{"timestamp":"2025-01-24T14:36:21,003","container":"4ab876e2b050","level":"INFO","thread":"BftProcessorExecutor-QBFT-0","class":"BftProcessor","message":"Shutting down BFT event processor","throwable":""}
{"timestamp":"2025-01-24T14:36:21,014","container":"4ab876e2b050","level":"INFO","thread":"BesuCommand-Shutdown-Hook","class":"DefaultSynchronizer","message":"Stopping synchronizer","throwable":""}
{"timestamp":"2025-01-24T14:36:21,031","container":"4ab876e2b050","level":"INFO","thread":"BesuCommand-Shutdown-Hook","class":"NetworkRunner","message":"Stopping Network.","throwable":""}
{"timestamp":"2025-01-24T14:36:21,064","container":"4ab876e2b050","level":"INFO","thread":"BesuCommand-Shutdown-Hook","class":"EthProtocolManager","message":"Stopping eth Subprotocol.","throwable":""}
{"timestamp":"2025-01-24T14:36:21,084","container":"4ab876e2b050","level":"INFO","thread":"BesuCommand-Shutdown-Hook","class":"EthProtocolManager","message":"eth Subprotocol stopped.","throwable":""}
{"timestamp":"2025-01-24T14:36:21,086","container":"4ab876e2b050","level":"INFO","thread":"BesuCommand-Shutdown-Hook","class":"NetworkRunner","message":"Network stopped.","throwable":""}
{"timestamp":"2025-01-24T14:36:21,089","container":"4ab876e2b050","level":"INFO","thread":"BesuCommand-Shutdown-Hook","class":"AutoTransactionLogBloomCachingService","message":"Shutting down Auto transaction logs caching service.","throwable":""}
{"timestamp":"2025-01-24T14:36:21,102","container":"4ab876e2b050","level":"INFO","thread":"BesuCommand-Shutdown-Hook","class":"DockerNatManager","message":"Stopping docker NAT manager.","throwable":""}
